

================================================================
== Vivado HLS Report for 'calculateLayer3'
================================================================
* Date:           Sat Jan  1 17:20:16 2022

* Version:        2019.1 (Build 2552052 on Fri May 24 15:28:33 MDT 2019)
* Project:        hlsed_neurons
* Solution:       solution1
* Product family: zynq
* Target device:  xc7z020-clg484-1


================================================================
== Performance Estimates
================================================================
+ Timing (ns): 
    * Summary: 
    +--------+-------+----------+------------+
    |  Clock | Target| Estimated| Uncertainty|
    +--------+-------+----------+------------+
    |ap_clk  |  10.00|     9.514|        1.25|
    +--------+-------+----------+------------+

+ Latency (clock cycles): 
    * Summary: 
    +---------+---------+---------+---------+---------+
    |      Latency      |      Interval     | Pipeline|
    |   min   |   max   |   min   |   max   |   Type  |
    +---------+---------+---------+---------+---------+
    |  1195651|  1288151|  1195651|  1288151|   none  |
    +---------+---------+---------+---------+---------+

    + Detail: 
        * Instance: 
        N/A

        * Loop: 
        +-------------------------+---------+---------+---------------+-----------+-----------+------+----------+
        |                         |      Latency      |   Iteration   |  Initiation Interval  | Trip |          |
        |        Loop Name        |   min   |   max   |    Latency    |  achieved |   target  | Count| Pipelined|
        +-------------------------+---------+---------+---------------+-----------+-----------+------+----------+
        |- Loop 1                 |  1195650|  1288150| 23913 ~ 25763 |          -|          -|    50|    no    |
        | + Loop 1.1              |    23910|    25760|  4782 ~ 5152  |          -|          -|     5|    no    |
        |  ++ Loop 1.1.1          |     4780|     5150|   956 ~ 1030  |          -|          -|     5|    no    |
        |   +++ Loop 1.1.1.1      |      935|      935|            187|          -|          -|     5|    no    |
        |    ++++ Loop 1.1.1.1.1  |      185|      185|             37|          -|          -|     5|    no    |
        +-------------------------+---------+---------+---------------+-----------+-----------+------+----------+

============================================================
+ Verbose Summary: Synthesis Manager
============================================================
InlineROM: 1
ExposeGlobal: 0
============================================================
+ Verbose Summary: CDFG Model
============================================================
IsTopModel: 0
ResetActiveHigh: 1
IsCombinational: 0
IsDatapathOnly: 0
HasWiredReturn: 1
HasMFsm: 0
HasVarLatency: 1
IsPipeline: 0
IsRtlPipelined: 0
IsInstanceOverlapped: 0
IsDontTouch: 0
HasImplIP: 0
IsGatedGlobalClock: 0


============================================================
+ Verbose Summary: Schedule
============================================================
* Number of FSM states : 61
* Pipeline : 0
* Dataflow Pipeline: 0

* FSM state transitions: 
1 --> 2 
2 --> 3 
3 --> 4 
4 --> 5 2 
5 --> 6 4 
6 --> 44 7 
7 --> 8 6 
8 --> 9 
9 --> 10 
10 --> 11 
11 --> 12 
12 --> 13 
13 --> 14 
14 --> 15 
15 --> 16 
16 --> 17 
17 --> 18 
18 --> 19 
19 --> 20 
20 --> 21 
21 --> 22 
22 --> 23 
23 --> 24 
24 --> 25 
25 --> 26 
26 --> 27 
27 --> 28 
28 --> 29 
29 --> 30 
30 --> 31 
31 --> 32 
32 --> 33 
33 --> 34 
34 --> 35 
35 --> 36 
36 --> 37 
37 --> 38 
38 --> 39 
39 --> 40 
40 --> 41 
41 --> 42 
42 --> 43 
43 --> 7 
44 --> 45 
45 --> 46 
46 --> 47 
47 --> 48 
48 --> 49 
49 --> 50 
50 --> 51 
51 --> 52 
52 --> 53 
53 --> 54 
54 --> 55 
55 --> 56 
56 --> 57 
57 --> 58 
58 --> 59 
59 --> 60 
60 --> 61 
61 --> 5 

* FSM state operations: 

State 1 <SV = 0> <Delay = 1.76>
ST_1 : Operation 62 [1/1] (1.76ns)   --->   "br label %.loopexit3" [hlsed_neurons/solution1/.tcls/345.c:20]   --->   Operation 62 'br' <Predicate = true> <Delay = 1.76>

State 2 <SV = 1> <Delay = 3.25>
ST_2 : Operation 63 [1/1] (0.00ns)   --->   "%i_0 = phi i6 [ 0, %0 ], [ %i, %.loopexit3.loopexit ]"   --->   Operation 63 'phi' 'i_0' <Predicate = true> <Delay = 0.00>
ST_2 : Operation 64 [1/1] (0.00ns)   --->   "%phi_mul = phi i13 [ 0, %0 ], [ %add_ln35_4, %.loopexit3.loopexit ]" [hlsed_neurons/solution1/.tcls/345.c:35]   --->   Operation 64 'phi' 'phi_mul' <Predicate = true> <Delay = 0.00>
ST_2 : Operation 65 [1/1] (0.00ns)   --->   "%phi_mul1 = phi i11 [ 0, %0 ], [ %add_ln35_3, %.loopexit3.loopexit ]" [hlsed_neurons/solution1/.tcls/345.c:35]   --->   Operation 65 'phi' 'phi_mul1' <Predicate = true> <Delay = 0.00>
ST_2 : Operation 66 [1/1] (1.63ns)   --->   "%add_ln35_3 = add i11 %phi_mul1, 25" [hlsed_neurons/solution1/.tcls/345.c:35]   --->   Operation 66 'add' 'add_ln35_3' <Predicate = true> <Delay = 1.63> <Core = "AddSub">   --->   Core 14 'AddSub' <Latency = 0> <II = 1> <Delay = 1.67> <FuncUnit> <Opcode : 'add' 'sub'> <InPorts = 2> <OutPorts = 1>
ST_2 : Operation 67 [1/1] (1.67ns)   --->   "%add_ln35_4 = add i13 %phi_mul, 156" [hlsed_neurons/solution1/.tcls/345.c:35]   --->   Operation 67 'add' 'add_ln35_4' <Predicate = true> <Delay = 1.67> <Core = "AddSub">   --->   Core 14 'AddSub' <Latency = 0> <II = 1> <Delay = 1.67> <FuncUnit> <Opcode : 'add' 'sub'> <InPorts = 2> <OutPorts = 1>
ST_2 : Operation 68 [1/1] (1.42ns)   --->   "%icmp_ln20 = icmp eq i6 %i_0, -14" [hlsed_neurons/solution1/.tcls/345.c:20]   --->   Operation 68 'icmp' 'icmp_ln20' <Predicate = true> <Delay = 1.42> <Core = "Cmp">   --->   Core 25 'Cmp' <Latency = 0> <II = 1> <Delay = 1.13> <FuncUnit> <Opcode : 'icmp'> <InPorts = 2> <OutPorts = 1>
ST_2 : Operation 69 [1/1] (0.00ns)   --->   "%empty = call i32 (...)* @_ssdm_op_SpecLoopTripCount(i64 50, i64 50, i64 50)"   --->   Operation 69 'speclooptripcount' 'empty' <Predicate = true> <Delay = 0.00>
ST_2 : Operation 70 [1/1] (1.82ns)   --->   "%i = add i6 %i_0, 1" [hlsed_neurons/solution1/.tcls/345.c:20]   --->   Operation 70 'add' 'i' <Predicate = true> <Delay = 1.82> <Core = "AddSub">   --->   Core 14 'AddSub' <Latency = 0> <II = 1> <Delay = 1.67> <FuncUnit> <Opcode : 'add' 'sub'> <InPorts = 2> <OutPorts = 1>
ST_2 : Operation 71 [1/1] (0.00ns)   --->   "br i1 %icmp_ln20, label %4, label %.preheader2.preheader" [hlsed_neurons/solution1/.tcls/345.c:20]   --->   Operation 71 'br' <Predicate = true> <Delay = 0.00>
ST_2 : Operation 72 [1/1] (0.00ns)   --->   "%zext_ln23 = zext i13 %phi_mul to i64" [hlsed_neurons/solution1/.tcls/345.c:23]   --->   Operation 72 'zext' 'zext_ln23' <Predicate = (!icmp_ln20)> <Delay = 0.00>
ST_2 : Operation 73 [1/1] (0.00ns)   --->   "%Layer2_Weights_CPU_a = getelementptr inbounds [7800 x half]* @Layer2_Weights_CPU, i64 0, i64 %zext_ln23" [hlsed_neurons/solution1/.tcls/345.c:23]   --->   Operation 73 'getelementptr' 'Layer2_Weights_CPU_a' <Predicate = (!icmp_ln20)> <Delay = 0.00>
ST_2 : Operation 74 [2/2] (3.25ns)   --->   "%somme = load half* %Layer2_Weights_CPU_a, align 8" [hlsed_neurons/solution1/.tcls/345.c:23]   --->   Operation 74 'load' 'somme' <Predicate = (!icmp_ln20)> <Delay = 3.25> <Core = "ROM_nP">   --->   Core 52 'ROM_nP' <Latency = 1> <II = 1> <Delay = 3.25> <Storage> <Opcode : 'load'> <Ports = 0> <Width = 16> <Depth = 7800> <ROM>
ST_2 : Operation 75 [1/1] (0.00ns)   --->   "ret void" [hlsed_neurons/solution1/.tcls/345.c:37]   --->   Operation 75 'ret' <Predicate = (icmp_ln20)> <Delay = 0.00>

State 3 <SV = 2> <Delay = 3.25>
ST_3 : Operation 76 [1/1] (0.00ns)   --->   "%or_ln28 = or i13 %phi_mul, 1" [hlsed_neurons/solution1/.tcls/345.c:28]   --->   Operation 76 'or' 'or_ln28' <Predicate = true> <Delay = 0.00>
ST_3 : Operation 77 [1/1] (0.00ns)   --->   "%zext_ln28_2 = zext i13 %or_ln28 to i32" [hlsed_neurons/solution1/.tcls/345.c:28]   --->   Operation 77 'zext' 'zext_ln28_2' <Predicate = true> <Delay = 0.00>
ST_3 : Operation 78 [1/1] (0.00ns)   --->   "%zext_ln28_3 = zext i13 %or_ln28 to i15" [hlsed_neurons/solution1/.tcls/345.c:28]   --->   Operation 78 'zext' 'zext_ln28_3' <Predicate = true> <Delay = 0.00>
ST_3 : Operation 79 [1/1] (0.00ns)   --->   "%or_ln30 = or i13 %phi_mul, 3" [hlsed_neurons/solution1/.tcls/345.c:30]   --->   Operation 79 'or' 'or_ln30' <Predicate = true> <Delay = 0.00>
ST_3 : Operation 80 [1/1] (0.00ns)   --->   "%zext_ln30_2 = zext i13 %or_ln30 to i15" [hlsed_neurons/solution1/.tcls/345.c:30]   --->   Operation 80 'zext' 'zext_ln30_2' <Predicate = true> <Delay = 0.00>
ST_3 : Operation 81 [1/2] (3.25ns)   --->   "%somme = load half* %Layer2_Weights_CPU_a, align 8" [hlsed_neurons/solution1/.tcls/345.c:23]   --->   Operation 81 'load' 'somme' <Predicate = true> <Delay = 3.25> <Core = "ROM_nP">   --->   Core 52 'ROM_nP' <Latency = 1> <II = 1> <Delay = 3.25> <Storage> <Opcode : 'load'> <Ports = 0> <Width = 16> <Depth = 7800> <ROM>
ST_3 : Operation 82 [1/1] (1.76ns)   --->   "br label %.preheader2" [hlsed_neurons/solution1/.tcls/345.c:21]   --->   Operation 82 'br' <Predicate = true> <Delay = 1.76>

State 4 <SV = 3> <Delay = 1.78>
ST_4 : Operation 83 [1/1] (0.00ns)   --->   "%j_0 = phi i3 [ 0, %.preheader2.preheader ], [ %j, %.preheader2.loopexit ]"   --->   Operation 83 'phi' 'j_0' <Predicate = true> <Delay = 0.00>
ST_4 : Operation 84 [1/1] (0.00ns)   --->   "%zext_ln21 = zext i3 %j_0 to i5" [hlsed_neurons/solution1/.tcls/345.c:21]   --->   Operation 84 'zext' 'zext_ln21' <Predicate = true> <Delay = 0.00>
ST_4 : Operation 85 [1/1] (1.13ns)   --->   "%icmp_ln21 = icmp eq i3 %j_0, -3" [hlsed_neurons/solution1/.tcls/345.c:21]   --->   Operation 85 'icmp' 'icmp_ln21' <Predicate = true> <Delay = 1.13> <Core = "Cmp">   --->   Core 25 'Cmp' <Latency = 0> <II = 1> <Delay = 1.13> <FuncUnit> <Opcode : 'icmp'> <InPorts = 2> <OutPorts = 1>
ST_4 : Operation 86 [1/1] (0.00ns)   --->   "%empty_34 = call i32 (...)* @_ssdm_op_SpecLoopTripCount(i64 5, i64 5, i64 5)"   --->   Operation 86 'speclooptripcount' 'empty_34' <Predicate = true> <Delay = 0.00>
ST_4 : Operation 87 [1/1] (1.65ns)   --->   "%j = add i3 %j_0, 1" [hlsed_neurons/solution1/.tcls/345.c:21]   --->   Operation 87 'add' 'j' <Predicate = true> <Delay = 1.65> <Core = "AddSub">   --->   Core 14 'AddSub' <Latency = 0> <II = 1> <Delay = 1.67> <FuncUnit> <Opcode : 'add' 'sub'> <InPorts = 2> <OutPorts = 1>
ST_4 : Operation 88 [1/1] (0.00ns)   --->   "br i1 %icmp_ln21, label %.loopexit3.loopexit, label %.preheader1.preheader" [hlsed_neurons/solution1/.tcls/345.c:21]   --->   Operation 88 'br' <Predicate = true> <Delay = 0.00>
ST_4 : Operation 89 [1/1] (0.00ns)   --->   "%shl_ln28_1 = call i4 @_ssdm_op_BitConcatenate.i4.i3.i1(i3 %j_0, i1 false)" [hlsed_neurons/solution1/.tcls/345.c:28]   --->   Operation 89 'bitconcatenate' 'shl_ln28_1' <Predicate = (!icmp_ln21)> <Delay = 0.00>
ST_4 : Operation 90 [1/1] (0.00ns)   --->   "%shl_ln = call i5 @_ssdm_op_BitConcatenate.i5.i3.i2(i3 %j_0, i2 0)" [hlsed_neurons/solution1/.tcls/345.c:35]   --->   Operation 90 'bitconcatenate' 'shl_ln' <Predicate = (!icmp_ln21)> <Delay = 0.00>
ST_4 : Operation 91 [1/1] (1.78ns)   --->   "%add_ln35 = add i5 %zext_ln21, %shl_ln" [hlsed_neurons/solution1/.tcls/345.c:35]   --->   Operation 91 'add' 'add_ln35' <Predicate = (!icmp_ln21)> <Delay = 1.78> <Core = "AddSub">   --->   Core 14 'AddSub' <Latency = 0> <II = 1> <Delay = 1.67> <FuncUnit> <Opcode : 'add' 'sub'> <InPorts = 2> <OutPorts = 1>
ST_4 : Operation 92 [1/1] (0.00ns)   --->   "%zext_ln35_1 = zext i5 %add_ln35 to i11" [hlsed_neurons/solution1/.tcls/345.c:35]   --->   Operation 92 'zext' 'zext_ln35_1' <Predicate = (!icmp_ln21)> <Delay = 0.00>
ST_4 : Operation 93 [1/1] (1.76ns)   --->   "br label %.preheader1" [hlsed_neurons/solution1/.tcls/345.c:22]   --->   Operation 93 'br' <Predicate = (!icmp_ln21)> <Delay = 1.76>
ST_4 : Operation 94 [1/1] (0.00ns)   --->   "br label %.loopexit3"   --->   Operation 94 'br' <Predicate = (icmp_ln21)> <Delay = 0.00>

State 5 <SV = 4> <Delay = 1.76>
ST_5 : Operation 95 [1/1] (0.00ns)   --->   "%k_0 = phi i3 [ %k, %3 ], [ 0, %.preheader1.preheader ]"   --->   Operation 95 'phi' 'k_0' <Predicate = true> <Delay = 0.00>
ST_5 : Operation 96 [1/1] (0.00ns)   --->   "%zext_ln22 = zext i3 %k_0 to i11" [hlsed_neurons/solution1/.tcls/345.c:22]   --->   Operation 96 'zext' 'zext_ln22' <Predicate = true> <Delay = 0.00>
ST_5 : Operation 97 [1/1] (1.13ns)   --->   "%icmp_ln22 = icmp eq i3 %k_0, -3" [hlsed_neurons/solution1/.tcls/345.c:22]   --->   Operation 97 'icmp' 'icmp_ln22' <Predicate = true> <Delay = 1.13> <Core = "Cmp">   --->   Core 25 'Cmp' <Latency = 0> <II = 1> <Delay = 1.13> <FuncUnit> <Opcode : 'icmp'> <InPorts = 2> <OutPorts = 1>
ST_5 : Operation 98 [1/1] (0.00ns)   --->   "%empty_35 = call i32 (...)* @_ssdm_op_SpecLoopTripCount(i64 5, i64 5, i64 5)"   --->   Operation 98 'speclooptripcount' 'empty_35' <Predicate = true> <Delay = 0.00>
ST_5 : Operation 99 [1/1] (1.65ns)   --->   "%k = add i3 %k_0, 1" [hlsed_neurons/solution1/.tcls/345.c:22]   --->   Operation 99 'add' 'k' <Predicate = true> <Delay = 1.65> <Core = "AddSub">   --->   Core 14 'AddSub' <Latency = 0> <II = 1> <Delay = 1.67> <FuncUnit> <Opcode : 'add' 'sub'> <InPorts = 2> <OutPorts = 1>
ST_5 : Operation 100 [1/1] (0.00ns)   --->   "br i1 %icmp_ln22, label %.preheader2.loopexit, label %1" [hlsed_neurons/solution1/.tcls/345.c:22]   --->   Operation 100 'br' <Predicate = true> <Delay = 0.00>
ST_5 : Operation 101 [1/1] (0.00ns)   --->   "%shl_ln1 = call i4 @_ssdm_op_BitConcatenate.i4.i3.i1(i3 %k_0, i1 false)" [hlsed_neurons/solution1/.tcls/345.c:28]   --->   Operation 101 'bitconcatenate' 'shl_ln1' <Predicate = (!icmp_ln22)> <Delay = 0.00>
ST_5 : Operation 102 [1/1] (0.00ns)   --->   "%zext_ln28_4 = zext i4 %shl_ln1 to i8" [hlsed_neurons/solution1/.tcls/345.c:28]   --->   Operation 102 'zext' 'zext_ln28_4' <Predicate = (!icmp_ln22)> <Delay = 0.00>
ST_5 : Operation 103 [1/1] (1.76ns)   --->   "br label %.loopexit" [hlsed_neurons/solution1/.tcls/345.c:25]   --->   Operation 103 'br' <Predicate = (!icmp_ln22)> <Delay = 1.76>
ST_5 : Operation 104 [1/1] (0.00ns)   --->   "br label %.preheader2"   --->   Operation 104 'br' <Predicate = (icmp_ln22)> <Delay = 0.00>

State 6 <SV = 5> <Delay = 7.14>
ST_6 : Operation 105 [1/1] (0.00ns)   --->   "%somme_0 = phi half [ %somme, %1 ], [ %somme_1, %.loopexit.loopexit ]"   --->   Operation 105 'phi' 'somme_0' <Predicate = true> <Delay = 0.00>
ST_6 : Operation 106 [1/1] (0.00ns)   --->   "%m_0 = phi i3 [ 0, %1 ], [ %m, %.loopexit.loopexit ]"   --->   Operation 106 'phi' 'm_0' <Predicate = true> <Delay = 0.00>
ST_6 : Operation 107 [1/1] (0.00ns)   --->   "%zext_ln25 = zext i3 %m_0 to i4" [hlsed_neurons/solution1/.tcls/345.c:25]   --->   Operation 107 'zext' 'zext_ln25' <Predicate = true> <Delay = 0.00>
ST_6 : Operation 108 [1/1] (1.13ns)   --->   "%icmp_ln25 = icmp eq i3 %m_0, -3" [hlsed_neurons/solution1/.tcls/345.c:25]   --->   Operation 108 'icmp' 'icmp_ln25' <Predicate = true> <Delay = 1.13> <Core = "Cmp">   --->   Core 25 'Cmp' <Latency = 0> <II = 1> <Delay = 1.13> <FuncUnit> <Opcode : 'icmp'> <InPorts = 2> <OutPorts = 1>
ST_6 : Operation 109 [1/1] (0.00ns)   --->   "%empty_36 = call i32 (...)* @_ssdm_op_SpecLoopTripCount(i64 5, i64 5, i64 5)"   --->   Operation 109 'speclooptripcount' 'empty_36' <Predicate = true> <Delay = 0.00>
ST_6 : Operation 110 [1/1] (1.65ns)   --->   "%m = add i3 %m_0, 1" [hlsed_neurons/solution1/.tcls/345.c:25]   --->   Operation 110 'add' 'm' <Predicate = true> <Delay = 1.65> <Core = "AddSub">   --->   Core 14 'AddSub' <Latency = 0> <II = 1> <Delay = 1.67> <FuncUnit> <Opcode : 'add' 'sub'> <InPorts = 2> <OutPorts = 1>
ST_6 : Operation 111 [1/1] (0.00ns)   --->   "br i1 %icmp_ln25, label %3, label %.preheader.preheader" [hlsed_neurons/solution1/.tcls/345.c:25]   --->   Operation 111 'br' <Predicate = true> <Delay = 0.00>
ST_6 : Operation 112 [1/1] (0.00ns)   --->   "%shl_ln28_2 = call i5 @_ssdm_op_BitConcatenate.i5.i3.i2(i3 %m_0, i2 0)" [hlsed_neurons/solution1/.tcls/345.c:28]   --->   Operation 112 'bitconcatenate' 'shl_ln28_2' <Predicate = (!icmp_ln25)> <Delay = 0.00>
ST_6 : Operation 113 [1/1] (1.73ns)   --->   "%add_ln28 = add i4 %zext_ln25, %shl_ln28_1" [hlsed_neurons/solution1/.tcls/345.c:28]   --->   Operation 113 'add' 'add_ln28' <Predicate = (!icmp_ln25)> <Delay = 1.73> <Core = "AddSub">   --->   Core 14 'AddSub' <Latency = 0> <II = 1> <Delay = 1.67> <FuncUnit> <Opcode : 'add' 'sub'> <InPorts = 2> <OutPorts = 1>
ST_6 : Operation 114 [1/1] (0.00ns)   --->   "%zext_ln28_5 = zext i4 %add_ln28 to i8" [hlsed_neurons/solution1/.tcls/345.c:28]   --->   Operation 114 'zext' 'zext_ln28_5' <Predicate = (!icmp_ln25)> <Delay = 0.00>
ST_6 : Operation 115 [1/1] (3.49ns)   --->   "%mul_ln28 = mul i8 %zext_ln28_5, 13" [hlsed_neurons/solution1/.tcls/345.c:28]   --->   Operation 115 'mul' 'mul_ln28' <Predicate = (!icmp_ln25)> <Delay = 3.49> <Core = "Mul">   --->   Core 16 'Mul' <Latency = 0> <II = 1> <Delay = 3.49> <FuncUnit> <Opcode : 'mul'> <InPorts = 2> <OutPorts = 1>
ST_6 : Operation 116 [1/1] (1.91ns)   --->   "%add_ln29_1 = add i8 %mul_ln28, %zext_ln28_4" [hlsed_neurons/solution1/.tcls/345.c:29]   --->   Operation 116 'add' 'add_ln29_1' <Predicate = (!icmp_ln25)> <Delay = 1.91> <Core = "AddSub">   --->   Core 14 'AddSub' <Latency = 0> <II = 1> <Delay = 1.67> <FuncUnit> <Opcode : 'add' 'sub'> <InPorts = 2> <OutPorts = 1>
ST_6 : Operation 117 [1/1] (0.00ns)   --->   "%zext_ln29_2 = zext i8 %add_ln29_1 to i9" [hlsed_neurons/solution1/.tcls/345.c:29]   --->   Operation 117 'zext' 'zext_ln29_2' <Predicate = (!icmp_ln25)> <Delay = 0.00>
ST_6 : Operation 118 [1/1] (0.00ns)   --->   "%zext_ln31_2 = zext i8 %add_ln29_1 to i10" [hlsed_neurons/solution1/.tcls/345.c:31]   --->   Operation 118 'zext' 'zext_ln31_2' <Predicate = (!icmp_ln25)> <Delay = 0.00>
ST_6 : Operation 119 [1/1] (1.76ns)   --->   "br label %.preheader" [hlsed_neurons/solution1/.tcls/345.c:26]   --->   Operation 119 'br' <Predicate = (!icmp_ln25)> <Delay = 1.76>
ST_6 : Operation 120 [2/2] (3.43ns)   --->   "%tmp = fpext half %somme_0 to double" [hlsed_neurons/solution1/.tcls/345.c:35]   --->   Operation 120 'hptodp' 'tmp' <Predicate = (icmp_ln25)> <Delay = 3.43> <Core = "Half2Double">   --->   Core 96 'Half2Double' <Latency = 1> <II = 1> <Delay = 3.43> <FuncUnit> <Opcode : 'hptodp'> <InPorts = 1> <OutPorts = 1>
ST_6 : Operation 121 [1/1] (0.00ns) (grouped into TernaryAdder)   --->   "%add_ln35_2 = add i11 %phi_mul1, %zext_ln22" [hlsed_neurons/solution1/.tcls/345.c:35]   --->   Operation 121 'add' 'add_ln35_2' <Predicate = (icmp_ln25)> <Delay = 0.00> <Core = "TAddSub">   --->   Core 83 'TAddSub' <Latency = 0> <II = 1> <Delay = 1.87> <IPBlock> <Opcode : 'add' 'sub'> <InPorts = 3> <OutPorts = 1> <Sync> <CReg>
ST_6 : Operation 122 [1/1] (3.75ns) (root node of TernaryAdder)   --->   "%add_ln35_1 = add i11 %add_ln35_2, %zext_ln35_1" [hlsed_neurons/solution1/.tcls/345.c:35]   --->   Operation 122 'add' 'add_ln35_1' <Predicate = (icmp_ln25)> <Delay = 3.75> <Core = "TAddSub">   --->   Core 83 'TAddSub' <Latency = 0> <II = 1> <Delay = 1.87> <IPBlock> <Opcode : 'add' 'sub'> <InPorts = 3> <OutPorts = 1> <Sync> <CReg>

State 7 <SV = 6> <Delay = 3.72>
ST_7 : Operation 123 [1/1] (0.00ns)   --->   "%somme_1 = phi half [ %somme_9, %2 ], [ %somme_0, %.preheader.preheader ]"   --->   Operation 123 'phi' 'somme_1' <Predicate = true> <Delay = 0.00>
ST_7 : Operation 124 [1/1] (0.00ns)   --->   "%n_0 = phi i3 [ %n, %2 ], [ 0, %.preheader.preheader ]"   --->   Operation 124 'phi' 'n_0' <Predicate = true> <Delay = 0.00>
ST_7 : Operation 125 [1/1] (0.00ns)   --->   "%zext_ln26 = zext i3 %n_0 to i10" [hlsed_neurons/solution1/.tcls/345.c:26]   --->   Operation 125 'zext' 'zext_ln26' <Predicate = true> <Delay = 0.00>
ST_7 : Operation 126 [1/1] (0.00ns)   --->   "%zext_ln26_1 = zext i3 %n_0 to i9" [hlsed_neurons/solution1/.tcls/345.c:26]   --->   Operation 126 'zext' 'zext_ln26_1' <Predicate = true> <Delay = 0.00>
ST_7 : Operation 127 [1/1] (0.00ns)   --->   "%zext_ln26_2 = zext i3 %n_0 to i4" [hlsed_neurons/solution1/.tcls/345.c:26]   --->   Operation 127 'zext' 'zext_ln26_2' <Predicate = true> <Delay = 0.00>
ST_7 : Operation 128 [1/1] (0.00ns)   --->   "%zext_ln26_3 = zext i3 %n_0 to i8" [hlsed_neurons/solution1/.tcls/345.c:26]   --->   Operation 128 'zext' 'zext_ln26_3' <Predicate = true> <Delay = 0.00>
ST_7 : Operation 129 [1/1] (1.13ns)   --->   "%icmp_ln26 = icmp eq i3 %n_0, -3" [hlsed_neurons/solution1/.tcls/345.c:26]   --->   Operation 129 'icmp' 'icmp_ln26' <Predicate = true> <Delay = 1.13> <Core = "Cmp">   --->   Core 25 'Cmp' <Latency = 0> <II = 1> <Delay = 1.13> <FuncUnit> <Opcode : 'icmp'> <InPorts = 2> <OutPorts = 1>
ST_7 : Operation 130 [1/1] (0.00ns)   --->   "%empty_37 = call i32 (...)* @_ssdm_op_SpecLoopTripCount(i64 5, i64 5, i64 5)"   --->   Operation 130 'speclooptripcount' 'empty_37' <Predicate = true> <Delay = 0.00>
ST_7 : Operation 131 [1/1] (1.65ns)   --->   "%n = add i3 %n_0, 1" [hlsed_neurons/solution1/.tcls/345.c:26]   --->   Operation 131 'add' 'n' <Predicate = true> <Delay = 1.65> <Core = "AddSub">   --->   Core 14 'AddSub' <Latency = 0> <II = 1> <Delay = 1.67> <FuncUnit> <Opcode : 'add' 'sub'> <InPorts = 2> <OutPorts = 1>
ST_7 : Operation 132 [1/1] (0.00ns)   --->   "br i1 %icmp_ln26, label %.loopexit.loopexit, label %2" [hlsed_neurons/solution1/.tcls/345.c:26]   --->   Operation 132 'br' <Predicate = true> <Delay = 0.00>
ST_7 : Operation 133 [1/1] (1.65ns)   --->   "%add_ln28_3 = add i4 %zext_ln26_2, %zext_ln25" [hlsed_neurons/solution1/.tcls/345.c:28]   --->   Operation 133 'add' 'add_ln28_3' <Predicate = (!icmp_ln26)> <Delay = 1.65> <Core = "AddSub">   --->   Core 14 'AddSub' <Latency = 0> <II = 1> <Delay = 1.67> <FuncUnit> <Opcode : 'add' 'sub'> <InPorts = 2> <OutPorts = 1>
ST_7 : Operation 134 [1/1] (0.00ns)   --->   "%zext_ln28_6 = zext i4 %add_ln28_3 to i5" [hlsed_neurons/solution1/.tcls/345.c:28]   --->   Operation 134 'zext' 'zext_ln28_6' <Predicate = (!icmp_ln26)> <Delay = 0.00>
ST_7 : Operation 135 [1/1] (1.78ns)   --->   "%add_ln28_1 = add i5 %shl_ln28_2, %zext_ln28_6" [hlsed_neurons/solution1/.tcls/345.c:28]   --->   Operation 135 'add' 'add_ln28_1' <Predicate = (!icmp_ln26)> <Delay = 1.78> <Core = "AddSub">   --->   Core 14 'AddSub' <Latency = 0> <II = 1> <Delay = 1.67> <FuncUnit> <Opcode : 'add' 'sub'> <InPorts = 2> <OutPorts = 1>
ST_7 : Operation 136 [1/1] (0.00ns) (grouped into TernaryAdder)   --->   "%add_ln28_5 = add i8 %zext_ln26_3, %mul_ln28" [hlsed_neurons/solution1/.tcls/345.c:28]   --->   Operation 136 'add' 'add_ln28_5' <Predicate = (!icmp_ln26)> <Delay = 0.00> <Core = "TAddSub">   --->   Core 83 'TAddSub' <Latency = 0> <II = 1> <Delay = 1.87> <IPBlock> <Opcode : 'add' 'sub'> <InPorts = 3> <OutPorts = 1> <Sync> <CReg>
ST_7 : Operation 137 [1/1] (3.66ns) (root node of TernaryAdder)   --->   "%add_ln28_4 = add i8 %zext_ln28_4, %add_ln28_5" [hlsed_neurons/solution1/.tcls/345.c:28]   --->   Operation 137 'add' 'add_ln28_4' <Predicate = (!icmp_ln26)> <Delay = 3.66> <Core = "TAddSub">   --->   Core 83 'TAddSub' <Latency = 0> <II = 1> <Delay = 1.87> <IPBlock> <Opcode : 'add' 'sub'> <InPorts = 3> <OutPorts = 1> <Sync> <CReg>
ST_7 : Operation 138 [1/1] (1.73ns)   --->   "%add_ln31_2 = add i4 %zext_ln26_2, -5" [hlsed_neurons/solution1/.tcls/345.c:31]   --->   Operation 138 'add' 'add_ln31_2' <Predicate = (!icmp_ln26)> <Delay = 1.73> <Core = "AddSub">   --->   Core 14 'AddSub' <Latency = 0> <II = 1> <Delay = 1.67> <FuncUnit> <Opcode : 'add' 'sub'> <InPorts = 2> <OutPorts = 1>
ST_7 : Operation 139 [1/1] (0.00ns)   --->   "%sext_ln31_2 = sext i4 %add_ln31_2 to i9" [hlsed_neurons/solution1/.tcls/345.c:31]   --->   Operation 139 'sext' 'sext_ln31_2' <Predicate = (!icmp_ln26)> <Delay = 0.00>
ST_7 : Operation 140 [1/1] (0.00ns)   --->   "%zext_ln31_3 = zext i9 %sext_ln31_2 to i10" [hlsed_neurons/solution1/.tcls/345.c:31]   --->   Operation 140 'zext' 'zext_ln31_3' <Predicate = (!icmp_ln26)> <Delay = 0.00>
ST_7 : Operation 141 [1/1] (1.82ns)   --->   "%add_ln31_3 = add i10 %zext_ln31_2, %zext_ln31_3" [hlsed_neurons/solution1/.tcls/345.c:31]   --->   Operation 141 'add' 'add_ln31_3' <Predicate = (!icmp_ln26)> <Delay = 1.82> <Core = "AddSub">   --->   Core 14 'AddSub' <Latency = 0> <II = 1> <Delay = 1.67> <FuncUnit> <Opcode : 'add' 'sub'> <InPorts = 2> <OutPorts = 1>
ST_7 : Operation 142 [1/1] (0.00ns) (grouped into TernaryAdder)   --->   "%add_ln32_2 = add i10 %zext_ln26, -348" [hlsed_neurons/solution1/.tcls/345.c:32]   --->   Operation 142 'add' 'add_ln32_2' <Predicate = (!icmp_ln26)> <Delay = 0.00> <Core = "TAddSub">   --->   Core 83 'TAddSub' <Latency = 0> <II = 1> <Delay = 1.87> <IPBlock> <Opcode : 'add' 'sub'> <InPorts = 3> <OutPorts = 1> <Sync> <CReg>
ST_7 : Operation 143 [1/1] (3.72ns) (root node of TernaryAdder)   --->   "%add_ln32_3 = add i10 %zext_ln31_2, %add_ln32_2" [hlsed_neurons/solution1/.tcls/345.c:32]   --->   Operation 143 'add' 'add_ln32_3' <Predicate = (!icmp_ln26)> <Delay = 3.72> <Core = "TAddSub">   --->   Core 83 'TAddSub' <Latency = 0> <II = 1> <Delay = 1.87> <IPBlock> <Opcode : 'add' 'sub'> <InPorts = 3> <OutPorts = 1> <Sync> <CReg>
ST_7 : Operation 144 [1/1] (0.00ns)   --->   "br label %.loopexit"   --->   Operation 144 'br' <Predicate = (icmp_ln26)> <Delay = 0.00>

State 8 <SV = 7> <Delay = 7.72>
ST_8 : Operation 145 [1/1] (0.00ns)   --->   "%shl_ln28_3 = call i8 @_ssdm_op_BitConcatenate.i8.i5.i3(i5 %add_ln28_1, i3 0)" [hlsed_neurons/solution1/.tcls/345.c:28]   --->   Operation 145 'bitconcatenate' 'shl_ln28_3' <Predicate = true> <Delay = 0.00>
ST_8 : Operation 146 [1/1] (0.00ns)   --->   "%zext_ln28_7 = zext i8 %shl_ln28_3 to i9" [hlsed_neurons/solution1/.tcls/345.c:28]   --->   Operation 146 'zext' 'zext_ln28_7' <Predicate = true> <Delay = 0.00>
ST_8 : Operation 147 [1/1] (0.00ns)   --->   "%shl_ln28_4 = call i6 @_ssdm_op_BitConcatenate.i6.i5.i1(i5 %add_ln28_1, i1 false)" [hlsed_neurons/solution1/.tcls/345.c:28]   --->   Operation 147 'bitconcatenate' 'shl_ln28_4' <Predicate = true> <Delay = 0.00>
ST_8 : Operation 148 [1/1] (0.00ns)   --->   "%zext_ln28_8 = zext i6 %shl_ln28_4 to i9" [hlsed_neurons/solution1/.tcls/345.c:28]   --->   Operation 148 'zext' 'zext_ln28_8' <Predicate = true> <Delay = 0.00>
ST_8 : Operation 149 [1/1] (1.91ns)   --->   "%sub_ln28 = sub i9 %zext_ln28_7, %zext_ln28_8" [hlsed_neurons/solution1/.tcls/345.c:28]   --->   Operation 149 'sub' 'sub_ln28' <Predicate = true> <Delay = 1.91> <Core = "AddSub">   --->   Core 14 'AddSub' <Latency = 0> <II = 1> <Delay = 1.67> <FuncUnit> <Opcode : 'add' 'sub'> <InPorts = 2> <OutPorts = 1>
ST_8 : Operation 150 [1/1] (0.00ns) (grouped into LUT with out node add_ln29)   --->   "%sext_ln28 = sext i9 %sub_ln28 to i32" [hlsed_neurons/solution1/.tcls/345.c:28]   --->   Operation 150 'sext' 'sext_ln28' <Predicate = true> <Delay = 0.00>
ST_8 : Operation 151 [1/1] (0.00ns)   --->   "%sext_ln28_1 = sext i9 %sub_ln28 to i15" [hlsed_neurons/solution1/.tcls/345.c:28]   --->   Operation 151 'sext' 'sext_ln28_1' <Predicate = true> <Delay = 0.00>
ST_8 : Operation 152 [1/1] (1.67ns)   --->   "%add_ln28_2 = add i15 %sext_ln28_1, %zext_ln28_3" [hlsed_neurons/solution1/.tcls/345.c:28]   --->   Operation 152 'add' 'add_ln28_2' <Predicate = true> <Delay = 1.67> <Core = "AddSub">   --->   Core 14 'AddSub' <Latency = 0> <II = 1> <Delay = 1.67> <FuncUnit> <Opcode : 'add' 'sub'> <InPorts = 2> <OutPorts = 1>
ST_8 : Operation 153 [1/1] (0.00ns)   --->   "%sext_ln28_2 = sext i15 %add_ln28_2 to i32" [hlsed_neurons/solution1/.tcls/345.c:28]   --->   Operation 153 'sext' 'sext_ln28_2' <Predicate = true> <Delay = 0.00>
ST_8 : Operation 154 [1/1] (0.00ns)   --->   "%zext_ln28 = zext i32 %sext_ln28_2 to i64" [hlsed_neurons/solution1/.tcls/345.c:28]   --->   Operation 154 'zext' 'zext_ln28' <Predicate = true> <Delay = 0.00>
ST_8 : Operation 155 [1/1] (0.00ns)   --->   "%Layer2_Weights_CPU_a_1 = getelementptr inbounds [7800 x half]* @Layer2_Weights_CPU, i64 0, i64 %zext_ln28" [hlsed_neurons/solution1/.tcls/345.c:28]   --->   Operation 155 'getelementptr' 'Layer2_Weights_CPU_a_1' <Predicate = true> <Delay = 0.00>
ST_8 : Operation 156 [2/2] (3.25ns)   --->   "%Layer2_Weights_CPU_l = load half* %Layer2_Weights_CPU_a_1, align 2" [hlsed_neurons/solution1/.tcls/345.c:28]   --->   Operation 156 'load' 'Layer2_Weights_CPU_l' <Predicate = true> <Delay = 3.25> <Core = "ROM_nP">   --->   Core 52 'ROM_nP' <Latency = 1> <II = 1> <Delay = 3.25> <Storage> <Opcode : 'load'> <Ports = 0> <Width = 16> <Depth = 7800> <ROM>
ST_8 : Operation 157 [1/1] (0.00ns)   --->   "%zext_ln28_1 = zext i8 %add_ln28_4 to i64" [hlsed_neurons/solution1/.tcls/345.c:28]   --->   Operation 157 'zext' 'zext_ln28_1' <Predicate = true> <Delay = 0.00>
ST_8 : Operation 158 [1/1] (0.00ns)   --->   "%Layer2_Neurons_CPU_a = getelementptr [1014 x half]* %Layer2_Neurons_CPU, i64 0, i64 %zext_ln28_1" [hlsed_neurons/solution1/.tcls/345.c:28]   --->   Operation 158 'getelementptr' 'Layer2_Neurons_CPU_a' <Predicate = true> <Delay = 0.00>
ST_8 : Operation 159 [2/2] (3.25ns)   --->   "%Layer2_Neurons_CPU_l = load half* %Layer2_Neurons_CPU_a, align 2" [hlsed_neurons/solution1/.tcls/345.c:28]   --->   Operation 159 'load' 'Layer2_Neurons_CPU_l' <Predicate = true> <Delay = 3.25> <Core = "RAM">   --->   Core 37 'RAM' <Latency = 1> <II = 1> <Delay = 3.25> <Storage> <Opcode : 'load' 'store'> <Ports = 2> <Width = 16> <Depth = 1250> <RAM>
ST_8 : Operation 160 [1/1] (0.00ns) (grouped into LUT with out node add_ln29)   --->   "%or_ln29 = or i32 %sext_ln28, 1" [hlsed_neurons/solution1/.tcls/345.c:29]   --->   Operation 160 'or' 'or_ln29' <Predicate = true> <Delay = 0.00>
ST_8 : Operation 161 [1/1] (2.55ns) (out node of the LUT)   --->   "%add_ln29 = add i32 %zext_ln28_2, %or_ln29" [hlsed_neurons/solution1/.tcls/345.c:29]   --->   Operation 161 'add' 'add_ln29' <Predicate = true> <Delay = 2.55> <Core = "AddSub">   --->   Core 14 'AddSub' <Latency = 0> <II = 1> <Delay = 1.67> <FuncUnit> <Opcode : 'add' 'sub'> <InPorts = 2> <OutPorts = 1>
ST_8 : Operation 162 [1/1] (0.00ns)   --->   "%zext_ln29 = zext i32 %add_ln29 to i64" [hlsed_neurons/solution1/.tcls/345.c:29]   --->   Operation 162 'zext' 'zext_ln29' <Predicate = true> <Delay = 0.00>
ST_8 : Operation 163 [1/1] (0.00ns)   --->   "%Layer2_Weights_CPU_a_2 = getelementptr inbounds [7800 x half]* @Layer2_Weights_CPU, i64 0, i64 %zext_ln29" [hlsed_neurons/solution1/.tcls/345.c:29]   --->   Operation 163 'getelementptr' 'Layer2_Weights_CPU_a_2' <Predicate = true> <Delay = 0.00>
ST_8 : Operation 164 [2/2] (3.25ns)   --->   "%Layer2_Weights_CPU_l_1 = load half* %Layer2_Weights_CPU_a_2, align 2" [hlsed_neurons/solution1/.tcls/345.c:29]   --->   Operation 164 'load' 'Layer2_Weights_CPU_l_1' <Predicate = true> <Delay = 3.25> <Core = "ROM_nP">   --->   Core 52 'ROM_nP' <Latency = 1> <II = 1> <Delay = 3.25> <Storage> <Opcode : 'load'> <Ports = 0> <Width = 16> <Depth = 7800> <ROM>
ST_8 : Operation 165 [1/1] (1.91ns)   --->   "%add_ln29_2 = add i8 %zext_ln26_3, -87" [hlsed_neurons/solution1/.tcls/345.c:29]   --->   Operation 165 'add' 'add_ln29_2' <Predicate = true> <Delay = 1.91> <Core = "AddSub">   --->   Core 14 'AddSub' <Latency = 0> <II = 1> <Delay = 1.67> <FuncUnit> <Opcode : 'add' 'sub'> <InPorts = 2> <OutPorts = 1>
ST_8 : Operation 166 [1/1] (0.00ns)   --->   "%zext_ln29_3 = zext i8 %add_ln29_2 to i9" [hlsed_neurons/solution1/.tcls/345.c:29]   --->   Operation 166 'zext' 'zext_ln29_3' <Predicate = true> <Delay = 0.00>
ST_8 : Operation 167 [1/1] (1.91ns)   --->   "%add_ln29_3 = add i9 %zext_ln29_2, %zext_ln29_3" [hlsed_neurons/solution1/.tcls/345.c:29]   --->   Operation 167 'add' 'add_ln29_3' <Predicate = true> <Delay = 1.91> <Core = "AddSub">   --->   Core 14 'AddSub' <Latency = 0> <II = 1> <Delay = 1.67> <FuncUnit> <Opcode : 'add' 'sub'> <InPorts = 2> <OutPorts = 1>
ST_8 : Operation 168 [1/1] (0.00ns)   --->   "%zext_ln29_1 = zext i9 %add_ln29_3 to i64" [hlsed_neurons/solution1/.tcls/345.c:29]   --->   Operation 168 'zext' 'zext_ln29_1' <Predicate = true> <Delay = 0.00>
ST_8 : Operation 169 [1/1] (0.00ns)   --->   "%Layer2_Neurons_CPU_a_1 = getelementptr [1014 x half]* %Layer2_Neurons_CPU, i64 0, i64 %zext_ln29_1" [hlsed_neurons/solution1/.tcls/345.c:29]   --->   Operation 169 'getelementptr' 'Layer2_Neurons_CPU_a_1' <Predicate = true> <Delay = 0.00>
ST_8 : Operation 170 [2/2] (3.25ns)   --->   "%Layer2_Neurons_CPU_l_1 = load half* %Layer2_Neurons_CPU_a_1, align 2" [hlsed_neurons/solution1/.tcls/345.c:29]   --->   Operation 170 'load' 'Layer2_Neurons_CPU_l_1' <Predicate = true> <Delay = 3.25> <Core = "RAM">   --->   Core 37 'RAM' <Latency = 1> <II = 1> <Delay = 3.25> <Storage> <Opcode : 'load' 'store'> <Ports = 2> <Width = 16> <Depth = 1250> <RAM>
ST_8 : Operation 171 [1/1] (1.67ns)   --->   "%add_ln30 = add i15 %sext_ln28_1, %zext_ln30_2" [hlsed_neurons/solution1/.tcls/345.c:30]   --->   Operation 171 'add' 'add_ln30' <Predicate = true> <Delay = 1.67> <Core = "AddSub">   --->   Core 14 'AddSub' <Latency = 0> <II = 1> <Delay = 1.67> <FuncUnit> <Opcode : 'add' 'sub'> <InPorts = 2> <OutPorts = 1>

State 9 <SV = 8> <Delay = 6.95>
ST_9 : Operation 172 [1/2] (3.25ns)   --->   "%Layer2_Weights_CPU_l = load half* %Layer2_Weights_CPU_a_1, align 2" [hlsed_neurons/solution1/.tcls/345.c:28]   --->   Operation 172 'load' 'Layer2_Weights_CPU_l' <Predicate = true> <Delay = 3.25> <Core = "ROM_nP">   --->   Core 52 'ROM_nP' <Latency = 1> <II = 1> <Delay = 3.25> <Storage> <Opcode : 'load'> <Ports = 0> <Width = 16> <Depth = 7800> <ROM>
ST_9 : Operation 173 [1/2] (3.25ns)   --->   "%Layer2_Neurons_CPU_l = load half* %Layer2_Neurons_CPU_a, align 2" [hlsed_neurons/solution1/.tcls/345.c:28]   --->   Operation 173 'load' 'Layer2_Neurons_CPU_l' <Predicate = true> <Delay = 3.25> <Core = "RAM">   --->   Core 37 'RAM' <Latency = 1> <II = 1> <Delay = 3.25> <Storage> <Opcode : 'load' 'store'> <Ports = 2> <Width = 16> <Depth = 1250> <RAM>
ST_9 : Operation 174 [1/2] (3.25ns)   --->   "%Layer2_Weights_CPU_l_1 = load half* %Layer2_Weights_CPU_a_2, align 2" [hlsed_neurons/solution1/.tcls/345.c:29]   --->   Operation 174 'load' 'Layer2_Weights_CPU_l_1' <Predicate = true> <Delay = 3.25> <Core = "ROM_nP">   --->   Core 52 'ROM_nP' <Latency = 1> <II = 1> <Delay = 3.25> <Storage> <Opcode : 'load'> <Ports = 0> <Width = 16> <Depth = 7800> <ROM>
ST_9 : Operation 175 [1/2] (3.25ns)   --->   "%Layer2_Neurons_CPU_l_1 = load half* %Layer2_Neurons_CPU_a_1, align 2" [hlsed_neurons/solution1/.tcls/345.c:29]   --->   Operation 175 'load' 'Layer2_Neurons_CPU_l_1' <Predicate = true> <Delay = 3.25> <Core = "RAM">   --->   Core 37 'RAM' <Latency = 1> <II = 1> <Delay = 3.25> <Storage> <Opcode : 'load' 'store'> <Ports = 2> <Width = 16> <Depth = 1250> <RAM>
ST_9 : Operation 176 [1/1] (0.00ns)   --->   "%sext_ln30 = sext i15 %add_ln30 to i32" [hlsed_neurons/solution1/.tcls/345.c:30]   --->   Operation 176 'sext' 'sext_ln30' <Predicate = true> <Delay = 0.00>
ST_9 : Operation 177 [1/1] (0.00ns)   --->   "%zext_ln30 = zext i32 %sext_ln30 to i64" [hlsed_neurons/solution1/.tcls/345.c:30]   --->   Operation 177 'zext' 'zext_ln30' <Predicate = true> <Delay = 0.00>
ST_9 : Operation 178 [1/1] (0.00ns)   --->   "%Layer2_Weights_CPU_a_3 = getelementptr inbounds [7800 x half]* @Layer2_Weights_CPU, i64 0, i64 %zext_ln30" [hlsed_neurons/solution1/.tcls/345.c:30]   --->   Operation 178 'getelementptr' 'Layer2_Weights_CPU_a_3' <Predicate = true> <Delay = 0.00>
ST_9 : Operation 179 [2/2] (3.25ns)   --->   "%Layer2_Weights_CPU_l_2 = load half* %Layer2_Weights_CPU_a_3, align 2" [hlsed_neurons/solution1/.tcls/345.c:30]   --->   Operation 179 'load' 'Layer2_Weights_CPU_l_2' <Predicate = true> <Delay = 3.25> <Core = "ROM_nP">   --->   Core 52 'ROM_nP' <Latency = 1> <II = 1> <Delay = 3.25> <Storage> <Opcode : 'load'> <Ports = 0> <Width = 16> <Depth = 7800> <ROM>
ST_9 : Operation 180 [1/1] (0.00ns) (grouped into TernaryAdder)   --->   "%add_ln30_1 = add i9 %zext_ln26_1, -174" [hlsed_neurons/solution1/.tcls/345.c:30]   --->   Operation 180 'add' 'add_ln30_1' <Predicate = true> <Delay = 0.00> <Core = "TAddSub">   --->   Core 83 'TAddSub' <Latency = 0> <II = 1> <Delay = 1.87> <IPBlock> <Opcode : 'add' 'sub'> <InPorts = 3> <OutPorts = 1> <Sync> <CReg>
ST_9 : Operation 181 [1/1] (3.69ns) (root node of TernaryAdder)   --->   "%add_ln30_2 = add i9 %zext_ln29_2, %add_ln30_1" [hlsed_neurons/solution1/.tcls/345.c:30]   --->   Operation 181 'add' 'add_ln30_2' <Predicate = true> <Delay = 3.69> <Core = "TAddSub">   --->   Core 83 'TAddSub' <Latency = 0> <II = 1> <Delay = 1.87> <IPBlock> <Opcode : 'add' 'sub'> <InPorts = 3> <OutPorts = 1> <Sync> <CReg>
ST_9 : Operation 182 [1/1] (0.00ns)   --->   "%zext_ln30_1 = zext i9 %add_ln30_2 to i64" [hlsed_neurons/solution1/.tcls/345.c:30]   --->   Operation 182 'zext' 'zext_ln30_1' <Predicate = true> <Delay = 0.00>
ST_9 : Operation 183 [1/1] (0.00ns)   --->   "%Layer2_Neurons_CPU_a_2 = getelementptr [1014 x half]* %Layer2_Neurons_CPU, i64 0, i64 %zext_ln30_1" [hlsed_neurons/solution1/.tcls/345.c:30]   --->   Operation 183 'getelementptr' 'Layer2_Neurons_CPU_a_2' <Predicate = true> <Delay = 0.00>
ST_9 : Operation 184 [2/2] (3.25ns)   --->   "%Layer2_Neurons_CPU_l_2 = load half* %Layer2_Neurons_CPU_a_2, align 2" [hlsed_neurons/solution1/.tcls/345.c:30]   --->   Operation 184 'load' 'Layer2_Neurons_CPU_l_2' <Predicate = true> <Delay = 3.25> <Core = "RAM">   --->   Core 37 'RAM' <Latency = 1> <II = 1> <Delay = 3.25> <Storage> <Opcode : 'load' 'store'> <Ports = 2> <Width = 16> <Depth = 1250> <RAM>
ST_9 : Operation 185 [1/1] (0.00ns)   --->   "%zext_ln31_1 = zext i10 %add_ln31_3 to i64" [hlsed_neurons/solution1/.tcls/345.c:31]   --->   Operation 185 'zext' 'zext_ln31_1' <Predicate = true> <Delay = 0.00>
ST_9 : Operation 186 [1/1] (0.00ns)   --->   "%Layer2_Neurons_CPU_a_3 = getelementptr [1014 x half]* %Layer2_Neurons_CPU, i64 0, i64 %zext_ln31_1" [hlsed_neurons/solution1/.tcls/345.c:31]   --->   Operation 186 'getelementptr' 'Layer2_Neurons_CPU_a_3' <Predicate = true> <Delay = 0.00>
ST_9 : Operation 187 [2/2] (3.25ns)   --->   "%Layer2_Neurons_CPU_l_3 = load half* %Layer2_Neurons_CPU_a_3, align 2" [hlsed_neurons/solution1/.tcls/345.c:31]   --->   Operation 187 'load' 'Layer2_Neurons_CPU_l_3' <Predicate = true> <Delay = 3.25> <Core = "RAM">   --->   Core 37 'RAM' <Latency = 1> <II = 1> <Delay = 3.25> <Storage> <Opcode : 'load' 'store'> <Ports = 2> <Width = 16> <Depth = 1250> <RAM>
ST_9 : Operation 188 [1/1] (0.00ns) (grouped into TernaryAdder)   --->   "%add_ln33_2 = add i9 %zext_ln26_1, -179" [hlsed_neurons/solution1/.tcls/345.c:33]   --->   Operation 188 'add' 'add_ln33_2' <Predicate = true> <Delay = 0.00> <Core = "TAddSub">   --->   Core 83 'TAddSub' <Latency = 0> <II = 1> <Delay = 1.87> <IPBlock> <Opcode : 'add' 'sub'> <InPorts = 3> <OutPorts = 1> <Sync> <CReg>
ST_9 : Operation 189 [1/1] (3.69ns) (root node of TernaryAdder)   --->   "%add_ln33_3 = add i9 %zext_ln29_2, %add_ln33_2" [hlsed_neurons/solution1/.tcls/345.c:33]   --->   Operation 189 'add' 'add_ln33_3' <Predicate = true> <Delay = 3.69> <Core = "TAddSub">   --->   Core 83 'TAddSub' <Latency = 0> <II = 1> <Delay = 1.87> <IPBlock> <Opcode : 'add' 'sub'> <InPorts = 3> <OutPorts = 1> <Sync> <CReg>

State 10 <SV = 9> <Delay = 6.86>
ST_10 : Operation 190 [4/4] (6.86ns)   --->   "%tmp_1 = fmul half %Layer2_Weights_CPU_l, %Layer2_Neurons_CPU_l" [hlsed_neurons/solution1/.tcls/345.c:28]   --->   Operation 190 'hmul' 'tmp_1' <Predicate = true> <Delay = 6.86> <Core = "HMul">   --->   Core 91 'HMul' <Latency = 3> <II = 1> <Delay = 6.86> <FuncUnit> <Opcode : 'hmul'> <InPorts = 2> <OutPorts = 1>
ST_10 : Operation 191 [4/4] (6.86ns)   --->   "%tmp_2 = fmul half %Layer2_Weights_CPU_l_1, %Layer2_Neurons_CPU_l_1" [hlsed_neurons/solution1/.tcls/345.c:29]   --->   Operation 191 'hmul' 'tmp_2' <Predicate = true> <Delay = 6.86> <Core = "HMul">   --->   Core 91 'HMul' <Latency = 3> <II = 1> <Delay = 6.86> <FuncUnit> <Opcode : 'hmul'> <InPorts = 2> <OutPorts = 1>
ST_10 : Operation 192 [1/2] (3.25ns)   --->   "%Layer2_Weights_CPU_l_2 = load half* %Layer2_Weights_CPU_a_3, align 2" [hlsed_neurons/solution1/.tcls/345.c:30]   --->   Operation 192 'load' 'Layer2_Weights_CPU_l_2' <Predicate = true> <Delay = 3.25> <Core = "ROM_nP">   --->   Core 52 'ROM_nP' <Latency = 1> <II = 1> <Delay = 3.25> <Storage> <Opcode : 'load'> <Ports = 0> <Width = 16> <Depth = 7800> <ROM>
ST_10 : Operation 193 [1/2] (3.25ns)   --->   "%Layer2_Neurons_CPU_l_2 = load half* %Layer2_Neurons_CPU_a_2, align 2" [hlsed_neurons/solution1/.tcls/345.c:30]   --->   Operation 193 'load' 'Layer2_Neurons_CPU_l_2' <Predicate = true> <Delay = 3.25> <Core = "RAM">   --->   Core 37 'RAM' <Latency = 1> <II = 1> <Delay = 3.25> <Storage> <Opcode : 'load' 'store'> <Ports = 2> <Width = 16> <Depth = 1250> <RAM>
ST_10 : Operation 194 [1/1] (1.82ns)   --->   "%add_ln31 = add i9 %sub_ln28, 3" [hlsed_neurons/solution1/.tcls/345.c:31]   --->   Operation 194 'add' 'add_ln31' <Predicate = true> <Delay = 1.82> <Core = "AddSub">   --->   Core 14 'AddSub' <Latency = 0> <II = 1> <Delay = 1.67> <FuncUnit> <Opcode : 'add' 'sub'> <InPorts = 2> <OutPorts = 1>
ST_10 : Operation 195 [1/1] (0.00ns)   --->   "%sext_ln31 = sext i9 %add_ln31 to i15" [hlsed_neurons/solution1/.tcls/345.c:31]   --->   Operation 195 'sext' 'sext_ln31' <Predicate = true> <Delay = 0.00>
ST_10 : Operation 196 [1/1] (1.67ns)   --->   "%add_ln31_1 = add i15 %zext_ln28_3, %sext_ln31" [hlsed_neurons/solution1/.tcls/345.c:31]   --->   Operation 196 'add' 'add_ln31_1' <Predicate = true> <Delay = 1.67> <Core = "AddSub">   --->   Core 14 'AddSub' <Latency = 0> <II = 1> <Delay = 1.67> <FuncUnit> <Opcode : 'add' 'sub'> <InPorts = 2> <OutPorts = 1>
ST_10 : Operation 197 [1/1] (0.00ns)   --->   "%sext_ln31_1 = sext i15 %add_ln31_1 to i32" [hlsed_neurons/solution1/.tcls/345.c:31]   --->   Operation 197 'sext' 'sext_ln31_1' <Predicate = true> <Delay = 0.00>
ST_10 : Operation 198 [1/1] (0.00ns)   --->   "%zext_ln31 = zext i32 %sext_ln31_1 to i64" [hlsed_neurons/solution1/.tcls/345.c:31]   --->   Operation 198 'zext' 'zext_ln31' <Predicate = true> <Delay = 0.00>
ST_10 : Operation 199 [1/1] (0.00ns)   --->   "%Layer2_Weights_CPU_a_4 = getelementptr inbounds [7800 x half]* @Layer2_Weights_CPU, i64 0, i64 %zext_ln31" [hlsed_neurons/solution1/.tcls/345.c:31]   --->   Operation 199 'getelementptr' 'Layer2_Weights_CPU_a_4' <Predicate = true> <Delay = 0.00>
ST_10 : Operation 200 [2/2] (3.25ns)   --->   "%Layer2_Weights_CPU_l_3 = load half* %Layer2_Weights_CPU_a_4, align 2" [hlsed_neurons/solution1/.tcls/345.c:31]   --->   Operation 200 'load' 'Layer2_Weights_CPU_l_3' <Predicate = true> <Delay = 3.25> <Core = "ROM_nP">   --->   Core 52 'ROM_nP' <Latency = 1> <II = 1> <Delay = 3.25> <Storage> <Opcode : 'load'> <Ports = 0> <Width = 16> <Depth = 7800> <ROM>
ST_10 : Operation 201 [1/2] (3.25ns)   --->   "%Layer2_Neurons_CPU_l_3 = load half* %Layer2_Neurons_CPU_a_3, align 2" [hlsed_neurons/solution1/.tcls/345.c:31]   --->   Operation 201 'load' 'Layer2_Neurons_CPU_l_3' <Predicate = true> <Delay = 3.25> <Core = "RAM">   --->   Core 37 'RAM' <Latency = 1> <II = 1> <Delay = 3.25> <Storage> <Opcode : 'load' 'store'> <Ports = 2> <Width = 16> <Depth = 1250> <RAM>
ST_10 : Operation 202 [1/1] (1.82ns)   --->   "%add_ln32 = add i9 %sub_ln28, 4" [hlsed_neurons/solution1/.tcls/345.c:32]   --->   Operation 202 'add' 'add_ln32' <Predicate = true> <Delay = 1.82> <Core = "AddSub">   --->   Core 14 'AddSub' <Latency = 0> <II = 1> <Delay = 1.67> <FuncUnit> <Opcode : 'add' 'sub'> <InPorts = 2> <OutPorts = 1>
ST_10 : Operation 203 [1/1] (0.00ns)   --->   "%sext_ln32 = sext i9 %add_ln32 to i15" [hlsed_neurons/solution1/.tcls/345.c:32]   --->   Operation 203 'sext' 'sext_ln32' <Predicate = true> <Delay = 0.00>
ST_10 : Operation 204 [1/1] (1.67ns)   --->   "%add_ln32_1 = add i15 %zext_ln28_3, %sext_ln32" [hlsed_neurons/solution1/.tcls/345.c:32]   --->   Operation 204 'add' 'add_ln32_1' <Predicate = true> <Delay = 1.67> <Core = "AddSub">   --->   Core 14 'AddSub' <Latency = 0> <II = 1> <Delay = 1.67> <FuncUnit> <Opcode : 'add' 'sub'> <InPorts = 2> <OutPorts = 1>
ST_10 : Operation 205 [1/1] (0.00ns)   --->   "%sext_ln32_1 = sext i15 %add_ln32_1 to i32" [hlsed_neurons/solution1/.tcls/345.c:32]   --->   Operation 205 'sext' 'sext_ln32_1' <Predicate = true> <Delay = 0.00>
ST_10 : Operation 206 [1/1] (0.00ns)   --->   "%zext_ln32 = zext i32 %sext_ln32_1 to i64" [hlsed_neurons/solution1/.tcls/345.c:32]   --->   Operation 206 'zext' 'zext_ln32' <Predicate = true> <Delay = 0.00>
ST_10 : Operation 207 [1/1] (0.00ns)   --->   "%Layer2_Weights_CPU_a_5 = getelementptr inbounds [7800 x half]* @Layer2_Weights_CPU, i64 0, i64 %zext_ln32" [hlsed_neurons/solution1/.tcls/345.c:32]   --->   Operation 207 'getelementptr' 'Layer2_Weights_CPU_a_5' <Predicate = true> <Delay = 0.00>
ST_10 : Operation 208 [2/2] (3.25ns)   --->   "%Layer2_Weights_CPU_l_4 = load half* %Layer2_Weights_CPU_a_5, align 2" [hlsed_neurons/solution1/.tcls/345.c:32]   --->   Operation 208 'load' 'Layer2_Weights_CPU_l_4' <Predicate = true> <Delay = 3.25> <Core = "ROM_nP">   --->   Core 52 'ROM_nP' <Latency = 1> <II = 1> <Delay = 3.25> <Storage> <Opcode : 'load'> <Ports = 0> <Width = 16> <Depth = 7800> <ROM>
ST_10 : Operation 209 [1/1] (0.00ns)   --->   "%zext_ln32_1 = zext i10 %add_ln32_3 to i64" [hlsed_neurons/solution1/.tcls/345.c:32]   --->   Operation 209 'zext' 'zext_ln32_1' <Predicate = true> <Delay = 0.00>
ST_10 : Operation 210 [1/1] (0.00ns)   --->   "%Layer2_Neurons_CPU_a_4 = getelementptr [1014 x half]* %Layer2_Neurons_CPU, i64 0, i64 %zext_ln32_1" [hlsed_neurons/solution1/.tcls/345.c:32]   --->   Operation 210 'getelementptr' 'Layer2_Neurons_CPU_a_4' <Predicate = true> <Delay = 0.00>
ST_10 : Operation 211 [2/2] (3.25ns)   --->   "%Layer2_Neurons_CPU_l_4 = load half* %Layer2_Neurons_CPU_a_4, align 2" [hlsed_neurons/solution1/.tcls/345.c:32]   --->   Operation 211 'load' 'Layer2_Neurons_CPU_l_4' <Predicate = true> <Delay = 3.25> <Core = "RAM">   --->   Core 37 'RAM' <Latency = 1> <II = 1> <Delay = 3.25> <Storage> <Opcode : 'load' 'store'> <Ports = 2> <Width = 16> <Depth = 1250> <RAM>
ST_10 : Operation 212 [1/1] (1.82ns)   --->   "%add_ln33 = add i9 %sub_ln28, 5" [hlsed_neurons/solution1/.tcls/345.c:33]   --->   Operation 212 'add' 'add_ln33' <Predicate = true> <Delay = 1.82> <Core = "AddSub">   --->   Core 14 'AddSub' <Latency = 0> <II = 1> <Delay = 1.67> <FuncUnit> <Opcode : 'add' 'sub'> <InPorts = 2> <OutPorts = 1>
ST_10 : Operation 213 [1/1] (0.00ns)   --->   "%sext_ln33 = sext i9 %add_ln33 to i15" [hlsed_neurons/solution1/.tcls/345.c:33]   --->   Operation 213 'sext' 'sext_ln33' <Predicate = true> <Delay = 0.00>
ST_10 : Operation 214 [1/1] (1.67ns)   --->   "%add_ln33_1 = add i15 %zext_ln28_3, %sext_ln33" [hlsed_neurons/solution1/.tcls/345.c:33]   --->   Operation 214 'add' 'add_ln33_1' <Predicate = true> <Delay = 1.67> <Core = "AddSub">   --->   Core 14 'AddSub' <Latency = 0> <II = 1> <Delay = 1.67> <FuncUnit> <Opcode : 'add' 'sub'> <InPorts = 2> <OutPorts = 1>
ST_10 : Operation 215 [1/1] (0.00ns)   --->   "%sext_ln33_1 = sext i15 %add_ln33_1 to i32" [hlsed_neurons/solution1/.tcls/345.c:33]   --->   Operation 215 'sext' 'sext_ln33_1' <Predicate = true> <Delay = 0.00>
ST_10 : Operation 216 [1/1] (0.00ns)   --->   "%zext_ln33 = zext i32 %sext_ln33_1 to i64" [hlsed_neurons/solution1/.tcls/345.c:33]   --->   Operation 216 'zext' 'zext_ln33' <Predicate = true> <Delay = 0.00>
ST_10 : Operation 217 [1/1] (0.00ns)   --->   "%Layer2_Weights_CPU_a_6 = getelementptr inbounds [7800 x half]* @Layer2_Weights_CPU, i64 0, i64 %zext_ln33" [hlsed_neurons/solution1/.tcls/345.c:33]   --->   Operation 217 'getelementptr' 'Layer2_Weights_CPU_a_6' <Predicate = true> <Delay = 0.00>
ST_10 : Operation 218 [2/2] (3.25ns)   --->   "%Layer2_Weights_CPU_l_5 = load half* %Layer2_Weights_CPU_a_6, align 2" [hlsed_neurons/solution1/.tcls/345.c:33]   --->   Operation 218 'load' 'Layer2_Weights_CPU_l_5' <Predicate = true> <Delay = 3.25> <Core = "ROM_nP">   --->   Core 52 'ROM_nP' <Latency = 1> <II = 1> <Delay = 3.25> <Storage> <Opcode : 'load'> <Ports = 0> <Width = 16> <Depth = 7800> <ROM>
ST_10 : Operation 219 [1/1] (0.00ns)   --->   "%sext_ln33_2 = sext i9 %add_ln33_3 to i10" [hlsed_neurons/solution1/.tcls/345.c:33]   --->   Operation 219 'sext' 'sext_ln33_2' <Predicate = true> <Delay = 0.00>
ST_10 : Operation 220 [1/1] (0.00ns)   --->   "%zext_ln33_1 = zext i10 %sext_ln33_2 to i64" [hlsed_neurons/solution1/.tcls/345.c:33]   --->   Operation 220 'zext' 'zext_ln33_1' <Predicate = true> <Delay = 0.00>
ST_10 : Operation 221 [1/1] (0.00ns)   --->   "%Layer2_Neurons_CPU_a_5 = getelementptr [1014 x half]* %Layer2_Neurons_CPU, i64 0, i64 %zext_ln33_1" [hlsed_neurons/solution1/.tcls/345.c:33]   --->   Operation 221 'getelementptr' 'Layer2_Neurons_CPU_a_5' <Predicate = true> <Delay = 0.00>
ST_10 : Operation 222 [2/2] (3.25ns)   --->   "%Layer2_Neurons_CPU_l_5 = load half* %Layer2_Neurons_CPU_a_5, align 2" [hlsed_neurons/solution1/.tcls/345.c:33]   --->   Operation 222 'load' 'Layer2_Neurons_CPU_l_5' <Predicate = true> <Delay = 3.25> <Core = "RAM">   --->   Core 37 'RAM' <Latency = 1> <II = 1> <Delay = 3.25> <Storage> <Opcode : 'load' 'store'> <Ports = 2> <Width = 16> <Depth = 1250> <RAM>

State 11 <SV = 10> <Delay = 6.86>
ST_11 : Operation 223 [3/4] (6.86ns)   --->   "%tmp_1 = fmul half %Layer2_Weights_CPU_l, %Layer2_Neurons_CPU_l" [hlsed_neurons/solution1/.tcls/345.c:28]   --->   Operation 223 'hmul' 'tmp_1' <Predicate = true> <Delay = 6.86> <Core = "HMul">   --->   Core 91 'HMul' <Latency = 3> <II = 1> <Delay = 6.86> <FuncUnit> <Opcode : 'hmul'> <InPorts = 2> <OutPorts = 1>
ST_11 : Operation 224 [3/4] (6.86ns)   --->   "%tmp_2 = fmul half %Layer2_Weights_CPU_l_1, %Layer2_Neurons_CPU_l_1" [hlsed_neurons/solution1/.tcls/345.c:29]   --->   Operation 224 'hmul' 'tmp_2' <Predicate = true> <Delay = 6.86> <Core = "HMul">   --->   Core 91 'HMul' <Latency = 3> <II = 1> <Delay = 6.86> <FuncUnit> <Opcode : 'hmul'> <InPorts = 2> <OutPorts = 1>
ST_11 : Operation 225 [4/4] (6.86ns)   --->   "%tmp_3 = fmul half %Layer2_Weights_CPU_l_2, %Layer2_Neurons_CPU_l_2" [hlsed_neurons/solution1/.tcls/345.c:30]   --->   Operation 225 'hmul' 'tmp_3' <Predicate = true> <Delay = 6.86> <Core = "HMul">   --->   Core 91 'HMul' <Latency = 3> <II = 1> <Delay = 6.86> <FuncUnit> <Opcode : 'hmul'> <InPorts = 2> <OutPorts = 1>
ST_11 : Operation 226 [1/2] (3.25ns)   --->   "%Layer2_Weights_CPU_l_3 = load half* %Layer2_Weights_CPU_a_4, align 2" [hlsed_neurons/solution1/.tcls/345.c:31]   --->   Operation 226 'load' 'Layer2_Weights_CPU_l_3' <Predicate = true> <Delay = 3.25> <Core = "ROM_nP">   --->   Core 52 'ROM_nP' <Latency = 1> <II = 1> <Delay = 3.25> <Storage> <Opcode : 'load'> <Ports = 0> <Width = 16> <Depth = 7800> <ROM>
ST_11 : Operation 227 [1/2] (3.25ns)   --->   "%Layer2_Weights_CPU_l_4 = load half* %Layer2_Weights_CPU_a_5, align 2" [hlsed_neurons/solution1/.tcls/345.c:32]   --->   Operation 227 'load' 'Layer2_Weights_CPU_l_4' <Predicate = true> <Delay = 3.25> <Core = "ROM_nP">   --->   Core 52 'ROM_nP' <Latency = 1> <II = 1> <Delay = 3.25> <Storage> <Opcode : 'load'> <Ports = 0> <Width = 16> <Depth = 7800> <ROM>
ST_11 : Operation 228 [1/2] (3.25ns)   --->   "%Layer2_Neurons_CPU_l_4 = load half* %Layer2_Neurons_CPU_a_4, align 2" [hlsed_neurons/solution1/.tcls/345.c:32]   --->   Operation 228 'load' 'Layer2_Neurons_CPU_l_4' <Predicate = true> <Delay = 3.25> <Core = "RAM">   --->   Core 37 'RAM' <Latency = 1> <II = 1> <Delay = 3.25> <Storage> <Opcode : 'load' 'store'> <Ports = 2> <Width = 16> <Depth = 1250> <RAM>
ST_11 : Operation 229 [1/2] (3.25ns)   --->   "%Layer2_Weights_CPU_l_5 = load half* %Layer2_Weights_CPU_a_6, align 2" [hlsed_neurons/solution1/.tcls/345.c:33]   --->   Operation 229 'load' 'Layer2_Weights_CPU_l_5' <Predicate = true> <Delay = 3.25> <Core = "ROM_nP">   --->   Core 52 'ROM_nP' <Latency = 1> <II = 1> <Delay = 3.25> <Storage> <Opcode : 'load'> <Ports = 0> <Width = 16> <Depth = 7800> <ROM>
ST_11 : Operation 230 [1/2] (3.25ns)   --->   "%Layer2_Neurons_CPU_l_5 = load half* %Layer2_Neurons_CPU_a_5, align 2" [hlsed_neurons/solution1/.tcls/345.c:33]   --->   Operation 230 'load' 'Layer2_Neurons_CPU_l_5' <Predicate = true> <Delay = 3.25> <Core = "RAM">   --->   Core 37 'RAM' <Latency = 1> <II = 1> <Delay = 3.25> <Storage> <Opcode : 'load' 'store'> <Ports = 2> <Width = 16> <Depth = 1250> <RAM>

State 12 <SV = 11> <Delay = 6.86>
ST_12 : Operation 231 [2/4] (6.86ns)   --->   "%tmp_1 = fmul half %Layer2_Weights_CPU_l, %Layer2_Neurons_CPU_l" [hlsed_neurons/solution1/.tcls/345.c:28]   --->   Operation 231 'hmul' 'tmp_1' <Predicate = true> <Delay = 6.86> <Core = "HMul">   --->   Core 91 'HMul' <Latency = 3> <II = 1> <Delay = 6.86> <FuncUnit> <Opcode : 'hmul'> <InPorts = 2> <OutPorts = 1>
ST_12 : Operation 232 [2/4] (6.86ns)   --->   "%tmp_2 = fmul half %Layer2_Weights_CPU_l_1, %Layer2_Neurons_CPU_l_1" [hlsed_neurons/solution1/.tcls/345.c:29]   --->   Operation 232 'hmul' 'tmp_2' <Predicate = true> <Delay = 6.86> <Core = "HMul">   --->   Core 91 'HMul' <Latency = 3> <II = 1> <Delay = 6.86> <FuncUnit> <Opcode : 'hmul'> <InPorts = 2> <OutPorts = 1>
ST_12 : Operation 233 [3/4] (6.86ns)   --->   "%tmp_3 = fmul half %Layer2_Weights_CPU_l_2, %Layer2_Neurons_CPU_l_2" [hlsed_neurons/solution1/.tcls/345.c:30]   --->   Operation 233 'hmul' 'tmp_3' <Predicate = true> <Delay = 6.86> <Core = "HMul">   --->   Core 91 'HMul' <Latency = 3> <II = 1> <Delay = 6.86> <FuncUnit> <Opcode : 'hmul'> <InPorts = 2> <OutPorts = 1>
ST_12 : Operation 234 [4/4] (6.86ns)   --->   "%tmp_4 = fmul half %Layer2_Weights_CPU_l_3, %Layer2_Neurons_CPU_l_3" [hlsed_neurons/solution1/.tcls/345.c:31]   --->   Operation 234 'hmul' 'tmp_4' <Predicate = true> <Delay = 6.86> <Core = "HMul">   --->   Core 91 'HMul' <Latency = 3> <II = 1> <Delay = 6.86> <FuncUnit> <Opcode : 'hmul'> <InPorts = 2> <OutPorts = 1>
ST_12 : Operation 235 [4/4] (6.86ns)   --->   "%tmp_5 = fmul half %Layer2_Weights_CPU_l_4, %Layer2_Neurons_CPU_l_4" [hlsed_neurons/solution1/.tcls/345.c:32]   --->   Operation 235 'hmul' 'tmp_5' <Predicate = true> <Delay = 6.86> <Core = "HMul">   --->   Core 91 'HMul' <Latency = 3> <II = 1> <Delay = 6.86> <FuncUnit> <Opcode : 'hmul'> <InPorts = 2> <OutPorts = 1>
ST_12 : Operation 236 [4/4] (6.86ns)   --->   "%tmp_6 = fmul half %Layer2_Weights_CPU_l_5, %Layer2_Neurons_CPU_l_5" [hlsed_neurons/solution1/.tcls/345.c:33]   --->   Operation 236 'hmul' 'tmp_6' <Predicate = true> <Delay = 6.86> <Core = "HMul">   --->   Core 91 'HMul' <Latency = 3> <II = 1> <Delay = 6.86> <FuncUnit> <Opcode : 'hmul'> <InPorts = 2> <OutPorts = 1>

State 13 <SV = 12> <Delay = 6.86>
ST_13 : Operation 237 [1/4] (6.86ns)   --->   "%tmp_1 = fmul half %Layer2_Weights_CPU_l, %Layer2_Neurons_CPU_l" [hlsed_neurons/solution1/.tcls/345.c:28]   --->   Operation 237 'hmul' 'tmp_1' <Predicate = true> <Delay = 6.86> <Core = "HMul">   --->   Core 91 'HMul' <Latency = 3> <II = 1> <Delay = 6.86> <FuncUnit> <Opcode : 'hmul'> <InPorts = 2> <OutPorts = 1>
ST_13 : Operation 238 [1/4] (6.86ns)   --->   "%tmp_2 = fmul half %Layer2_Weights_CPU_l_1, %Layer2_Neurons_CPU_l_1" [hlsed_neurons/solution1/.tcls/345.c:29]   --->   Operation 238 'hmul' 'tmp_2' <Predicate = true> <Delay = 6.86> <Core = "HMul">   --->   Core 91 'HMul' <Latency = 3> <II = 1> <Delay = 6.86> <FuncUnit> <Opcode : 'hmul'> <InPorts = 2> <OutPorts = 1>
ST_13 : Operation 239 [2/4] (6.86ns)   --->   "%tmp_3 = fmul half %Layer2_Weights_CPU_l_2, %Layer2_Neurons_CPU_l_2" [hlsed_neurons/solution1/.tcls/345.c:30]   --->   Operation 239 'hmul' 'tmp_3' <Predicate = true> <Delay = 6.86> <Core = "HMul">   --->   Core 91 'HMul' <Latency = 3> <II = 1> <Delay = 6.86> <FuncUnit> <Opcode : 'hmul'> <InPorts = 2> <OutPorts = 1>
ST_13 : Operation 240 [3/4] (6.86ns)   --->   "%tmp_4 = fmul half %Layer2_Weights_CPU_l_3, %Layer2_Neurons_CPU_l_3" [hlsed_neurons/solution1/.tcls/345.c:31]   --->   Operation 240 'hmul' 'tmp_4' <Predicate = true> <Delay = 6.86> <Core = "HMul">   --->   Core 91 'HMul' <Latency = 3> <II = 1> <Delay = 6.86> <FuncUnit> <Opcode : 'hmul'> <InPorts = 2> <OutPorts = 1>
ST_13 : Operation 241 [3/4] (6.86ns)   --->   "%tmp_5 = fmul half %Layer2_Weights_CPU_l_4, %Layer2_Neurons_CPU_l_4" [hlsed_neurons/solution1/.tcls/345.c:32]   --->   Operation 241 'hmul' 'tmp_5' <Predicate = true> <Delay = 6.86> <Core = "HMul">   --->   Core 91 'HMul' <Latency = 3> <II = 1> <Delay = 6.86> <FuncUnit> <Opcode : 'hmul'> <InPorts = 2> <OutPorts = 1>
ST_13 : Operation 242 [3/4] (6.86ns)   --->   "%tmp_6 = fmul half %Layer2_Weights_CPU_l_5, %Layer2_Neurons_CPU_l_5" [hlsed_neurons/solution1/.tcls/345.c:33]   --->   Operation 242 'hmul' 'tmp_6' <Predicate = true> <Delay = 6.86> <Core = "HMul">   --->   Core 91 'HMul' <Latency = 3> <II = 1> <Delay = 6.86> <FuncUnit> <Opcode : 'hmul'> <InPorts = 2> <OutPorts = 1>

State 14 <SV = 13> <Delay = 7.61>
ST_14 : Operation 243 [5/5] (7.61ns)   --->   "%somme_4 = fadd half %somme_1, %tmp_1" [hlsed_neurons/solution1/.tcls/345.c:28]   --->   Operation 243 'hadd' 'somme_4' <Predicate = true> <Delay = 7.61> <Core = "HAddSub">   --->   Core 90 'HAddSub' <Latency = 4> <II = 1> <Delay = 7.61> <FuncUnit> <Opcode : 'hadd' 'hsub'> <InPorts = 2> <OutPorts = 1>
ST_14 : Operation 244 [1/4] (6.86ns)   --->   "%tmp_3 = fmul half %Layer2_Weights_CPU_l_2, %Layer2_Neurons_CPU_l_2" [hlsed_neurons/solution1/.tcls/345.c:30]   --->   Operation 244 'hmul' 'tmp_3' <Predicate = true> <Delay = 6.86> <Core = "HMul">   --->   Core 91 'HMul' <Latency = 3> <II = 1> <Delay = 6.86> <FuncUnit> <Opcode : 'hmul'> <InPorts = 2> <OutPorts = 1>
ST_14 : Operation 245 [2/4] (6.86ns)   --->   "%tmp_4 = fmul half %Layer2_Weights_CPU_l_3, %Layer2_Neurons_CPU_l_3" [hlsed_neurons/solution1/.tcls/345.c:31]   --->   Operation 245 'hmul' 'tmp_4' <Predicate = true> <Delay = 6.86> <Core = "HMul">   --->   Core 91 'HMul' <Latency = 3> <II = 1> <Delay = 6.86> <FuncUnit> <Opcode : 'hmul'> <InPorts = 2> <OutPorts = 1>
ST_14 : Operation 246 [2/4] (6.86ns)   --->   "%tmp_5 = fmul half %Layer2_Weights_CPU_l_4, %Layer2_Neurons_CPU_l_4" [hlsed_neurons/solution1/.tcls/345.c:32]   --->   Operation 246 'hmul' 'tmp_5' <Predicate = true> <Delay = 6.86> <Core = "HMul">   --->   Core 91 'HMul' <Latency = 3> <II = 1> <Delay = 6.86> <FuncUnit> <Opcode : 'hmul'> <InPorts = 2> <OutPorts = 1>
ST_14 : Operation 247 [2/4] (6.86ns)   --->   "%tmp_6 = fmul half %Layer2_Weights_CPU_l_5, %Layer2_Neurons_CPU_l_5" [hlsed_neurons/solution1/.tcls/345.c:33]   --->   Operation 247 'hmul' 'tmp_6' <Predicate = true> <Delay = 6.86> <Core = "HMul">   --->   Core 91 'HMul' <Latency = 3> <II = 1> <Delay = 6.86> <FuncUnit> <Opcode : 'hmul'> <InPorts = 2> <OutPorts = 1>

State 15 <SV = 14> <Delay = 7.61>
ST_15 : Operation 248 [4/5] (7.61ns)   --->   "%somme_4 = fadd half %somme_1, %tmp_1" [hlsed_neurons/solution1/.tcls/345.c:28]   --->   Operation 248 'hadd' 'somme_4' <Predicate = true> <Delay = 7.61> <Core = "HAddSub">   --->   Core 90 'HAddSub' <Latency = 4> <II = 1> <Delay = 7.61> <FuncUnit> <Opcode : 'hadd' 'hsub'> <InPorts = 2> <OutPorts = 1>
ST_15 : Operation 249 [1/4] (6.86ns)   --->   "%tmp_4 = fmul half %Layer2_Weights_CPU_l_3, %Layer2_Neurons_CPU_l_3" [hlsed_neurons/solution1/.tcls/345.c:31]   --->   Operation 249 'hmul' 'tmp_4' <Predicate = true> <Delay = 6.86> <Core = "HMul">   --->   Core 91 'HMul' <Latency = 3> <II = 1> <Delay = 6.86> <FuncUnit> <Opcode : 'hmul'> <InPorts = 2> <OutPorts = 1>
ST_15 : Operation 250 [1/4] (6.86ns)   --->   "%tmp_5 = fmul half %Layer2_Weights_CPU_l_4, %Layer2_Neurons_CPU_l_4" [hlsed_neurons/solution1/.tcls/345.c:32]   --->   Operation 250 'hmul' 'tmp_5' <Predicate = true> <Delay = 6.86> <Core = "HMul">   --->   Core 91 'HMul' <Latency = 3> <II = 1> <Delay = 6.86> <FuncUnit> <Opcode : 'hmul'> <InPorts = 2> <OutPorts = 1>
ST_15 : Operation 251 [1/4] (6.86ns)   --->   "%tmp_6 = fmul half %Layer2_Weights_CPU_l_5, %Layer2_Neurons_CPU_l_5" [hlsed_neurons/solution1/.tcls/345.c:33]   --->   Operation 251 'hmul' 'tmp_6' <Predicate = true> <Delay = 6.86> <Core = "HMul">   --->   Core 91 'HMul' <Latency = 3> <II = 1> <Delay = 6.86> <FuncUnit> <Opcode : 'hmul'> <InPorts = 2> <OutPorts = 1>

State 16 <SV = 15> <Delay = 7.61>
ST_16 : Operation 252 [3/5] (7.61ns)   --->   "%somme_4 = fadd half %somme_1, %tmp_1" [hlsed_neurons/solution1/.tcls/345.c:28]   --->   Operation 252 'hadd' 'somme_4' <Predicate = true> <Delay = 7.61> <Core = "HAddSub">   --->   Core 90 'HAddSub' <Latency = 4> <II = 1> <Delay = 7.61> <FuncUnit> <Opcode : 'hadd' 'hsub'> <InPorts = 2> <OutPorts = 1>

State 17 <SV = 16> <Delay = 7.61>
ST_17 : Operation 253 [2/5] (7.61ns)   --->   "%somme_4 = fadd half %somme_1, %tmp_1" [hlsed_neurons/solution1/.tcls/345.c:28]   --->   Operation 253 'hadd' 'somme_4' <Predicate = true> <Delay = 7.61> <Core = "HAddSub">   --->   Core 90 'HAddSub' <Latency = 4> <II = 1> <Delay = 7.61> <FuncUnit> <Opcode : 'hadd' 'hsub'> <InPorts = 2> <OutPorts = 1>

State 18 <SV = 17> <Delay = 7.61>
ST_18 : Operation 254 [1/5] (7.61ns)   --->   "%somme_4 = fadd half %somme_1, %tmp_1" [hlsed_neurons/solution1/.tcls/345.c:28]   --->   Operation 254 'hadd' 'somme_4' <Predicate = true> <Delay = 7.61> <Core = "HAddSub">   --->   Core 90 'HAddSub' <Latency = 4> <II = 1> <Delay = 7.61> <FuncUnit> <Opcode : 'hadd' 'hsub'> <InPorts = 2> <OutPorts = 1>

State 19 <SV = 18> <Delay = 7.61>
ST_19 : Operation 255 [5/5] (7.61ns)   --->   "%somme_5 = fadd half %somme_4, %tmp_2" [hlsed_neurons/solution1/.tcls/345.c:29]   --->   Operation 255 'hadd' 'somme_5' <Predicate = true> <Delay = 7.61> <Core = "HAddSub">   --->   Core 90 'HAddSub' <Latency = 4> <II = 1> <Delay = 7.61> <FuncUnit> <Opcode : 'hadd' 'hsub'> <InPorts = 2> <OutPorts = 1>

State 20 <SV = 19> <Delay = 7.61>
ST_20 : Operation 256 [4/5] (7.61ns)   --->   "%somme_5 = fadd half %somme_4, %tmp_2" [hlsed_neurons/solution1/.tcls/345.c:29]   --->   Operation 256 'hadd' 'somme_5' <Predicate = true> <Delay = 7.61> <Core = "HAddSub">   --->   Core 90 'HAddSub' <Latency = 4> <II = 1> <Delay = 7.61> <FuncUnit> <Opcode : 'hadd' 'hsub'> <InPorts = 2> <OutPorts = 1>

State 21 <SV = 20> <Delay = 7.61>
ST_21 : Operation 257 [3/5] (7.61ns)   --->   "%somme_5 = fadd half %somme_4, %tmp_2" [hlsed_neurons/solution1/.tcls/345.c:29]   --->   Operation 257 'hadd' 'somme_5' <Predicate = true> <Delay = 7.61> <Core = "HAddSub">   --->   Core 90 'HAddSub' <Latency = 4> <II = 1> <Delay = 7.61> <FuncUnit> <Opcode : 'hadd' 'hsub'> <InPorts = 2> <OutPorts = 1>

State 22 <SV = 21> <Delay = 7.61>
ST_22 : Operation 258 [2/5] (7.61ns)   --->   "%somme_5 = fadd half %somme_4, %tmp_2" [hlsed_neurons/solution1/.tcls/345.c:29]   --->   Operation 258 'hadd' 'somme_5' <Predicate = true> <Delay = 7.61> <Core = "HAddSub">   --->   Core 90 'HAddSub' <Latency = 4> <II = 1> <Delay = 7.61> <FuncUnit> <Opcode : 'hadd' 'hsub'> <InPorts = 2> <OutPorts = 1>

State 23 <SV = 22> <Delay = 7.61>
ST_23 : Operation 259 [1/5] (7.61ns)   --->   "%somme_5 = fadd half %somme_4, %tmp_2" [hlsed_neurons/solution1/.tcls/345.c:29]   --->   Operation 259 'hadd' 'somme_5' <Predicate = true> <Delay = 7.61> <Core = "HAddSub">   --->   Core 90 'HAddSub' <Latency = 4> <II = 1> <Delay = 7.61> <FuncUnit> <Opcode : 'hadd' 'hsub'> <InPorts = 2> <OutPorts = 1>

State 24 <SV = 23> <Delay = 7.61>
ST_24 : Operation 260 [5/5] (7.61ns)   --->   "%somme_6 = fadd half %somme_5, %tmp_3" [hlsed_neurons/solution1/.tcls/345.c:30]   --->   Operation 260 'hadd' 'somme_6' <Predicate = true> <Delay = 7.61> <Core = "HAddSub">   --->   Core 90 'HAddSub' <Latency = 4> <II = 1> <Delay = 7.61> <FuncUnit> <Opcode : 'hadd' 'hsub'> <InPorts = 2> <OutPorts = 1>

State 25 <SV = 24> <Delay = 7.61>
ST_25 : Operation 261 [4/5] (7.61ns)   --->   "%somme_6 = fadd half %somme_5, %tmp_3" [hlsed_neurons/solution1/.tcls/345.c:30]   --->   Operation 261 'hadd' 'somme_6' <Predicate = true> <Delay = 7.61> <Core = "HAddSub">   --->   Core 90 'HAddSub' <Latency = 4> <II = 1> <Delay = 7.61> <FuncUnit> <Opcode : 'hadd' 'hsub'> <InPorts = 2> <OutPorts = 1>

State 26 <SV = 25> <Delay = 7.61>
ST_26 : Operation 262 [3/5] (7.61ns)   --->   "%somme_6 = fadd half %somme_5, %tmp_3" [hlsed_neurons/solution1/.tcls/345.c:30]   --->   Operation 262 'hadd' 'somme_6' <Predicate = true> <Delay = 7.61> <Core = "HAddSub">   --->   Core 90 'HAddSub' <Latency = 4> <II = 1> <Delay = 7.61> <FuncUnit> <Opcode : 'hadd' 'hsub'> <InPorts = 2> <OutPorts = 1>

State 27 <SV = 26> <Delay = 7.61>
ST_27 : Operation 263 [2/5] (7.61ns)   --->   "%somme_6 = fadd half %somme_5, %tmp_3" [hlsed_neurons/solution1/.tcls/345.c:30]   --->   Operation 263 'hadd' 'somme_6' <Predicate = true> <Delay = 7.61> <Core = "HAddSub">   --->   Core 90 'HAddSub' <Latency = 4> <II = 1> <Delay = 7.61> <FuncUnit> <Opcode : 'hadd' 'hsub'> <InPorts = 2> <OutPorts = 1>

State 28 <SV = 27> <Delay = 7.61>
ST_28 : Operation 264 [1/5] (7.61ns)   --->   "%somme_6 = fadd half %somme_5, %tmp_3" [hlsed_neurons/solution1/.tcls/345.c:30]   --->   Operation 264 'hadd' 'somme_6' <Predicate = true> <Delay = 7.61> <Core = "HAddSub">   --->   Core 90 'HAddSub' <Latency = 4> <II = 1> <Delay = 7.61> <FuncUnit> <Opcode : 'hadd' 'hsub'> <InPorts = 2> <OutPorts = 1>

State 29 <SV = 28> <Delay = 7.61>
ST_29 : Operation 265 [5/5] (7.61ns)   --->   "%somme_7 = fadd half %somme_6, %tmp_4" [hlsed_neurons/solution1/.tcls/345.c:31]   --->   Operation 265 'hadd' 'somme_7' <Predicate = true> <Delay = 7.61> <Core = "HAddSub">   --->   Core 90 'HAddSub' <Latency = 4> <II = 1> <Delay = 7.61> <FuncUnit> <Opcode : 'hadd' 'hsub'> <InPorts = 2> <OutPorts = 1>

State 30 <SV = 29> <Delay = 7.61>
ST_30 : Operation 266 [4/5] (7.61ns)   --->   "%somme_7 = fadd half %somme_6, %tmp_4" [hlsed_neurons/solution1/.tcls/345.c:31]   --->   Operation 266 'hadd' 'somme_7' <Predicate = true> <Delay = 7.61> <Core = "HAddSub">   --->   Core 90 'HAddSub' <Latency = 4> <II = 1> <Delay = 7.61> <FuncUnit> <Opcode : 'hadd' 'hsub'> <InPorts = 2> <OutPorts = 1>

State 31 <SV = 30> <Delay = 7.61>
ST_31 : Operation 267 [3/5] (7.61ns)   --->   "%somme_7 = fadd half %somme_6, %tmp_4" [hlsed_neurons/solution1/.tcls/345.c:31]   --->   Operation 267 'hadd' 'somme_7' <Predicate = true> <Delay = 7.61> <Core = "HAddSub">   --->   Core 90 'HAddSub' <Latency = 4> <II = 1> <Delay = 7.61> <FuncUnit> <Opcode : 'hadd' 'hsub'> <InPorts = 2> <OutPorts = 1>

State 32 <SV = 31> <Delay = 7.61>
ST_32 : Operation 268 [2/5] (7.61ns)   --->   "%somme_7 = fadd half %somme_6, %tmp_4" [hlsed_neurons/solution1/.tcls/345.c:31]   --->   Operation 268 'hadd' 'somme_7' <Predicate = true> <Delay = 7.61> <Core = "HAddSub">   --->   Core 90 'HAddSub' <Latency = 4> <II = 1> <Delay = 7.61> <FuncUnit> <Opcode : 'hadd' 'hsub'> <InPorts = 2> <OutPorts = 1>

State 33 <SV = 32> <Delay = 7.61>
ST_33 : Operation 269 [1/5] (7.61ns)   --->   "%somme_7 = fadd half %somme_6, %tmp_4" [hlsed_neurons/solution1/.tcls/345.c:31]   --->   Operation 269 'hadd' 'somme_7' <Predicate = true> <Delay = 7.61> <Core = "HAddSub">   --->   Core 90 'HAddSub' <Latency = 4> <II = 1> <Delay = 7.61> <FuncUnit> <Opcode : 'hadd' 'hsub'> <InPorts = 2> <OutPorts = 1>

State 34 <SV = 33> <Delay = 7.61>
ST_34 : Operation 270 [5/5] (7.61ns)   --->   "%somme_8 = fadd half %somme_7, %tmp_5" [hlsed_neurons/solution1/.tcls/345.c:32]   --->   Operation 270 'hadd' 'somme_8' <Predicate = true> <Delay = 7.61> <Core = "HAddSub">   --->   Core 90 'HAddSub' <Latency = 4> <II = 1> <Delay = 7.61> <FuncUnit> <Opcode : 'hadd' 'hsub'> <InPorts = 2> <OutPorts = 1>

State 35 <SV = 34> <Delay = 7.61>
ST_35 : Operation 271 [4/5] (7.61ns)   --->   "%somme_8 = fadd half %somme_7, %tmp_5" [hlsed_neurons/solution1/.tcls/345.c:32]   --->   Operation 271 'hadd' 'somme_8' <Predicate = true> <Delay = 7.61> <Core = "HAddSub">   --->   Core 90 'HAddSub' <Latency = 4> <II = 1> <Delay = 7.61> <FuncUnit> <Opcode : 'hadd' 'hsub'> <InPorts = 2> <OutPorts = 1>

State 36 <SV = 35> <Delay = 7.61>
ST_36 : Operation 272 [3/5] (7.61ns)   --->   "%somme_8 = fadd half %somme_7, %tmp_5" [hlsed_neurons/solution1/.tcls/345.c:32]   --->   Operation 272 'hadd' 'somme_8' <Predicate = true> <Delay = 7.61> <Core = "HAddSub">   --->   Core 90 'HAddSub' <Latency = 4> <II = 1> <Delay = 7.61> <FuncUnit> <Opcode : 'hadd' 'hsub'> <InPorts = 2> <OutPorts = 1>

State 37 <SV = 36> <Delay = 7.61>
ST_37 : Operation 273 [2/5] (7.61ns)   --->   "%somme_8 = fadd half %somme_7, %tmp_5" [hlsed_neurons/solution1/.tcls/345.c:32]   --->   Operation 273 'hadd' 'somme_8' <Predicate = true> <Delay = 7.61> <Core = "HAddSub">   --->   Core 90 'HAddSub' <Latency = 4> <II = 1> <Delay = 7.61> <FuncUnit> <Opcode : 'hadd' 'hsub'> <InPorts = 2> <OutPorts = 1>

State 38 <SV = 37> <Delay = 7.61>
ST_38 : Operation 274 [1/5] (7.61ns)   --->   "%somme_8 = fadd half %somme_7, %tmp_5" [hlsed_neurons/solution1/.tcls/345.c:32]   --->   Operation 274 'hadd' 'somme_8' <Predicate = true> <Delay = 7.61> <Core = "HAddSub">   --->   Core 90 'HAddSub' <Latency = 4> <II = 1> <Delay = 7.61> <FuncUnit> <Opcode : 'hadd' 'hsub'> <InPorts = 2> <OutPorts = 1>

State 39 <SV = 38> <Delay = 7.61>
ST_39 : Operation 275 [5/5] (7.61ns)   --->   "%somme_9 = fadd half %somme_8, %tmp_6" [hlsed_neurons/solution1/.tcls/345.c:33]   --->   Operation 275 'hadd' 'somme_9' <Predicate = true> <Delay = 7.61> <Core = "HAddSub">   --->   Core 90 'HAddSub' <Latency = 4> <II = 1> <Delay = 7.61> <FuncUnit> <Opcode : 'hadd' 'hsub'> <InPorts = 2> <OutPorts = 1>

State 40 <SV = 39> <Delay = 7.61>
ST_40 : Operation 276 [4/5] (7.61ns)   --->   "%somme_9 = fadd half %somme_8, %tmp_6" [hlsed_neurons/solution1/.tcls/345.c:33]   --->   Operation 276 'hadd' 'somme_9' <Predicate = true> <Delay = 7.61> <Core = "HAddSub">   --->   Core 90 'HAddSub' <Latency = 4> <II = 1> <Delay = 7.61> <FuncUnit> <Opcode : 'hadd' 'hsub'> <InPorts = 2> <OutPorts = 1>

State 41 <SV = 40> <Delay = 7.61>
ST_41 : Operation 277 [3/5] (7.61ns)   --->   "%somme_9 = fadd half %somme_8, %tmp_6" [hlsed_neurons/solution1/.tcls/345.c:33]   --->   Operation 277 'hadd' 'somme_9' <Predicate = true> <Delay = 7.61> <Core = "HAddSub">   --->   Core 90 'HAddSub' <Latency = 4> <II = 1> <Delay = 7.61> <FuncUnit> <Opcode : 'hadd' 'hsub'> <InPorts = 2> <OutPorts = 1>

State 42 <SV = 41> <Delay = 7.61>
ST_42 : Operation 278 [2/5] (7.61ns)   --->   "%somme_9 = fadd half %somme_8, %tmp_6" [hlsed_neurons/solution1/.tcls/345.c:33]   --->   Operation 278 'hadd' 'somme_9' <Predicate = true> <Delay = 7.61> <Core = "HAddSub">   --->   Core 90 'HAddSub' <Latency = 4> <II = 1> <Delay = 7.61> <FuncUnit> <Opcode : 'hadd' 'hsub'> <InPorts = 2> <OutPorts = 1>

State 43 <SV = 42> <Delay = 7.61>
ST_43 : Operation 279 [1/5] (7.61ns)   --->   "%somme_9 = fadd half %somme_8, %tmp_6" [hlsed_neurons/solution1/.tcls/345.c:33]   --->   Operation 279 'hadd' 'somme_9' <Predicate = true> <Delay = 7.61> <Core = "HAddSub">   --->   Core 90 'HAddSub' <Latency = 4> <II = 1> <Delay = 7.61> <FuncUnit> <Opcode : 'hadd' 'hsub'> <InPorts = 2> <OutPorts = 1>
ST_43 : Operation 280 [1/1] (0.00ns)   --->   "br label %.preheader" [hlsed_neurons/solution1/.tcls/345.c:26]   --->   Operation 280 'br' <Predicate = true> <Delay = 0.00>

State 44 <SV = 6> <Delay = 3.43>
ST_44 : Operation 281 [1/2] (3.43ns)   --->   "%tmp = fpext half %somme_0 to double" [hlsed_neurons/solution1/.tcls/345.c:35]   --->   Operation 281 'hptodp' 'tmp' <Predicate = true> <Delay = 3.43> <Core = "Half2Double">   --->   Core 96 'Half2Double' <Latency = 1> <II = 1> <Delay = 3.43> <FuncUnit> <Opcode : 'hptodp'> <InPorts = 1> <OutPorts = 1>

State 45 <SV = 7> <Delay = 7.78>
ST_45 : Operation 282 [6/6] (7.78ns)   --->   "%x_assign = fmul double %tmp, 0x3FE55555571F7693" [hlsed_neurons/solution1/.tcls/345.c:35]   --->   Operation 282 'dmul' 'x_assign' <Predicate = true> <Delay = 7.78> <Core = "DMul">   --->   Core 116 'DMul' <Latency = 5> <II = 1> <Delay = 7.78> <FuncUnit> <Opcode : 'dmul'> <InPorts = 2> <OutPorts = 1>

State 46 <SV = 8> <Delay = 7.78>
ST_46 : Operation 283 [5/6] (7.78ns)   --->   "%x_assign = fmul double %tmp, 0x3FE55555571F7693" [hlsed_neurons/solution1/.tcls/345.c:35]   --->   Operation 283 'dmul' 'x_assign' <Predicate = true> <Delay = 7.78> <Core = "DMul">   --->   Core 116 'DMul' <Latency = 5> <II = 1> <Delay = 7.78> <FuncUnit> <Opcode : 'dmul'> <InPorts = 2> <OutPorts = 1>

State 47 <SV = 9> <Delay = 7.78>
ST_47 : Operation 284 [4/6] (7.78ns)   --->   "%x_assign = fmul double %tmp, 0x3FE55555571F7693" [hlsed_neurons/solution1/.tcls/345.c:35]   --->   Operation 284 'dmul' 'x_assign' <Predicate = true> <Delay = 7.78> <Core = "DMul">   --->   Core 116 'DMul' <Latency = 5> <II = 1> <Delay = 7.78> <FuncUnit> <Opcode : 'dmul'> <InPorts = 2> <OutPorts = 1>

State 48 <SV = 10> <Delay = 7.78>
ST_48 : Operation 285 [3/6] (7.78ns)   --->   "%x_assign = fmul double %tmp, 0x3FE55555571F7693" [hlsed_neurons/solution1/.tcls/345.c:35]   --->   Operation 285 'dmul' 'x_assign' <Predicate = true> <Delay = 7.78> <Core = "DMul">   --->   Core 116 'DMul' <Latency = 5> <II = 1> <Delay = 7.78> <FuncUnit> <Opcode : 'dmul'> <InPorts = 2> <OutPorts = 1>

State 49 <SV = 11> <Delay = 7.78>
ST_49 : Operation 286 [2/6] (7.78ns)   --->   "%x_assign = fmul double %tmp, 0x3FE55555571F7693" [hlsed_neurons/solution1/.tcls/345.c:35]   --->   Operation 286 'dmul' 'x_assign' <Predicate = true> <Delay = 7.78> <Core = "DMul">   --->   Core 116 'DMul' <Latency = 5> <II = 1> <Delay = 7.78> <FuncUnit> <Opcode : 'dmul'> <InPorts = 2> <OutPorts = 1>

State 50 <SV = 12> <Delay = 7.78>
ST_50 : Operation 287 [1/6] (7.78ns)   --->   "%x_assign = fmul double %tmp, 0x3FE55555571F7693" [hlsed_neurons/solution1/.tcls/345.c:35]   --->   Operation 287 'dmul' 'x_assign' <Predicate = true> <Delay = 7.78> <Core = "DMul">   --->   Core 116 'DMul' <Latency = 5> <II = 1> <Delay = 7.78> <FuncUnit> <Opcode : 'dmul'> <InPorts = 2> <OutPorts = 1>

State 51 <SV = 13> <Delay = 8.23>
ST_51 : Operation 288 [2/2] (8.23ns)   --->   "%tmp_i = call fastcc double @"generic_tanh<double>"(double %x_assign) nounwind" [/wrk/2019.1/continuous/2019_05_24_2552052/src/products/hls/hls_lib/hlsmath/src/c/tanhdouble.cpp:7->hlsed_neurons/solution1/.tcls/345.c:35]   --->   Operation 288 'call' 'tmp_i' <Predicate = true> <Delay = 8.23> <CoreType = "Generic">   --->   Core 0 '' <Latency = 0> <II = 1> <Delay = 1.00> <Generic> <Opcode : >

State 52 <SV = 14> <Delay = 3.38>
ST_52 : Operation 289 [1/2] (3.38ns)   --->   "%tmp_i = call fastcc double @"generic_tanh<double>"(double %x_assign) nounwind" [/wrk/2019.1/continuous/2019_05_24_2552052/src/products/hls/hls_lib/hlsmath/src/c/tanhdouble.cpp:7->hlsed_neurons/solution1/.tcls/345.c:35]   --->   Operation 289 'call' 'tmp_i' <Predicate = true> <Delay = 3.38> <CoreType = "Generic">   --->   Core 0 '' <Latency = 0> <II = 1> <Delay = 1.00> <Generic> <Opcode : >

State 53 <SV = 15> <Delay = 7.78>
ST_53 : Operation 290 [6/6] (7.78ns)   --->   "%tmp_9 = fmul double %tmp_i, 1.715900e+00" [hlsed_neurons/solution1/.tcls/345.c:35]   --->   Operation 290 'dmul' 'tmp_9' <Predicate = true> <Delay = 7.78> <Core = "DMul">   --->   Core 116 'DMul' <Latency = 5> <II = 1> <Delay = 7.78> <FuncUnit> <Opcode : 'dmul'> <InPorts = 2> <OutPorts = 1>

State 54 <SV = 16> <Delay = 7.78>
ST_54 : Operation 291 [5/6] (7.78ns)   --->   "%tmp_9 = fmul double %tmp_i, 1.715900e+00" [hlsed_neurons/solution1/.tcls/345.c:35]   --->   Operation 291 'dmul' 'tmp_9' <Predicate = true> <Delay = 7.78> <Core = "DMul">   --->   Core 116 'DMul' <Latency = 5> <II = 1> <Delay = 7.78> <FuncUnit> <Opcode : 'dmul'> <InPorts = 2> <OutPorts = 1>

State 55 <SV = 17> <Delay = 7.78>
ST_55 : Operation 292 [4/6] (7.78ns)   --->   "%tmp_9 = fmul double %tmp_i, 1.715900e+00" [hlsed_neurons/solution1/.tcls/345.c:35]   --->   Operation 292 'dmul' 'tmp_9' <Predicate = true> <Delay = 7.78> <Core = "DMul">   --->   Core 116 'DMul' <Latency = 5> <II = 1> <Delay = 7.78> <FuncUnit> <Opcode : 'dmul'> <InPorts = 2> <OutPorts = 1>

State 56 <SV = 18> <Delay = 7.78>
ST_56 : Operation 293 [3/6] (7.78ns)   --->   "%tmp_9 = fmul double %tmp_i, 1.715900e+00" [hlsed_neurons/solution1/.tcls/345.c:35]   --->   Operation 293 'dmul' 'tmp_9' <Predicate = true> <Delay = 7.78> <Core = "DMul">   --->   Core 116 'DMul' <Latency = 5> <II = 1> <Delay = 7.78> <FuncUnit> <Opcode : 'dmul'> <InPorts = 2> <OutPorts = 1>

State 57 <SV = 19> <Delay = 7.78>
ST_57 : Operation 294 [2/6] (7.78ns)   --->   "%tmp_9 = fmul double %tmp_i, 1.715900e+00" [hlsed_neurons/solution1/.tcls/345.c:35]   --->   Operation 294 'dmul' 'tmp_9' <Predicate = true> <Delay = 7.78> <Core = "DMul">   --->   Core 116 'DMul' <Latency = 5> <II = 1> <Delay = 7.78> <FuncUnit> <Opcode : 'dmul'> <InPorts = 2> <OutPorts = 1>

State 58 <SV = 20> <Delay = 7.78>
ST_58 : Operation 295 [1/6] (7.78ns)   --->   "%tmp_9 = fmul double %tmp_i, 1.715900e+00" [hlsed_neurons/solution1/.tcls/345.c:35]   --->   Operation 295 'dmul' 'tmp_9' <Predicate = true> <Delay = 7.78> <Core = "DMul">   --->   Core 116 'DMul' <Latency = 5> <II = 1> <Delay = 7.78> <FuncUnit> <Opcode : 'dmul'> <InPorts = 2> <OutPorts = 1>

State 59 <SV = 21> <Delay = 5.70>
ST_59 : Operation 296 [2/2] (5.70ns)   --->   "%tmp_s = fptrunc double %tmp_9 to half" [hlsed_neurons/solution1/.tcls/345.c:35]   --->   Operation 296 'dptohp' 'tmp_s' <Predicate = true> <Delay = 5.70> <Core = "Double2Half">   --->   Core 97 'Double2Half' <Latency = 1> <II = 1> <Delay = 5.70> <FuncUnit> <Opcode : 'dptohp'> <InPorts = 1> <OutPorts = 1>

State 60 <SV = 22> <Delay = 5.70>
ST_60 : Operation 297 [1/2] (5.70ns)   --->   "%tmp_s = fptrunc double %tmp_9 to half" [hlsed_neurons/solution1/.tcls/345.c:35]   --->   Operation 297 'dptohp' 'tmp_s' <Predicate = true> <Delay = 5.70> <Core = "Double2Half">   --->   Core 97 'Double2Half' <Latency = 1> <II = 1> <Delay = 5.70> <FuncUnit> <Opcode : 'dptohp'> <InPorts = 1> <OutPorts = 1>

State 61 <SV = 23> <Delay = 3.25>
ST_61 : Operation 298 [1/1] (0.00ns)   --->   "%zext_ln35 = zext i11 %add_ln35_1 to i64" [hlsed_neurons/solution1/.tcls/345.c:35]   --->   Operation 298 'zext' 'zext_ln35' <Predicate = true> <Delay = 0.00>
ST_61 : Operation 299 [1/1] (0.00ns)   --->   "%Layer3_Neurons_CPU_a = getelementptr [1250 x half]* %Layer3_Neurons_CPU, i64 0, i64 %zext_ln35" [hlsed_neurons/solution1/.tcls/345.c:35]   --->   Operation 299 'getelementptr' 'Layer3_Neurons_CPU_a' <Predicate = true> <Delay = 0.00>
ST_61 : Operation 300 [1/1] (3.25ns)   --->   "store half %tmp_s, half* %Layer3_Neurons_CPU_a, align 2" [hlsed_neurons/solution1/.tcls/345.c:35]   --->   Operation 300 'store' <Predicate = true> <Delay = 3.25> <Core = "RAM">   --->   Core 37 'RAM' <Latency = 1> <II = 1> <Delay = 3.25> <Storage> <Opcode : 'load' 'store'> <Ports = 2> <Width = 16> <Depth = 1250> <RAM>
ST_61 : Operation 301 [1/1] (0.00ns)   --->   "br label %.preheader1" [hlsed_neurons/solution1/.tcls/345.c:22]   --->   Operation 301 'br' <Predicate = true> <Delay = 0.00>


============================================================
+ Verbose Summary: Timing violations
============================================================
Target clock period: 10ns, clock uncertainty: 1.25ns.

 <State 1>: 1.77ns
The critical path consists of the following:
	multiplexor before 'phi' operation ('i') with incoming values : ('i', hlsed_neurons/solution1/.tcls/345.c:20) [9]  (1.77 ns)

 <State 2>: 3.25ns
The critical path consists of the following:
	'phi' operation ('phi_mul', hlsed_neurons/solution1/.tcls/345.c:35) with incoming values : ('add_ln35_4', hlsed_neurons/solution1/.tcls/345.c:35) [10]  (0 ns)
	'getelementptr' operation ('Layer2_Weights_CPU_a', hlsed_neurons/solution1/.tcls/345.c:23) [20]  (0 ns)
	'load' operation ('somme', hlsed_neurons/solution1/.tcls/345.c:23) on array 'Layer2_Weights_CPU' [26]  (3.25 ns)

 <State 3>: 3.25ns
The critical path consists of the following:
	'load' operation ('somme', hlsed_neurons/solution1/.tcls/345.c:23) on array 'Layer2_Weights_CPU' [26]  (3.25 ns)

 <State 4>: 1.78ns
The critical path consists of the following:
	'phi' operation ('j') with incoming values : ('j', hlsed_neurons/solution1/.tcls/345.c:21) [29]  (0 ns)
	'add' operation ('add_ln35', hlsed_neurons/solution1/.tcls/345.c:35) [38]  (1.78 ns)

 <State 5>: 1.77ns
The critical path consists of the following:
	multiplexor before 'phi' operation ('somme') with incoming values : ('somme', hlsed_neurons/solution1/.tcls/345.c:23) ('somme', hlsed_neurons/solution1/.tcls/345.c:33) [53]  (1.77 ns)

 <State 6>: 7.14ns
The critical path consists of the following:
	'phi' operation ('m') with incoming values : ('m', hlsed_neurons/solution1/.tcls/345.c:25) [54]  (0 ns)
	'add' operation ('add_ln28', hlsed_neurons/solution1/.tcls/345.c:28) [62]  (1.74 ns)
	'mul' operation ('mul_ln28', hlsed_neurons/solution1/.tcls/345.c:28) [64]  (3.49 ns)
	'add' operation ('add_ln29_1', hlsed_neurons/solution1/.tcls/345.c:29) [65]  (1.92 ns)

 <State 7>: 3.73ns
The critical path consists of the following:
	'phi' operation ('n') with incoming values : ('n', hlsed_neurons/solution1/.tcls/345.c:26) [71]  (0 ns)
	'add' operation ('add_ln32_2', hlsed_neurons/solution1/.tcls/345.c:32) [151]  (0 ns)
	'add' operation ('add_ln32_3', hlsed_neurons/solution1/.tcls/345.c:32) [152]  (3.73 ns)

 <State 8>: 7.72ns
The critical path consists of the following:
	'sub' operation ('sub_ln28', hlsed_neurons/solution1/.tcls/345.c:28) [88]  (1.92 ns)
	'or' operation ('or_ln29', hlsed_neurons/solution1/.tcls/345.c:29) [103]  (0 ns)
	'add' operation ('add_ln29', hlsed_neurons/solution1/.tcls/345.c:29) [104]  (2.55 ns)
	'getelementptr' operation ('Layer2_Weights_CPU_a_2', hlsed_neurons/solution1/.tcls/345.c:29) [106]  (0 ns)
	'load' operation ('Layer2_Weights_CPU_l_1', hlsed_neurons/solution1/.tcls/345.c:29) on array 'Layer2_Weights_CPU' [107]  (3.25 ns)

 <State 9>: 6.95ns
The critical path consists of the following:
	'add' operation ('add_ln30_1', hlsed_neurons/solution1/.tcls/345.c:30) [121]  (0 ns)
	'add' operation ('add_ln30_2', hlsed_neurons/solution1/.tcls/345.c:30) [122]  (3.7 ns)
	'getelementptr' operation ('Layer2_Neurons_CPU_a_2', hlsed_neurons/solution1/.tcls/345.c:30) [124]  (0 ns)
	'load' operation ('Layer2_Neurons_CPU_l_2', hlsed_neurons/solution1/.tcls/345.c:30) on array 'Layer2_Neurons_CPU' [125]  (3.25 ns)

 <State 10>: 6.87ns
The critical path consists of the following:
	'hmul' operation ('tmp_1', hlsed_neurons/solution1/.tcls/345.c:28) [101]  (6.87 ns)

 <State 11>: 6.87ns
The critical path consists of the following:
	'hmul' operation ('tmp_1', hlsed_neurons/solution1/.tcls/345.c:28) [101]  (6.87 ns)

 <State 12>: 6.87ns
The critical path consists of the following:
	'hmul' operation ('tmp_1', hlsed_neurons/solution1/.tcls/345.c:28) [101]  (6.87 ns)

 <State 13>: 6.87ns
The critical path consists of the following:
	'hmul' operation ('tmp_1', hlsed_neurons/solution1/.tcls/345.c:28) [101]  (6.87 ns)

 <State 14>: 7.61ns
The critical path consists of the following:
	'hadd' operation ('somme', hlsed_neurons/solution1/.tcls/345.c:28) [102]  (7.61 ns)

 <State 15>: 7.61ns
The critical path consists of the following:
	'hadd' operation ('somme', hlsed_neurons/solution1/.tcls/345.c:28) [102]  (7.61 ns)

 <State 16>: 7.61ns
The critical path consists of the following:
	'hadd' operation ('somme', hlsed_neurons/solution1/.tcls/345.c:28) [102]  (7.61 ns)

 <State 17>: 7.61ns
The critical path consists of the following:
	'hadd' operation ('somme', hlsed_neurons/solution1/.tcls/345.c:28) [102]  (7.61 ns)

 <State 18>: 7.61ns
The critical path consists of the following:
	'hadd' operation ('somme', hlsed_neurons/solution1/.tcls/345.c:28) [102]  (7.61 ns)

 <State 19>: 7.61ns
The critical path consists of the following:
	'hadd' operation ('somme', hlsed_neurons/solution1/.tcls/345.c:29) [115]  (7.61 ns)

 <State 20>: 7.61ns
The critical path consists of the following:
	'hadd' operation ('somme', hlsed_neurons/solution1/.tcls/345.c:29) [115]  (7.61 ns)

 <State 21>: 7.61ns
The critical path consists of the following:
	'hadd' operation ('somme', hlsed_neurons/solution1/.tcls/345.c:29) [115]  (7.61 ns)

 <State 22>: 7.61ns
The critical path consists of the following:
	'hadd' operation ('somme', hlsed_neurons/solution1/.tcls/345.c:29) [115]  (7.61 ns)

 <State 23>: 7.61ns
The critical path consists of the following:
	'hadd' operation ('somme', hlsed_neurons/solution1/.tcls/345.c:29) [115]  (7.61 ns)

 <State 24>: 7.61ns
The critical path consists of the following:
	'hadd' operation ('somme', hlsed_neurons/solution1/.tcls/345.c:30) [127]  (7.61 ns)

 <State 25>: 7.61ns
The critical path consists of the following:
	'hadd' operation ('somme', hlsed_neurons/solution1/.tcls/345.c:30) [127]  (7.61 ns)

 <State 26>: 7.61ns
The critical path consists of the following:
	'hadd' operation ('somme', hlsed_neurons/solution1/.tcls/345.c:30) [127]  (7.61 ns)

 <State 27>: 7.61ns
The critical path consists of the following:
	'hadd' operation ('somme', hlsed_neurons/solution1/.tcls/345.c:30) [127]  (7.61 ns)

 <State 28>: 7.61ns
The critical path consists of the following:
	'hadd' operation ('somme', hlsed_neurons/solution1/.tcls/345.c:30) [127]  (7.61 ns)

 <State 29>: 7.61ns
The critical path consists of the following:
	'hadd' operation ('somme', hlsed_neurons/solution1/.tcls/345.c:31) [143]  (7.61 ns)

 <State 30>: 7.61ns
The critical path consists of the following:
	'hadd' operation ('somme', hlsed_neurons/solution1/.tcls/345.c:31) [143]  (7.61 ns)

 <State 31>: 7.61ns
The critical path consists of the following:
	'hadd' operation ('somme', hlsed_neurons/solution1/.tcls/345.c:31) [143]  (7.61 ns)

 <State 32>: 7.61ns
The critical path consists of the following:
	'hadd' operation ('somme', hlsed_neurons/solution1/.tcls/345.c:31) [143]  (7.61 ns)

 <State 33>: 7.61ns
The critical path consists of the following:
	'hadd' operation ('somme', hlsed_neurons/solution1/.tcls/345.c:31) [143]  (7.61 ns)

 <State 34>: 7.61ns
The critical path consists of the following:
	'hadd' operation ('somme', hlsed_neurons/solution1/.tcls/345.c:32) [157]  (7.61 ns)

 <State 35>: 7.61ns
The critical path consists of the following:
	'hadd' operation ('somme', hlsed_neurons/solution1/.tcls/345.c:32) [157]  (7.61 ns)

 <State 36>: 7.61ns
The critical path consists of the following:
	'hadd' operation ('somme', hlsed_neurons/solution1/.tcls/345.c:32) [157]  (7.61 ns)

 <State 37>: 7.61ns
The critical path consists of the following:
	'hadd' operation ('somme', hlsed_neurons/solution1/.tcls/345.c:32) [157]  (7.61 ns)

 <State 38>: 7.61ns
The critical path consists of the following:
	'hadd' operation ('somme', hlsed_neurons/solution1/.tcls/345.c:32) [157]  (7.61 ns)

 <State 39>: 7.61ns
The critical path consists of the following:
	'hadd' operation ('somme', hlsed_neurons/solution1/.tcls/345.c:33) [172]  (7.61 ns)

 <State 40>: 7.61ns
The critical path consists of the following:
	'hadd' operation ('somme', hlsed_neurons/solution1/.tcls/345.c:33) [172]  (7.61 ns)

 <State 41>: 7.61ns
The critical path consists of the following:
	'hadd' operation ('somme', hlsed_neurons/solution1/.tcls/345.c:33) [172]  (7.61 ns)

 <State 42>: 7.61ns
The critical path consists of the following:
	'hadd' operation ('somme', hlsed_neurons/solution1/.tcls/345.c:33) [172]  (7.61 ns)

 <State 43>: 7.61ns
The critical path consists of the following:
	'hadd' operation ('somme', hlsed_neurons/solution1/.tcls/345.c:33) [172]  (7.61 ns)

 <State 44>: 3.43ns
The critical path consists of the following:
	'hptodp' operation ('tmp', hlsed_neurons/solution1/.tcls/345.c:35) [177]  (3.43 ns)

 <State 45>: 7.79ns
The critical path consists of the following:
	'dmul' operation ('x', hlsed_neurons/solution1/.tcls/345.c:35) [178]  (7.79 ns)

 <State 46>: 7.79ns
The critical path consists of the following:
	'dmul' operation ('x', hlsed_neurons/solution1/.tcls/345.c:35) [178]  (7.79 ns)

 <State 47>: 7.79ns
The critical path consists of the following:
	'dmul' operation ('x', hlsed_neurons/solution1/.tcls/345.c:35) [178]  (7.79 ns)

 <State 48>: 7.79ns
The critical path consists of the following:
	'dmul' operation ('x', hlsed_neurons/solution1/.tcls/345.c:35) [178]  (7.79 ns)

 <State 49>: 7.79ns
The critical path consists of the following:
	'dmul' operation ('x', hlsed_neurons/solution1/.tcls/345.c:35) [178]  (7.79 ns)

 <State 50>: 7.79ns
The critical path consists of the following:
	'dmul' operation ('x', hlsed_neurons/solution1/.tcls/345.c:35) [178]  (7.79 ns)

 <State 51>: 8.23ns
The critical path consists of the following:
	'call' operation ('tmp_i', /wrk/2019.1/continuous/2019_05_24_2552052/src/products/hls/hls_lib/hlsmath/src/c/tanhdouble.cpp:7->hlsed_neurons/solution1/.tcls/345.c:35) to 'generic_tanh<double>' [179]  (8.23 ns)

 <State 52>: 3.39ns
The critical path consists of the following:
	'call' operation ('tmp_i', /wrk/2019.1/continuous/2019_05_24_2552052/src/products/hls/hls_lib/hlsmath/src/c/tanhdouble.cpp:7->hlsed_neurons/solution1/.tcls/345.c:35) to 'generic_tanh<double>' [179]  (3.39 ns)

 <State 53>: 7.79ns
The critical path consists of the following:
	'dmul' operation ('tmp_9', hlsed_neurons/solution1/.tcls/345.c:35) [180]  (7.79 ns)

 <State 54>: 7.79ns
The critical path consists of the following:
	'dmul' operation ('tmp_9', hlsed_neurons/solution1/.tcls/345.c:35) [180]  (7.79 ns)

 <State 55>: 7.79ns
The critical path consists of the following:
	'dmul' operation ('tmp_9', hlsed_neurons/solution1/.tcls/345.c:35) [180]  (7.79 ns)

 <State 56>: 7.79ns
The critical path consists of the following:
	'dmul' operation ('tmp_9', hlsed_neurons/solution1/.tcls/345.c:35) [180]  (7.79 ns)

 <State 57>: 7.79ns
The critical path consists of the following:
	'dmul' operation ('tmp_9', hlsed_neurons/solution1/.tcls/345.c:35) [180]  (7.79 ns)

 <State 58>: 7.79ns
The critical path consists of the following:
	'dmul' operation ('tmp_9', hlsed_neurons/solution1/.tcls/345.c:35) [180]  (7.79 ns)

 <State 59>: 5.71ns
The critical path consists of the following:
	'dptohp' operation ('tmp_s', hlsed_neurons/solution1/.tcls/345.c:35) [181]  (5.71 ns)

 <State 60>: 5.71ns
The critical path consists of the following:
	'dptohp' operation ('tmp_s', hlsed_neurons/solution1/.tcls/345.c:35) [181]  (5.71 ns)

 <State 61>: 3.25ns
The critical path consists of the following:
	'getelementptr' operation ('Layer3_Neurons_CPU_a', hlsed_neurons/solution1/.tcls/345.c:35) [185]  (0 ns)
	'store' operation ('store_ln35', hlsed_neurons/solution1/.tcls/345.c:35) of variable 'tmp_s', hlsed_neurons/solution1/.tcls/345.c:35 on array 'Layer3_Neurons_CPU' [186]  (3.25 ns)


============================================================
+ Verbose Summary: Binding
============================================================
N/A
* FSMD analyzer results:
  - Output states:
 - Input state : 
  - Chain level:
	State 1
	State 2
	State 3
	State 4
	State 5
	State 6
	State 7
	State 8
	State 9
	State 10
	State 11
	State 12
	State 13
	State 14
	State 15
	State 16
	State 17
	State 18
	State 19
	State 20
	State 21
	State 22
	State 23
	State 24
	State 25
	State 26
	State 27
	State 28
	State 29
	State 30
	State 31
	State 32
	State 33
	State 34
	State 35
	State 36
	State 37
	State 38
	State 39
	State 40
	State 41
	State 42
	State 43
	State 44
	State 45
	State 46
	State 47
	State 48
	State 49
	State 50
	State 51
	State 52
	State 53
	State 54
	State 55
	State 56
	State 57
	State 58
	State 59
	State 60
	State 61


============================================================
+ Verbose Summary: Datapath Resource usage 
============================================================
N/A
