

================================================================
== Vivado HLS Report for 'calculateLayer4'
================================================================
* Date:           Thu Dec 16 18:07:23 2021

* Version:        2019.1 (Build 2552052 on Fri May 24 15:28:33 MDT 2019)
* Project:        hlsed_neurons
* Solution:       solution1
* Product family: zynq
* Target device:  xc7z020-clg484-1


================================================================
== Performance Estimates
================================================================
+ Timing (ns): 
    * Summary: 
    +--------+-------+----------+------------+
    |  Clock | Target| Estimated| Uncertainty|
    +--------+-------+----------+------------+
    |ap_clk  |  10.00|     9.514|        1.25|
    +--------+-------+----------+------------+

+ Latency (clock cycles): 
    * Summary: 
    +---------+---------+---------+---------+---------+
    |      Latency      |      Interval     | Pipeline|
    |   min   |   max   |   min   |   max   |   Type  |
    +---------+---------+---------+---------+---------+
    |  1627101|  1634501|  1627101|  1634501|   none  |
    +---------+---------+---------+---------+---------+

    + Detail: 
        * Instance: 
        N/A

        * Loop: 
        +-------------+---------+---------+---------------+-----------+-----------+------+----------+
        |             |      Latency      |   Iteration   |  Initiation Interval  | Trip |          |
        |  Loop Name  |   min   |   max   |    Latency    |  achieved |   target  | Count| Pipelined|
        +-------------+---------+---------+---------------+-----------+-----------+------+----------+
        |- Loop 1     |  1627100|  1634500| 16271 ~ 16345 |          -|          -|   100|    no    |
        | + Loop 1.1  |    16250|    16250|             13|          -|          -|  1250|    no    |
        +-------------+---------+---------+---------------+-----------+-----------+------+----------+

============================================================
+ Verbose Summary: Synthesis Manager
============================================================
InlineROM: 1
ExposeGlobal: 0
============================================================
+ Verbose Summary: CDFG Model
============================================================
IsTopModel: 0
ResetActiveHigh: 1
IsCombinational: 0
IsDatapathOnly: 0
HasWiredReturn: 1
HasMFsm: 0
HasVarLatency: 1
IsPipeline: 0
IsRtlPipelined: 0
IsInstanceOverlapped: 0
IsDontTouch: 0
HasImplIP: 0
IsGatedGlobalClock: 0


============================================================
+ Verbose Summary: Schedule
============================================================
* Number of FSM states : 33
* Pipeline : 0
* Dataflow Pipeline: 0

* FSM state transitions: 
1 --> 2 
2 --> 3 
3 --> 4 
4 --> 5 17 
5 --> 6 
6 --> 7 
7 --> 8 
8 --> 9 
9 --> 10 
10 --> 11 
11 --> 12 
12 --> 13 
13 --> 14 
14 --> 15 
15 --> 16 
16 --> 4 
17 --> 18 
18 --> 19 
19 --> 20 
20 --> 21 
21 --> 22 
22 --> 23 
23 --> 24 
24 --> 25 
25 --> 26 
26 --> 27 
27 --> 28 
28 --> 29 
29 --> 30 
30 --> 31 
31 --> 32 
32 --> 33 
33 --> 2 

* FSM state operations: 

State 1 <SV = 0> <Delay = 1.76>
ST_1 : Operation 34 [1/1] (1.76ns)   --->   "br label %1" [hlsed_neurons/solution1/.tcls/345.c:42]   --->   Operation 34 'br' <Predicate = true> <Delay = 1.76>

State 2 <SV = 1> <Delay = 3.25>
ST_2 : Operation 35 [1/1] (0.00ns)   --->   "%i_0 = phi i7 [ 0, %0 ], [ %i, %3 ]"   --->   Operation 35 'phi' 'i_0' <Predicate = true> <Delay = 0.00>
ST_2 : Operation 36 [1/1] (0.00ns)   --->   "%phi_mul = phi i17 [ 0, %0 ], [ %add_ln42, %3 ]" [hlsed_neurons/solution1/.tcls/345.c:42]   --->   Operation 36 'phi' 'phi_mul' <Predicate = true> <Delay = 0.00>
ST_2 : Operation 37 [1/1] (2.10ns)   --->   "%add_ln42 = add i17 %phi_mul, 1251" [hlsed_neurons/solution1/.tcls/345.c:42]   --->   Operation 37 'add' 'add_ln42' <Predicate = true> <Delay = 2.10> <Core = "AddSub">   --->   Core 14 'AddSub' <Latency = 0> <II = 1> <Delay = 1.82> <FuncUnit> <Opcode : 'add' 'sub'> <InPorts = 2> <OutPorts = 1>
ST_2 : Operation 38 [1/1] (1.48ns)   --->   "%icmp_ln42 = icmp eq i7 %i_0, -28" [hlsed_neurons/solution1/.tcls/345.c:42]   --->   Operation 38 'icmp' 'icmp_ln42' <Predicate = true> <Delay = 1.48> <Core = "Cmp">   --->   Core 25 'Cmp' <Latency = 0> <II = 1> <Delay = 1.13> <FuncUnit> <Opcode : 'icmp'> <InPorts = 2> <OutPorts = 1>
ST_2 : Operation 39 [1/1] (0.00ns)   --->   "%empty = call i32 (...)* @_ssdm_op_SpecLoopTripCount(i64 100, i64 100, i64 100)"   --->   Operation 39 'speclooptripcount' 'empty' <Predicate = true> <Delay = 0.00>
ST_2 : Operation 40 [1/1] (1.87ns)   --->   "%i = add i7 %i_0, 1" [hlsed_neurons/solution1/.tcls/345.c:42]   --->   Operation 40 'add' 'i' <Predicate = true> <Delay = 1.87> <Core = "AddSub">   --->   Core 14 'AddSub' <Latency = 0> <II = 1> <Delay = 1.82> <FuncUnit> <Opcode : 'add' 'sub'> <InPorts = 2> <OutPorts = 1>
ST_2 : Operation 41 [1/1] (0.00ns)   --->   "br i1 %icmp_ln42, label %4, label %2" [hlsed_neurons/solution1/.tcls/345.c:42]   --->   Operation 41 'br' <Predicate = true> <Delay = 0.00>
ST_2 : Operation 42 [1/1] (0.00ns)   --->   "%zext_ln43 = zext i17 %phi_mul to i64" [hlsed_neurons/solution1/.tcls/345.c:43]   --->   Operation 42 'zext' 'zext_ln43' <Predicate = (!icmp_ln42)> <Delay = 0.00>
ST_2 : Operation 43 [1/1] (0.00ns)   --->   "%Layer3_Weights_CPU_a = getelementptr inbounds [125100 x float]* @Layer3_Weights_CPU, i64 0, i64 %zext_ln43" [hlsed_neurons/solution1/.tcls/345.c:43]   --->   Operation 43 'getelementptr' 'Layer3_Weights_CPU_a' <Predicate = (!icmp_ln42)> <Delay = 0.00>
ST_2 : Operation 44 [2/2] (3.25ns)   --->   "%somme = load float* %Layer3_Weights_CPU_a, align 4" [hlsed_neurons/solution1/.tcls/345.c:43]   --->   Operation 44 'load' 'somme' <Predicate = (!icmp_ln42)> <Delay = 3.25> <Core = "ROM_nP">   --->   Core 52 'ROM_nP' <Latency = 1> <II = 1> <Delay = 3.25> <Storage> <Opcode : 'load'> <Ports = 0> <Width = 32> <Depth = 125100> <ROM>
ST_2 : Operation 45 [1/1] (0.00ns)   --->   "ret void" [hlsed_neurons/solution1/.tcls/345.c:53]   --->   Operation 45 'ret' <Predicate = (icmp_ln42)> <Delay = 0.00>

State 3 <SV = 2> <Delay = 3.25>
ST_3 : Operation 46 [1/2] (3.25ns)   --->   "%somme = load float* %Layer3_Weights_CPU_a, align 4" [hlsed_neurons/solution1/.tcls/345.c:43]   --->   Operation 46 'load' 'somme' <Predicate = true> <Delay = 3.25> <Core = "ROM_nP">   --->   Core 52 'ROM_nP' <Latency = 1> <II = 1> <Delay = 3.25> <Storage> <Opcode : 'load'> <Ports = 0> <Width = 32> <Depth = 125100> <ROM>
ST_3 : Operation 47 [1/1] (1.76ns)   --->   "br label %.preheader" [hlsed_neurons/solution1/.tcls/345.c:44]   --->   Operation 47 'br' <Predicate = true> <Delay = 1.76>

State 4 <SV = 3> <Delay = 7.05>
ST_4 : Operation 48 [1/1] (0.00ns)   --->   "%indvar_flatten19 = phi i11 [ 0, %2 ], [ %add_ln44_1, %.preheader1.preheader ]" [hlsed_neurons/solution1/.tcls/345.c:44]   --->   Operation 48 'phi' 'indvar_flatten19' <Predicate = true> <Delay = 0.00>
ST_4 : Operation 49 [1/1] (0.00ns)   --->   "%j_0 = phi i6 [ 0, %2 ], [ %select_ln44_1, %.preheader1.preheader ]" [hlsed_neurons/solution1/.tcls/345.c:44]   --->   Operation 49 'phi' 'j_0' <Predicate = true> <Delay = 0.00>
ST_4 : Operation 50 [1/1] (0.00ns)   --->   "%indvar_flatten = phi i6 [ 0, %2 ], [ %select_ln45_3, %.preheader1.preheader ]" [hlsed_neurons/solution1/.tcls/345.c:45]   --->   Operation 50 'phi' 'indvar_flatten' <Predicate = true> <Delay = 0.00>
ST_4 : Operation 51 [1/1] (0.00ns)   --->   "%k_0 = phi i3 [ 0, %2 ], [ %select_ln45_2, %.preheader1.preheader ]" [hlsed_neurons/solution1/.tcls/345.c:45]   --->   Operation 51 'phi' 'k_0' <Predicate = true> <Delay = 0.00>
ST_4 : Operation 52 [1/1] (0.00ns)   --->   "%somme_2 = phi float [ %somme, %2 ], [ %somme_3, %.preheader1.preheader ]"   --->   Operation 52 'phi' 'somme_2' <Predicate = true> <Delay = 0.00>
ST_4 : Operation 53 [1/1] (0.00ns)   --->   "%m_0 = phi i3 [ 0, %2 ], [ %m, %.preheader1.preheader ]"   --->   Operation 53 'phi' 'm_0' <Predicate = true> <Delay = 0.00>
ST_4 : Operation 54 [1/1] (0.00ns)   --->   "%zext_ln45 = zext i3 %k_0 to i5" [hlsed_neurons/solution1/.tcls/345.c:45]   --->   Operation 54 'zext' 'zext_ln45' <Predicate = true> <Delay = 0.00>
ST_4 : Operation 55 [1/1] (0.00ns)   --->   "%shl_ln = call i5 @_ssdm_op_BitConcatenate.i5.i3.i2(i3 %k_0, i2 0)" [hlsed_neurons/solution1/.tcls/345.c:48]   --->   Operation 55 'bitconcatenate' 'shl_ln' <Predicate = true> <Delay = 0.00>
ST_4 : Operation 56 [1/1] (1.78ns)   --->   "%add_ln48 = add i5 %zext_ln45, %shl_ln" [hlsed_neurons/solution1/.tcls/345.c:48]   --->   Operation 56 'add' 'add_ln48' <Predicate = true> <Delay = 1.78> <Core = "AddSub">   --->   Core 14 'AddSub' <Latency = 0> <II = 1> <Delay = 1.82> <FuncUnit> <Opcode : 'add' 'sub'> <InPorts = 2> <OutPorts = 1>
ST_4 : Operation 57 [1/1] (1.88ns)   --->   "%icmp_ln44 = icmp eq i11 %indvar_flatten19, -798" [hlsed_neurons/solution1/.tcls/345.c:44]   --->   Operation 57 'icmp' 'icmp_ln44' <Predicate = true> <Delay = 1.88> <Core = "Cmp">   --->   Core 25 'Cmp' <Latency = 0> <II = 1> <Delay = 1.13> <FuncUnit> <Opcode : 'icmp'> <InPorts = 2> <OutPorts = 1>
ST_4 : Operation 58 [1/1] (1.63ns)   --->   "%add_ln44_1 = add i11 %indvar_flatten19, 1" [hlsed_neurons/solution1/.tcls/345.c:44]   --->   Operation 58 'add' 'add_ln44_1' <Predicate = true> <Delay = 1.63> <Core = "AddSub">   --->   Core 14 'AddSub' <Latency = 0> <II = 1> <Delay = 1.82> <FuncUnit> <Opcode : 'add' 'sub'> <InPorts = 2> <OutPorts = 1>
ST_4 : Operation 59 [1/1] (0.00ns)   --->   "br i1 %icmp_ln44, label %3, label %.preheader1.preheader" [hlsed_neurons/solution1/.tcls/345.c:44]   --->   Operation 59 'br' <Predicate = true> <Delay = 0.00>
ST_4 : Operation 60 [1/1] (1.42ns)   --->   "%icmp_ln45 = icmp eq i6 %indvar_flatten, 25" [hlsed_neurons/solution1/.tcls/345.c:45]   --->   Operation 60 'icmp' 'icmp_ln45' <Predicate = (!icmp_ln44)> <Delay = 1.42> <Core = "Cmp">   --->   Core 25 'Cmp' <Latency = 0> <II = 1> <Delay = 1.13> <FuncUnit> <Opcode : 'icmp'> <InPorts = 2> <OutPorts = 1>
ST_4 : Operation 61 [1/1] (0.98ns)   --->   "%select_ln44 = select i1 %icmp_ln45, i3 0, i3 %k_0" [hlsed_neurons/solution1/.tcls/345.c:44]   --->   Operation 61 'select' 'select_ln44' <Predicate = (!icmp_ln44)> <Delay = 0.98> <Core = "Sel">   --->   Core 26 'Sel' <Latency = 0> <II = 1> <Delay = 1.18> <FuncUnit> <Opcode : 'select'> <InPorts = 3> <OutPorts = 1>
ST_4 : Operation 62 [1/1] (1.82ns)   --->   "%add_ln44_2 = add i6 1, %j_0" [hlsed_neurons/solution1/.tcls/345.c:44]   --->   Operation 62 'add' 'add_ln44_2' <Predicate = (!icmp_ln44)> <Delay = 1.82> <Core = "AddSub">   --->   Core 14 'AddSub' <Latency = 0> <II = 1> <Delay = 1.82> <FuncUnit> <Opcode : 'add' 'sub'> <InPorts = 2> <OutPorts = 1>
ST_4 : Operation 63 [1/1] (1.18ns)   --->   "%select_ln44_1 = select i1 %icmp_ln45, i6 %add_ln44_2, i6 %j_0" [hlsed_neurons/solution1/.tcls/345.c:44]   --->   Operation 63 'select' 'select_ln44_1' <Predicate = (!icmp_ln44)> <Delay = 1.18> <Core = "Sel">   --->   Core 26 'Sel' <Latency = 0> <II = 1> <Delay = 1.18> <FuncUnit> <Opcode : 'select'> <InPorts = 3> <OutPorts = 1>
ST_4 : Operation 64 [1/1] (0.00ns) (grouped into LUT with out node select_ln45_1)   --->   "%select_ln44_2 = select i1 %icmp_ln45, i5 0, i5 %add_ln48" [hlsed_neurons/solution1/.tcls/345.c:44]   --->   Operation 64 'select' 'select_ln44_2' <Predicate = (!icmp_ln44)> <Delay = 0.00> <Core = "Sel">   --->   Core 26 'Sel' <Latency = 0> <II = 1> <Delay = 1.18> <FuncUnit> <Opcode : 'select'> <InPorts = 3> <OutPorts = 1>
ST_4 : Operation 65 [1/1] (0.00ns) (grouped into LUT with out node and_ln44)   --->   "%xor_ln44 = xor i1 %icmp_ln45, true" [hlsed_neurons/solution1/.tcls/345.c:44]   --->   Operation 65 'xor' 'xor_ln44' <Predicate = (!icmp_ln44)> <Delay = 0.00> <Core = "LogicGate">   --->   Core 27 'LogicGate' <Latency = 0> <II = 1> <Delay = 0.97> <FuncUnit> <Opcode : 'and' 'or' 'xor'> <InPorts = 2> <OutPorts = 1>
ST_4 : Operation 66 [1/1] (1.13ns)   --->   "%icmp_ln46 = icmp eq i3 %m_0, -3" [hlsed_neurons/solution1/.tcls/345.c:46]   --->   Operation 66 'icmp' 'icmp_ln46' <Predicate = (!icmp_ln44)> <Delay = 1.13> <Core = "Cmp">   --->   Core 25 'Cmp' <Latency = 0> <II = 1> <Delay = 1.13> <FuncUnit> <Opcode : 'icmp'> <InPorts = 2> <OutPorts = 1>
ST_4 : Operation 67 [1/1] (0.97ns) (out node of the LUT)   --->   "%and_ln44 = and i1 %icmp_ln46, %xor_ln44" [hlsed_neurons/solution1/.tcls/345.c:44]   --->   Operation 67 'and' 'and_ln44' <Predicate = (!icmp_ln44)> <Delay = 0.97> <Core = "LogicGate">   --->   Core 27 'LogicGate' <Latency = 0> <II = 1> <Delay = 0.97> <FuncUnit> <Opcode : 'and' 'or' 'xor'> <InPorts = 2> <OutPorts = 1>
ST_4 : Operation 68 [1/1] (1.65ns)   --->   "%k = add i3 1, %select_ln44" [hlsed_neurons/solution1/.tcls/345.c:45]   --->   Operation 68 'add' 'k' <Predicate = (!icmp_ln44)> <Delay = 1.65> <Core = "AddSub">   --->   Core 14 'AddSub' <Latency = 0> <II = 1> <Delay = 1.82> <FuncUnit> <Opcode : 'add' 'sub'> <InPorts = 2> <OutPorts = 1>
ST_4 : Operation 69 [1/1] (0.00ns) (grouped into LUT with out node select_ln45)   --->   "%or_ln45 = or i1 %and_ln44, %icmp_ln45" [hlsed_neurons/solution1/.tcls/345.c:45]   --->   Operation 69 'or' 'or_ln45' <Predicate = (!icmp_ln44)> <Delay = 0.00> <Core = "LogicGate">   --->   Core 27 'LogicGate' <Latency = 0> <II = 1> <Delay = 0.97> <FuncUnit> <Opcode : 'and' 'or' 'xor'> <InPorts = 2> <OutPorts = 1>
ST_4 : Operation 70 [1/1] (0.98ns) (out node of the LUT)   --->   "%select_ln45 = select i1 %or_ln45, i3 0, i3 %m_0" [hlsed_neurons/solution1/.tcls/345.c:45]   --->   Operation 70 'select' 'select_ln45' <Predicate = (!icmp_ln44)> <Delay = 0.98> <Core = "Sel">   --->   Core 26 'Sel' <Latency = 0> <II = 1> <Delay = 1.18> <FuncUnit> <Opcode : 'select'> <InPorts = 3> <OutPorts = 1>
ST_4 : Operation 71 [1/1] (0.00ns)   --->   "%zext_ln45_1 = zext i3 %k to i5" [hlsed_neurons/solution1/.tcls/345.c:45]   --->   Operation 71 'zext' 'zext_ln45_1' <Predicate = (!icmp_ln44)> <Delay = 0.00>
ST_4 : Operation 72 [1/1] (0.00ns)   --->   "%shl_ln48_mid1 = call i5 @_ssdm_op_BitConcatenate.i5.i3.i2(i3 %k, i2 0)" [hlsed_neurons/solution1/.tcls/345.c:48]   --->   Operation 72 'bitconcatenate' 'shl_ln48_mid1' <Predicate = (!icmp_ln44)> <Delay = 0.00>
ST_4 : Operation 73 [1/1] (1.78ns)   --->   "%add_ln48_1 = add i5 %shl_ln48_mid1, %zext_ln45_1" [hlsed_neurons/solution1/.tcls/345.c:48]   --->   Operation 73 'add' 'add_ln48_1' <Predicate = (!icmp_ln44)> <Delay = 1.78> <Core = "AddSub">   --->   Core 14 'AddSub' <Latency = 0> <II = 1> <Delay = 1.82> <FuncUnit> <Opcode : 'add' 'sub'> <InPorts = 2> <OutPorts = 1>
ST_4 : Operation 74 [1/1] (1.21ns) (out node of the LUT)   --->   "%select_ln45_1 = select i1 %and_ln44, i5 %add_ln48_1, i5 %select_ln44_2" [hlsed_neurons/solution1/.tcls/345.c:45]   --->   Operation 74 'select' 'select_ln45_1' <Predicate = (!icmp_ln44)> <Delay = 1.21> <Core = "Sel">   --->   Core 26 'Sel' <Latency = 0> <II = 1> <Delay = 1.18> <FuncUnit> <Opcode : 'select'> <InPorts = 3> <OutPorts = 1>
ST_4 : Operation 75 [1/1] (0.98ns)   --->   "%select_ln45_2 = select i1 %and_ln44, i3 %k, i3 %select_ln44" [hlsed_neurons/solution1/.tcls/345.c:45]   --->   Operation 75 'select' 'select_ln45_2' <Predicate = (!icmp_ln44)> <Delay = 0.98> <Core = "Sel">   --->   Core 26 'Sel' <Latency = 0> <II = 1> <Delay = 1.18> <FuncUnit> <Opcode : 'select'> <InPorts = 3> <OutPorts = 1>
ST_4 : Operation 76 [1/1] (1.82ns)   --->   "%add_ln45_1 = add i6 1, %indvar_flatten" [hlsed_neurons/solution1/.tcls/345.c:45]   --->   Operation 76 'add' 'add_ln45_1' <Predicate = (!icmp_ln44)> <Delay = 1.82> <Core = "AddSub">   --->   Core 14 'AddSub' <Latency = 0> <II = 1> <Delay = 1.82> <FuncUnit> <Opcode : 'add' 'sub'> <InPorts = 2> <OutPorts = 1>
ST_4 : Operation 77 [1/1] (1.18ns)   --->   "%select_ln45_3 = select i1 %icmp_ln45, i6 1, i6 %add_ln45_1" [hlsed_neurons/solution1/.tcls/345.c:45]   --->   Operation 77 'select' 'select_ln45_3' <Predicate = (!icmp_ln44)> <Delay = 1.18> <Core = "Sel">   --->   Core 26 'Sel' <Latency = 0> <II = 1> <Delay = 1.18> <FuncUnit> <Opcode : 'select'> <InPorts = 3> <OutPorts = 1>
ST_4 : Operation 78 [2/2] (4.43ns)   --->   "%tmp = fpext float %somme_2 to double" [hlsed_neurons/solution1/.tcls/345.c:50]   --->   Operation 78 'fpext' 'tmp' <Predicate = (icmp_ln44)> <Delay = 4.43> <Core = "Float2Double">   --->   Core 114 'Float2Double' <Latency = 1> <II = 1> <Delay = 4.43> <FuncUnit> <Opcode : 'fpext'> <InPorts = 1> <OutPorts = 1>

State 5 <SV = 4> <Delay = 7.71>
ST_5 : Operation 79 [1/1] (0.00ns)   --->   "%zext_ln44 = zext i6 %select_ln44_1 to i12" [hlsed_neurons/solution1/.tcls/345.c:44]   --->   Operation 79 'zext' 'zext_ln44' <Predicate = true> <Delay = 0.00>
ST_5 : Operation 80 [1/1] (3.78ns)   --->   "%mul_ln44 = mul i12 25, %zext_ln44" [hlsed_neurons/solution1/.tcls/345.c:44]   --->   Operation 80 'mul' 'mul_ln44' <Predicate = true> <Delay = 3.78> <Core = "Mul">   --->   Core 16 'Mul' <Latency = 0> <II = 1> <Delay = 3.78> <FuncUnit> <Opcode : 'mul'> <InPorts = 2> <OutPorts = 1>
ST_5 : Operation 81 [1/1] (0.00ns)   --->   "%trunc_ln44 = trunc i12 %mul_ln44 to i11" [hlsed_neurons/solution1/.tcls/345.c:44]   --->   Operation 81 'trunc' 'trunc_ln44' <Predicate = true> <Delay = 0.00>
ST_5 : Operation 82 [1/1] (0.00ns)   --->   "%zext_ln44_1 = zext i12 %mul_ln44 to i17" [hlsed_neurons/solution1/.tcls/345.c:44]   --->   Operation 82 'zext' 'zext_ln44_1' <Predicate = true> <Delay = 0.00>
ST_5 : Operation 83 [1/1] (0.00ns) (grouped into TernaryAdder)   --->   "%add_ln44 = add i17 %phi_mul, %zext_ln44_1" [hlsed_neurons/solution1/.tcls/345.c:44]   --->   Operation 83 'add' 'add_ln44' <Predicate = true> <Delay = 0.00> <Core = "TAddSub">   --->   Core 83 'TAddSub' <Latency = 0> <II = 1> <Delay = 1.96> <IPBlock> <Opcode : 'add' 'sub'> <InPorts = 3> <OutPorts = 1> <Sync> <CReg>
ST_5 : Operation 84 [1/1] (0.00ns)   --->   "%zext_ln46 = zext i3 %select_ln45 to i5" [hlsed_neurons/solution1/.tcls/345.c:46]   --->   Operation 84 'zext' 'zext_ln46' <Predicate = true> <Delay = 0.00>
ST_5 : Operation 85 [1/1] (1.65ns)   --->   "%m = add i3 1, %select_ln45" [hlsed_neurons/solution1/.tcls/345.c:48]   --->   Operation 85 'add' 'm' <Predicate = true> <Delay = 1.65> <Core = "AddSub">   --->   Core 14 'AddSub' <Latency = 0> <II = 1> <Delay = 1.82> <FuncUnit> <Opcode : 'add' 'sub'> <InPorts = 2> <OutPorts = 1>
ST_5 : Operation 86 [1/1] (0.00ns)   --->   "%zext_ln48_2 = zext i3 %m to i5" [hlsed_neurons/solution1/.tcls/345.c:48]   --->   Operation 86 'zext' 'zext_ln48_2' <Predicate = true> <Delay = 0.00>
ST_5 : Operation 87 [1/1] (1.78ns)   --->   "%add_ln48_4 = add i5 %zext_ln48_2, %select_ln45_1" [hlsed_neurons/solution1/.tcls/345.c:48]   --->   Operation 87 'add' 'add_ln48_4' <Predicate = true> <Delay = 1.78> <Core = "AddSub">   --->   Core 14 'AddSub' <Latency = 0> <II = 1> <Delay = 1.82> <FuncUnit> <Opcode : 'add' 'sub'> <InPorts = 2> <OutPorts = 1>
ST_5 : Operation 88 [1/1] (0.00ns)   --->   "%zext_ln48_3 = zext i5 %add_ln48_4 to i17" [hlsed_neurons/solution1/.tcls/345.c:48]   --->   Operation 88 'zext' 'zext_ln48_3' <Predicate = true> <Delay = 0.00>
ST_5 : Operation 89 [1/1] (3.93ns) (root node of TernaryAdder)   --->   "%add_ln48_3 = add i17 %zext_ln48_3, %add_ln44" [hlsed_neurons/solution1/.tcls/345.c:48]   --->   Operation 89 'add' 'add_ln48_3' <Predicate = true> <Delay = 3.93> <Core = "TAddSub">   --->   Core 83 'TAddSub' <Latency = 0> <II = 1> <Delay = 1.96> <IPBlock> <Opcode : 'add' 'sub'> <InPorts = 3> <OutPorts = 1> <Sync> <CReg>
ST_5 : Operation 90 [1/1] (1.78ns)   --->   "%add_ln48_6 = add i5 %select_ln45_1, %zext_ln46" [hlsed_neurons/solution1/.tcls/345.c:48]   --->   Operation 90 'add' 'add_ln48_6' <Predicate = true> <Delay = 1.78> <Core = "AddSub">   --->   Core 14 'AddSub' <Latency = 0> <II = 1> <Delay = 1.82> <FuncUnit> <Opcode : 'add' 'sub'> <InPorts = 2> <OutPorts = 1>
ST_5 : Operation 91 [1/1] (0.00ns)   --->   "%zext_ln48_4 = zext i5 %add_ln48_6 to i11" [hlsed_neurons/solution1/.tcls/345.c:48]   --->   Operation 91 'zext' 'zext_ln48_4' <Predicate = true> <Delay = 0.00>
ST_5 : Operation 92 [1/1] (1.63ns)   --->   "%add_ln48_5 = add i11 %zext_ln48_4, %trunc_ln44" [hlsed_neurons/solution1/.tcls/345.c:48]   --->   Operation 92 'add' 'add_ln48_5' <Predicate = true> <Delay = 1.63> <Core = "AddSub">   --->   Core 14 'AddSub' <Latency = 0> <II = 1> <Delay = 1.82> <FuncUnit> <Opcode : 'add' 'sub'> <InPorts = 2> <OutPorts = 1>

State 6 <SV = 5> <Delay = 3.25>
ST_6 : Operation 93 [1/1] (0.00ns)   --->   "%zext_ln48 = zext i17 %add_ln48_3 to i64" [hlsed_neurons/solution1/.tcls/345.c:48]   --->   Operation 93 'zext' 'zext_ln48' <Predicate = true> <Delay = 0.00>
ST_6 : Operation 94 [1/1] (0.00ns)   --->   "%Layer3_Weights_CPU_a_1 = getelementptr inbounds [125100 x float]* @Layer3_Weights_CPU, i64 0, i64 %zext_ln48" [hlsed_neurons/solution1/.tcls/345.c:48]   --->   Operation 94 'getelementptr' 'Layer3_Weights_CPU_a_1' <Predicate = true> <Delay = 0.00>
ST_6 : Operation 95 [2/2] (3.25ns)   --->   "%Layer3_Weights_CPU_l = load float* %Layer3_Weights_CPU_a_1, align 4" [hlsed_neurons/solution1/.tcls/345.c:48]   --->   Operation 95 'load' 'Layer3_Weights_CPU_l' <Predicate = true> <Delay = 3.25> <Core = "ROM_nP">   --->   Core 52 'ROM_nP' <Latency = 1> <II = 1> <Delay = 3.25> <Storage> <Opcode : 'load'> <Ports = 0> <Width = 32> <Depth = 125100> <ROM>
ST_6 : Operation 96 [1/1] (0.00ns)   --->   "%zext_ln48_1 = zext i11 %add_ln48_5 to i64" [hlsed_neurons/solution1/.tcls/345.c:48]   --->   Operation 96 'zext' 'zext_ln48_1' <Predicate = true> <Delay = 0.00>
ST_6 : Operation 97 [1/1] (0.00ns)   --->   "%Layer3_Neurons_CPU_a = getelementptr [1250 x float]* %Layer3_Neurons_CPU, i64 0, i64 %zext_ln48_1" [hlsed_neurons/solution1/.tcls/345.c:48]   --->   Operation 97 'getelementptr' 'Layer3_Neurons_CPU_a' <Predicate = true> <Delay = 0.00>
ST_6 : Operation 98 [2/2] (3.25ns)   --->   "%Layer3_Neurons_CPU_l = load float* %Layer3_Neurons_CPU_a, align 4" [hlsed_neurons/solution1/.tcls/345.c:48]   --->   Operation 98 'load' 'Layer3_Neurons_CPU_l' <Predicate = true> <Delay = 3.25> <Core = "RAM">   --->   Core 37 'RAM' <Latency = 1> <II = 1> <Delay = 3.25> <Storage> <Opcode : 'load' 'store'> <Ports = 2> <Width = 32> <Depth = 100> <RAM>

State 7 <SV = 6> <Delay = 3.25>
ST_7 : Operation 99 [1/2] (3.25ns)   --->   "%Layer3_Weights_CPU_l = load float* %Layer3_Weights_CPU_a_1, align 4" [hlsed_neurons/solution1/.tcls/345.c:48]   --->   Operation 99 'load' 'Layer3_Weights_CPU_l' <Predicate = true> <Delay = 3.25> <Core = "ROM_nP">   --->   Core 52 'ROM_nP' <Latency = 1> <II = 1> <Delay = 3.25> <Storage> <Opcode : 'load'> <Ports = 0> <Width = 32> <Depth = 125100> <ROM>
ST_7 : Operation 100 [1/2] (3.25ns)   --->   "%Layer3_Neurons_CPU_l = load float* %Layer3_Neurons_CPU_a, align 4" [hlsed_neurons/solution1/.tcls/345.c:48]   --->   Operation 100 'load' 'Layer3_Neurons_CPU_l' <Predicate = true> <Delay = 3.25> <Core = "RAM">   --->   Core 37 'RAM' <Latency = 1> <II = 1> <Delay = 3.25> <Storage> <Opcode : 'load' 'store'> <Ports = 2> <Width = 32> <Depth = 100> <RAM>

State 8 <SV = 7> <Delay = 5.70>
ST_8 : Operation 101 [4/4] (5.70ns)   --->   "%tmp_7 = fmul float %Layer3_Weights_CPU_l, %Layer3_Neurons_CPU_l" [hlsed_neurons/solution1/.tcls/345.c:48]   --->   Operation 101 'fmul' 'tmp_7' <Predicate = true> <Delay = 5.70> <Core = "FMul">   --->   Core 106 'FMul' <Latency = 3> <II = 1> <Delay = 5.70> <FuncUnit> <Opcode : 'fmul'> <InPorts = 2> <OutPorts = 1>

State 9 <SV = 8> <Delay = 5.70>
ST_9 : Operation 102 [3/4] (5.70ns)   --->   "%tmp_7 = fmul float %Layer3_Weights_CPU_l, %Layer3_Neurons_CPU_l" [hlsed_neurons/solution1/.tcls/345.c:48]   --->   Operation 102 'fmul' 'tmp_7' <Predicate = true> <Delay = 5.70> <Core = "FMul">   --->   Core 106 'FMul' <Latency = 3> <II = 1> <Delay = 5.70> <FuncUnit> <Opcode : 'fmul'> <InPorts = 2> <OutPorts = 1>

State 10 <SV = 9> <Delay = 5.70>
ST_10 : Operation 103 [2/4] (5.70ns)   --->   "%tmp_7 = fmul float %Layer3_Weights_CPU_l, %Layer3_Neurons_CPU_l" [hlsed_neurons/solution1/.tcls/345.c:48]   --->   Operation 103 'fmul' 'tmp_7' <Predicate = true> <Delay = 5.70> <Core = "FMul">   --->   Core 106 'FMul' <Latency = 3> <II = 1> <Delay = 5.70> <FuncUnit> <Opcode : 'fmul'> <InPorts = 2> <OutPorts = 1>

State 11 <SV = 10> <Delay = 5.70>
ST_11 : Operation 104 [1/4] (5.70ns)   --->   "%tmp_7 = fmul float %Layer3_Weights_CPU_l, %Layer3_Neurons_CPU_l" [hlsed_neurons/solution1/.tcls/345.c:48]   --->   Operation 104 'fmul' 'tmp_7' <Predicate = true> <Delay = 5.70> <Core = "FMul">   --->   Core 106 'FMul' <Latency = 3> <II = 1> <Delay = 5.70> <FuncUnit> <Opcode : 'fmul'> <InPorts = 2> <OutPorts = 1>

State 12 <SV = 11> <Delay = 7.25>
ST_12 : Operation 105 [5/5] (7.25ns)   --->   "%somme_3 = fadd float %somme_2, %tmp_7" [hlsed_neurons/solution1/.tcls/345.c:48]   --->   Operation 105 'fadd' 'somme_3' <Predicate = true> <Delay = 7.25> <Core = "FAddSub">   --->   Core 105 'FAddSub' <Latency = 4> <II = 1> <Delay = 7.25> <FuncUnit> <Opcode : 'fadd' 'fsub'> <InPorts = 2> <OutPorts = 1>

State 13 <SV = 12> <Delay = 7.25>
ST_13 : Operation 106 [4/5] (7.25ns)   --->   "%somme_3 = fadd float %somme_2, %tmp_7" [hlsed_neurons/solution1/.tcls/345.c:48]   --->   Operation 106 'fadd' 'somme_3' <Predicate = true> <Delay = 7.25> <Core = "FAddSub">   --->   Core 105 'FAddSub' <Latency = 4> <II = 1> <Delay = 7.25> <FuncUnit> <Opcode : 'fadd' 'fsub'> <InPorts = 2> <OutPorts = 1>

State 14 <SV = 13> <Delay = 7.25>
ST_14 : Operation 107 [3/5] (7.25ns)   --->   "%somme_3 = fadd float %somme_2, %tmp_7" [hlsed_neurons/solution1/.tcls/345.c:48]   --->   Operation 107 'fadd' 'somme_3' <Predicate = true> <Delay = 7.25> <Core = "FAddSub">   --->   Core 105 'FAddSub' <Latency = 4> <II = 1> <Delay = 7.25> <FuncUnit> <Opcode : 'fadd' 'fsub'> <InPorts = 2> <OutPorts = 1>

State 15 <SV = 14> <Delay = 7.25>
ST_15 : Operation 108 [2/5] (7.25ns)   --->   "%somme_3 = fadd float %somme_2, %tmp_7" [hlsed_neurons/solution1/.tcls/345.c:48]   --->   Operation 108 'fadd' 'somme_3' <Predicate = true> <Delay = 7.25> <Core = "FAddSub">   --->   Core 105 'FAddSub' <Latency = 4> <II = 1> <Delay = 7.25> <FuncUnit> <Opcode : 'fadd' 'fsub'> <InPorts = 2> <OutPorts = 1>

State 16 <SV = 15> <Delay = 7.25>
ST_16 : Operation 109 [1/1] (0.00ns)   --->   "%empty_31 = call i32 (...)* @_ssdm_op_SpecLoopTripCount(i64 1250, i64 1250, i64 1250)"   --->   Operation 109 'speclooptripcount' 'empty_31' <Predicate = true> <Delay = 0.00>
ST_16 : Operation 110 [1/5] (7.25ns)   --->   "%somme_3 = fadd float %somme_2, %tmp_7" [hlsed_neurons/solution1/.tcls/345.c:48]   --->   Operation 110 'fadd' 'somme_3' <Predicate = true> <Delay = 7.25> <Core = "FAddSub">   --->   Core 105 'FAddSub' <Latency = 4> <II = 1> <Delay = 7.25> <FuncUnit> <Opcode : 'fadd' 'fsub'> <InPorts = 2> <OutPorts = 1>
ST_16 : Operation 111 [1/1] (0.00ns)   --->   "br label %.preheader" [hlsed_neurons/solution1/.tcls/345.c:46]   --->   Operation 111 'br' <Predicate = true> <Delay = 0.00>

State 17 <SV = 4> <Delay = 4.43>
ST_17 : Operation 112 [1/2] (4.43ns)   --->   "%tmp = fpext float %somme_2 to double" [hlsed_neurons/solution1/.tcls/345.c:50]   --->   Operation 112 'fpext' 'tmp' <Predicate = true> <Delay = 4.43> <Core = "Float2Double">   --->   Core 114 'Float2Double' <Latency = 1> <II = 1> <Delay = 4.43> <FuncUnit> <Opcode : 'fpext'> <InPorts = 1> <OutPorts = 1>

State 18 <SV = 5> <Delay = 7.78>
ST_18 : Operation 113 [6/6] (7.78ns)   --->   "%x_assign = fmul double %tmp, 0x3FE55555571F7693" [hlsed_neurons/solution1/.tcls/345.c:50]   --->   Operation 113 'dmul' 'x_assign' <Predicate = true> <Delay = 7.78> <Core = "DMul">   --->   Core 116 'DMul' <Latency = 5> <II = 1> <Delay = 7.78> <FuncUnit> <Opcode : 'dmul'> <InPorts = 2> <OutPorts = 1>

State 19 <SV = 6> <Delay = 7.78>
ST_19 : Operation 114 [5/6] (7.78ns)   --->   "%x_assign = fmul double %tmp, 0x3FE55555571F7693" [hlsed_neurons/solution1/.tcls/345.c:50]   --->   Operation 114 'dmul' 'x_assign' <Predicate = true> <Delay = 7.78> <Core = "DMul">   --->   Core 116 'DMul' <Latency = 5> <II = 1> <Delay = 7.78> <FuncUnit> <Opcode : 'dmul'> <InPorts = 2> <OutPorts = 1>

State 20 <SV = 7> <Delay = 7.78>
ST_20 : Operation 115 [4/6] (7.78ns)   --->   "%x_assign = fmul double %tmp, 0x3FE55555571F7693" [hlsed_neurons/solution1/.tcls/345.c:50]   --->   Operation 115 'dmul' 'x_assign' <Predicate = true> <Delay = 7.78> <Core = "DMul">   --->   Core 116 'DMul' <Latency = 5> <II = 1> <Delay = 7.78> <FuncUnit> <Opcode : 'dmul'> <InPorts = 2> <OutPorts = 1>

State 21 <SV = 8> <Delay = 7.78>
ST_21 : Operation 116 [3/6] (7.78ns)   --->   "%x_assign = fmul double %tmp, 0x3FE55555571F7693" [hlsed_neurons/solution1/.tcls/345.c:50]   --->   Operation 116 'dmul' 'x_assign' <Predicate = true> <Delay = 7.78> <Core = "DMul">   --->   Core 116 'DMul' <Latency = 5> <II = 1> <Delay = 7.78> <FuncUnit> <Opcode : 'dmul'> <InPorts = 2> <OutPorts = 1>

State 22 <SV = 9> <Delay = 7.78>
ST_22 : Operation 117 [2/6] (7.78ns)   --->   "%x_assign = fmul double %tmp, 0x3FE55555571F7693" [hlsed_neurons/solution1/.tcls/345.c:50]   --->   Operation 117 'dmul' 'x_assign' <Predicate = true> <Delay = 7.78> <Core = "DMul">   --->   Core 116 'DMul' <Latency = 5> <II = 1> <Delay = 7.78> <FuncUnit> <Opcode : 'dmul'> <InPorts = 2> <OutPorts = 1>

State 23 <SV = 10> <Delay = 7.78>
ST_23 : Operation 118 [1/6] (7.78ns)   --->   "%x_assign = fmul double %tmp, 0x3FE55555571F7693" [hlsed_neurons/solution1/.tcls/345.c:50]   --->   Operation 118 'dmul' 'x_assign' <Predicate = true> <Delay = 7.78> <Core = "DMul">   --->   Core 116 'DMul' <Latency = 5> <II = 1> <Delay = 7.78> <FuncUnit> <Opcode : 'dmul'> <InPorts = 2> <OutPorts = 1>

State 24 <SV = 11> <Delay = 8.23>
ST_24 : Operation 119 [2/2] (8.23ns)   --->   "%tmp_i = call fastcc double @"generic_tanh<double>"(double %x_assign) nounwind" [/wrk/2019.1/continuous/2019_05_24_2552052/src/products/hls/hls_lib/hlsmath/src/c/tanhdouble.cpp:7->hlsed_neurons/solution1/.tcls/345.c:50]   --->   Operation 119 'call' 'tmp_i' <Predicate = true> <Delay = 8.23> <CoreType = "Generic">   --->   Core 0 '' <Latency = 0> <II = 1> <Delay = 1.00> <Generic> <Opcode : >

State 25 <SV = 12> <Delay = 3.38>
ST_25 : Operation 120 [1/2] (3.38ns)   --->   "%tmp_i = call fastcc double @"generic_tanh<double>"(double %x_assign) nounwind" [/wrk/2019.1/continuous/2019_05_24_2552052/src/products/hls/hls_lib/hlsmath/src/c/tanhdouble.cpp:7->hlsed_neurons/solution1/.tcls/345.c:50]   --->   Operation 120 'call' 'tmp_i' <Predicate = true> <Delay = 3.38> <CoreType = "Generic">   --->   Core 0 '' <Latency = 0> <II = 1> <Delay = 1.00> <Generic> <Opcode : >

State 26 <SV = 13> <Delay = 7.78>
ST_26 : Operation 121 [6/6] (7.78ns)   --->   "%tmp_5 = fmul double %tmp_i, 1.715900e+00" [hlsed_neurons/solution1/.tcls/345.c:50]   --->   Operation 121 'dmul' 'tmp_5' <Predicate = true> <Delay = 7.78> <Core = "DMul">   --->   Core 116 'DMul' <Latency = 5> <II = 1> <Delay = 7.78> <FuncUnit> <Opcode : 'dmul'> <InPorts = 2> <OutPorts = 1>

State 27 <SV = 14> <Delay = 7.78>
ST_27 : Operation 122 [5/6] (7.78ns)   --->   "%tmp_5 = fmul double %tmp_i, 1.715900e+00" [hlsed_neurons/solution1/.tcls/345.c:50]   --->   Operation 122 'dmul' 'tmp_5' <Predicate = true> <Delay = 7.78> <Core = "DMul">   --->   Core 116 'DMul' <Latency = 5> <II = 1> <Delay = 7.78> <FuncUnit> <Opcode : 'dmul'> <InPorts = 2> <OutPorts = 1>

State 28 <SV = 15> <Delay = 7.78>
ST_28 : Operation 123 [4/6] (7.78ns)   --->   "%tmp_5 = fmul double %tmp_i, 1.715900e+00" [hlsed_neurons/solution1/.tcls/345.c:50]   --->   Operation 123 'dmul' 'tmp_5' <Predicate = true> <Delay = 7.78> <Core = "DMul">   --->   Core 116 'DMul' <Latency = 5> <II = 1> <Delay = 7.78> <FuncUnit> <Opcode : 'dmul'> <InPorts = 2> <OutPorts = 1>

State 29 <SV = 16> <Delay = 7.78>
ST_29 : Operation 124 [3/6] (7.78ns)   --->   "%tmp_5 = fmul double %tmp_i, 1.715900e+00" [hlsed_neurons/solution1/.tcls/345.c:50]   --->   Operation 124 'dmul' 'tmp_5' <Predicate = true> <Delay = 7.78> <Core = "DMul">   --->   Core 116 'DMul' <Latency = 5> <II = 1> <Delay = 7.78> <FuncUnit> <Opcode : 'dmul'> <InPorts = 2> <OutPorts = 1>

State 30 <SV = 17> <Delay = 7.78>
ST_30 : Operation 125 [2/6] (7.78ns)   --->   "%tmp_5 = fmul double %tmp_i, 1.715900e+00" [hlsed_neurons/solution1/.tcls/345.c:50]   --->   Operation 125 'dmul' 'tmp_5' <Predicate = true> <Delay = 7.78> <Core = "DMul">   --->   Core 116 'DMul' <Latency = 5> <II = 1> <Delay = 7.78> <FuncUnit> <Opcode : 'dmul'> <InPorts = 2> <OutPorts = 1>

State 31 <SV = 18> <Delay = 7.78>
ST_31 : Operation 126 [1/6] (7.78ns)   --->   "%tmp_5 = fmul double %tmp_i, 1.715900e+00" [hlsed_neurons/solution1/.tcls/345.c:50]   --->   Operation 126 'dmul' 'tmp_5' <Predicate = true> <Delay = 7.78> <Core = "DMul">   --->   Core 116 'DMul' <Latency = 5> <II = 1> <Delay = 7.78> <FuncUnit> <Opcode : 'dmul'> <InPorts = 2> <OutPorts = 1>

State 32 <SV = 19> <Delay = 5.20>
ST_32 : Operation 127 [2/2] (5.20ns)   --->   "%tmp_6 = fptrunc double %tmp_5 to float" [hlsed_neurons/solution1/.tcls/345.c:50]   --->   Operation 127 'fptrunc' 'tmp_6' <Predicate = true> <Delay = 5.20> <Core = "Double2Float">   --->   Core 123 'Double2Float' <Latency = 1> <II = 1> <Delay = 5.20> <FuncUnit> <Opcode : 'fptrunc'> <InPorts = 1> <OutPorts = 1>

State 33 <SV = 20> <Delay = 8.45>
ST_33 : Operation 128 [1/2] (5.20ns)   --->   "%tmp_6 = fptrunc double %tmp_5 to float" [hlsed_neurons/solution1/.tcls/345.c:50]   --->   Operation 128 'fptrunc' 'tmp_6' <Predicate = true> <Delay = 5.20> <Core = "Double2Float">   --->   Core 123 'Double2Float' <Latency = 1> <II = 1> <Delay = 5.20> <FuncUnit> <Opcode : 'fptrunc'> <InPorts = 1> <OutPorts = 1>
ST_33 : Operation 129 [1/1] (0.00ns)   --->   "%zext_ln50 = zext i7 %i_0 to i64" [hlsed_neurons/solution1/.tcls/345.c:50]   --->   Operation 129 'zext' 'zext_ln50' <Predicate = true> <Delay = 0.00>
ST_33 : Operation 130 [1/1] (0.00ns)   --->   "%Layer4_Neurons_CPU_a = getelementptr [100 x float]* %Layer4_Neurons_CPU, i64 0, i64 %zext_ln50" [hlsed_neurons/solution1/.tcls/345.c:50]   --->   Operation 130 'getelementptr' 'Layer4_Neurons_CPU_a' <Predicate = true> <Delay = 0.00>
ST_33 : Operation 131 [1/1] (3.25ns)   --->   "store float %tmp_6, float* %Layer4_Neurons_CPU_a, align 4" [hlsed_neurons/solution1/.tcls/345.c:50]   --->   Operation 131 'store' <Predicate = true> <Delay = 3.25> <Core = "RAM">   --->   Core 37 'RAM' <Latency = 1> <II = 1> <Delay = 3.25> <Storage> <Opcode : 'load' 'store'> <Ports = 2> <Width = 32> <Depth = 100> <RAM>
ST_33 : Operation 132 [1/1] (0.00ns)   --->   "br label %1" [hlsed_neurons/solution1/.tcls/345.c:42]   --->   Operation 132 'br' <Predicate = true> <Delay = 0.00>


============================================================
+ Verbose Summary: Timing violations
============================================================
Target clock period: 10ns, clock uncertainty: 1.25ns.

 <State 1>: 1.77ns
The critical path consists of the following:
	multiplexor before 'phi' operation ('i') with incoming values : ('i', hlsed_neurons/solution1/.tcls/345.c:42) [9]  (1.77 ns)

 <State 2>: 3.25ns
The critical path consists of the following:
	'phi' operation ('phi_mul', hlsed_neurons/solution1/.tcls/345.c:42) with incoming values : ('add_ln42', hlsed_neurons/solution1/.tcls/345.c:42) [10]  (0 ns)
	'getelementptr' operation ('Layer3_Weights_CPU_a', hlsed_neurons/solution1/.tcls/345.c:43) [18]  (0 ns)
	'load' operation ('somme', hlsed_neurons/solution1/.tcls/345.c:43) on array 'Layer3_Weights_CPU' [19]  (3.25 ns)

 <State 3>: 3.25ns
The critical path consists of the following:
	'load' operation ('somme', hlsed_neurons/solution1/.tcls/345.c:43) on array 'Layer3_Weights_CPU' [19]  (3.25 ns)

 <State 4>: 7.05ns
The critical path consists of the following:
	'phi' operation ('indvar_flatten', hlsed_neurons/solution1/.tcls/345.c:45) with incoming values : ('select_ln45_3', hlsed_neurons/solution1/.tcls/345.c:45) [24]  (0 ns)
	'icmp' operation ('icmp_ln45', hlsed_neurons/solution1/.tcls/345.c:45) [36]  (1.43 ns)
	'select' operation ('select_ln44', hlsed_neurons/solution1/.tcls/345.c:44) [37]  (0.98 ns)
	'add' operation ('k', hlsed_neurons/solution1/.tcls/345.c:45) [49]  (1.65 ns)
	'add' operation ('add_ln48_1', hlsed_neurons/solution1/.tcls/345.c:48) [54]  (1.78 ns)
	'select' operation ('select_ln45_1', hlsed_neurons/solution1/.tcls/345.c:45) [55]  (1.22 ns)

 <State 5>: 7.71ns
The critical path consists of the following:
	'mul' operation ('mul_ln44', hlsed_neurons/solution1/.tcls/345.c:44) [41]  (3.78 ns)
	'add' operation ('add_ln44', hlsed_neurons/solution1/.tcls/345.c:44) [44]  (0 ns)
	'add' operation ('add_ln48_3', hlsed_neurons/solution1/.tcls/345.c:48) [62]  (3.93 ns)

 <State 6>: 3.25ns
The critical path consists of the following:
	'getelementptr' operation ('Layer3_Weights_CPU_a_1', hlsed_neurons/solution1/.tcls/345.c:48) [64]  (0 ns)
	'load' operation ('Layer3_Weights_CPU_l', hlsed_neurons/solution1/.tcls/345.c:48) on array 'Layer3_Weights_CPU' [65]  (3.25 ns)

 <State 7>: 3.25ns
The critical path consists of the following:
	'load' operation ('Layer3_Weights_CPU_l', hlsed_neurons/solution1/.tcls/345.c:48) on array 'Layer3_Weights_CPU' [65]  (3.25 ns)

 <State 8>: 5.7ns
The critical path consists of the following:
	'fmul' operation ('tmp_7', hlsed_neurons/solution1/.tcls/345.c:48) [72]  (5.7 ns)

 <State 9>: 5.7ns
The critical path consists of the following:
	'fmul' operation ('tmp_7', hlsed_neurons/solution1/.tcls/345.c:48) [72]  (5.7 ns)

 <State 10>: 5.7ns
The critical path consists of the following:
	'fmul' operation ('tmp_7', hlsed_neurons/solution1/.tcls/345.c:48) [72]  (5.7 ns)

 <State 11>: 5.7ns
The critical path consists of the following:
	'fmul' operation ('tmp_7', hlsed_neurons/solution1/.tcls/345.c:48) [72]  (5.7 ns)

 <State 12>: 7.26ns
The critical path consists of the following:
	'fadd' operation ('somme', hlsed_neurons/solution1/.tcls/345.c:48) [73]  (7.26 ns)

 <State 13>: 7.26ns
The critical path consists of the following:
	'fadd' operation ('somme', hlsed_neurons/solution1/.tcls/345.c:48) [73]  (7.26 ns)

 <State 14>: 7.26ns
The critical path consists of the following:
	'fadd' operation ('somme', hlsed_neurons/solution1/.tcls/345.c:48) [73]  (7.26 ns)

 <State 15>: 7.26ns
The critical path consists of the following:
	'fadd' operation ('somme', hlsed_neurons/solution1/.tcls/345.c:48) [73]  (7.26 ns)

 <State 16>: 7.26ns
The critical path consists of the following:
	'fadd' operation ('somme', hlsed_neurons/solution1/.tcls/345.c:48) [73]  (7.26 ns)

 <State 17>: 4.44ns
The critical path consists of the following:
	'fpext' operation ('tmp', hlsed_neurons/solution1/.tcls/345.c:50) [78]  (4.44 ns)

 <State 18>: 7.79ns
The critical path consists of the following:
	'dmul' operation ('x', hlsed_neurons/solution1/.tcls/345.c:50) [79]  (7.79 ns)

 <State 19>: 7.79ns
The critical path consists of the following:
	'dmul' operation ('x', hlsed_neurons/solution1/.tcls/345.c:50) [79]  (7.79 ns)

 <State 20>: 7.79ns
The critical path consists of the following:
	'dmul' operation ('x', hlsed_neurons/solution1/.tcls/345.c:50) [79]  (7.79 ns)

 <State 21>: 7.79ns
The critical path consists of the following:
	'dmul' operation ('x', hlsed_neurons/solution1/.tcls/345.c:50) [79]  (7.79 ns)

 <State 22>: 7.79ns
The critical path consists of the following:
	'dmul' operation ('x', hlsed_neurons/solution1/.tcls/345.c:50) [79]  (7.79 ns)

 <State 23>: 7.79ns
The critical path consists of the following:
	'dmul' operation ('x', hlsed_neurons/solution1/.tcls/345.c:50) [79]  (7.79 ns)

 <State 24>: 8.23ns
The critical path consists of the following:
	'call' operation ('tmp_i', /wrk/2019.1/continuous/2019_05_24_2552052/src/products/hls/hls_lib/hlsmath/src/c/tanhdouble.cpp:7->hlsed_neurons/solution1/.tcls/345.c:50) to 'generic_tanh<double>' [80]  (8.23 ns)

 <State 25>: 3.39ns
The critical path consists of the following:
	'call' operation ('tmp_i', /wrk/2019.1/continuous/2019_05_24_2552052/src/products/hls/hls_lib/hlsmath/src/c/tanhdouble.cpp:7->hlsed_neurons/solution1/.tcls/345.c:50) to 'generic_tanh<double>' [80]  (3.39 ns)

 <State 26>: 7.79ns
The critical path consists of the following:
	'dmul' operation ('tmp_5', hlsed_neurons/solution1/.tcls/345.c:50) [81]  (7.79 ns)

 <State 27>: 7.79ns
The critical path consists of the following:
	'dmul' operation ('tmp_5', hlsed_neurons/solution1/.tcls/345.c:50) [81]  (7.79 ns)

 <State 28>: 7.79ns
The critical path consists of the following:
	'dmul' operation ('tmp_5', hlsed_neurons/solution1/.tcls/345.c:50) [81]  (7.79 ns)

 <State 29>: 7.79ns
The critical path consists of the following:
	'dmul' operation ('tmp_5', hlsed_neurons/solution1/.tcls/345.c:50) [81]  (7.79 ns)

 <State 30>: 7.79ns
The critical path consists of the following:
	'dmul' operation ('tmp_5', hlsed_neurons/solution1/.tcls/345.c:50) [81]  (7.79 ns)

 <State 31>: 7.79ns
The critical path consists of the following:
	'dmul' operation ('tmp_5', hlsed_neurons/solution1/.tcls/345.c:50) [81]  (7.79 ns)

 <State 32>: 5.2ns
The critical path consists of the following:
	'fptrunc' operation ('tmp_6', hlsed_neurons/solution1/.tcls/345.c:50) [82]  (5.2 ns)

 <State 33>: 8.46ns
The critical path consists of the following:
	'fptrunc' operation ('tmp_6', hlsed_neurons/solution1/.tcls/345.c:50) [82]  (5.2 ns)
	'store' operation ('store_ln50', hlsed_neurons/solution1/.tcls/345.c:50) of variable 'tmp_6', hlsed_neurons/solution1/.tcls/345.c:50 on array 'Layer4_Neurons_CPU' [85]  (3.25 ns)


============================================================
+ Verbose Summary: Binding
============================================================
N/A
* FSMD analyzer results:
  - Output states:
 - Input state : 
  - Chain level:
	State 1
	State 2
	State 3
	State 4
	State 5
	State 6
	State 7
	State 8
	State 9
	State 10
	State 11
	State 12
	State 13
	State 14
	State 15
	State 16
	State 17
	State 18
	State 19
	State 20
	State 21
	State 22
	State 23
	State 24
	State 25
	State 26
	State 27
	State 28
	State 29
	State 30
	State 31
	State 32
	State 33


============================================================
+ Verbose Summary: Datapath Resource usage 
============================================================
N/A
