#
# An unexpected error has occurred (11)
#
Stack:
/lib/x86_64-linux-gnu/libc.so.6(+0x46520) [0x7f48eac8b520]
/opt/xilinx/Vivado/2019.1/lib/lnx64.o/libhls_hwsyn.so(pass::LlvmUtil::getMergedConstantArray(llvm::Constant*, int, llvm::Constant*)+0x300) [0x7f48d35d8c40]
/opt/xilinx/Vivado/2019.1/lib/lnx64.o/libhls_hwsyn.so(pass::ArrayMappingUtil::generateVerticalGlobalArray(pass::ResInstanceInfo, std::vector<pass::ArrayMappingInfo, std::allocator<pass::ArrayMappingInfo> >&)+0x1a5) [0x7f48d30edfe5]
/opt/xilinx/Vivado/2019.1/lib/lnx64.o/libhls_hwsyn.so(pass::ArrayMappingUtil::generateGlobalArray(pass::ResInstanceInfo, std::vector<pass::ArrayMappingInfo, std::allocator<pass::ArrayMappingInfo> >&)+0x38) [0x7f48d30ef688]
/opt/xilinx/Vivado/2019.1/lib/lnx64.o/libhls_hwsyn.so(pass::ArrayMappingUtil::mergeArrays(std::pair<llvm::Function*, std::__cxx11::basic_string<char, std::char_traits<char>, std::allocator<char> > >, std::vector<pass::ArrayMappingInfo, std::allocator<pass::ArrayMappingInfo> >&, bool)+0x4b1) [0x7f48d30f4121]
/opt/xilinx/Vivado/2019.1/lib/lnx64.o/libhls_hwsyn.so(pass::ArrayMapping::runOnModule(llvm::Module&)+0x617) [0x7f48d30e2417]
/opt/xilinx/Vivado/2019.1/lib/lnx64.o/libLLVM-3.1.so(llvm::MPPassManager::runOnModule(llvm::Module&)+0x182) [0x7f48d9b1d682]
/opt/xilinx/Vivado/2019.1/lib/lnx64.o/libLLVM-3.1.so(llvm::PassManagerImpl::run(llvm::Module&)+0xac) [0x7f48d9b1d83c]
/opt/xilinx/Vivado/2019.1/lib/lnx64.o/libhls_main.so(+0xfa6d8) [0x7f48e2c636d8]
/opt/xilinx/Vivado/2019.1/lib/lnx64.o/libhls_support.so(xpcl::TclCommand::callbackInternal(int, Tcl_Obj* const*)+0x5f1) [0x7f48e2931ac1]
/opt/xilinx/Vivado/2019.1/lib/lnx64.o/libhls_support.so(xpcl::TclCommand::callback(int, Tcl_Obj* const*)+0x2b) [0x7f48e2936b5b]
/opt/xilinx/Vivado/2019.1/lib/lnx64.o/libtcl8.5.so(+0x334af) [0x7f48e667c4af]
/opt/xilinx/Vivado/2019.1/lib/lnx64.o/libtcl8.5.so(+0x76875) [0x7f48e66bf875]
/opt/xilinx/Vivado/2019.1/lib/lnx64.o/libtcl8.5.so(+0x7e029) [0x7f48e66c7029]
/opt/xilinx/Vivado/2019.1/lib/lnx64.o/libtcl8.5.so(TclEvalObjEx+0x76) [0x7f48e667e156]
/opt/xilinx/Vivado/2019.1/lib/lnx64.o/librdi_commontasks.so(+0x1ebc27) [0x7f48e03a5c27]
/opt/xilinx/Vivado/2019.1/lib/lnx64.o/libtcl8.5.so(+0x334af) [0x7f48e667c4af]
/opt/xilinx/Vivado/2019.1/lib/lnx64.o/libtcl8.5.so(+0x76875) [0x7f48e66bf875]
/opt/xilinx/Vivado/2019.1/lib/lnx64.o/libtcl8.5.so(TclObjInterpProcCore+0x420) [0x7f48e6700df0]
/opt/xilinx/Vivado/2019.1/lib/lnx64.o/libtcl8.5.so(+0x334af) [0x7f48e667c4af]
/opt/xilinx/Vivado/2019.1/lib/lnx64.o/libtcl8.5.so(+0x76875) [0x7f48e66bf875]
/opt/xilinx/Vivado/2019.1/lib/lnx64.o/libtcl8.5.so(+0x7e029) [0x7f48e66c7029]
/opt/xilinx/Vivado/2019.1/lib/lnx64.o/libtcl8.5.so(TclEvalObjEx+0x76) [0x7f48e667e156]
/opt/xilinx/Vivado/2019.1/lib/lnx64.o/librdi_commontasks.so(+0x1ebc27) [0x7f48e03a5c27]
/opt/xilinx/Vivado/2019.1/lib/lnx64.o/libtcl8.5.so(+0x334af) [0x7f48e667c4af]
/opt/xilinx/Vivado/2019.1/lib/lnx64.o/libtcl8.5.so(+0x76875) [0x7f48e66bf875]
/opt/xilinx/Vivado/2019.1/lib/lnx64.o/libtcl8.5.so(TclObjInterpProcCore+0x420) [0x7f48e6700df0]
/opt/xilinx/Vivado/2019.1/lib/lnx64.o/libtcl8.5.so(+0x334af) [0x7f48e667c4af]
/opt/xilinx/Vivado/2019.1/lib/lnx64.o/libtcl8.5.so(+0x76875) [0x7f48e66bf875]
/opt/xilinx/Vivado/2019.1/lib/lnx64.o/libtcl8.5.so(TclObjInterpProcCore+0x420) [0x7f48e6700df0]
/opt/xilinx/Vivado/2019.1/lib/lnx64.o/libtcl8.5.so(+0x334af) [0x7f48e667c4af]
/opt/xilinx/Vivado/2019.1/lib/lnx64.o/libtcl8.5.so(+0x76875) [0x7f48e66bf875]
/opt/xilinx/Vivado/2019.1/lib/lnx64.o/libtcl8.5.so(+0x7e029) [0x7f48e66c7029]
/opt/xilinx/Vivado/2019.1/lib/lnx64.o/libtcl8.5.so(TclEvalObjEx+0x76) [0x7f48e667e156]
/opt/xilinx/Vivado/2019.1/lib/lnx64.o/librdi_commontasks.so(+0x1ebc27) [0x7f48e03a5c27]
/opt/xilinx/Vivado/2019.1/lib/lnx64.o/libtcl8.5.so(+0x334af) [0x7f48e667c4af]
/opt/xilinx/Vivado/2019.1/lib/lnx64.o/libtcl8.5.so(+0x76875) [0x7f48e66bf875]
/opt/xilinx/Vivado/2019.1/lib/lnx64.o/libtcl8.5.so(Tcl_ExprObj+0xf8) [0x7f48e66c6c08]
/opt/xilinx/Vivado/2019.1/lib/lnx64.o/libtcl8.5.so(Tcl_ExprBooleanObj+0x16) [0x7f48e667ce96]
/opt/xilinx/Vivado/2019.1/lib/lnx64.o/libtcl8.5.so(+0x3e6de) [0x7f48e66876de]
/opt/xilinx/Vivado/2019.1/lib/lnx64.o/libtcl8.5.so(+0x334af) [0x7f48e667c4af]
/opt/xilinx/Vivado/2019.1/lib/lnx64.o/libtcl8.5.so(+0x34b38) [0x7f48e667db38]
/opt/xilinx/Vivado/2019.1/lib/lnx64.o/libtcl8.5.so(Tcl_EvalEx+0x13) [0x7f48e667e0a3]
/opt/xilinx/Vivado/2019.1/lib/lnx64.o/libtcl8.5.so(Tcl_Eval+0x15) [0x7f48e667e0c5]
/opt/xilinx/Vivado/2019.1/lib/lnx64.o/libhls_main.so(+0xab4d2) [0x7f48e2c144d2]
/opt/xilinx/Vivado/2019.1/lib/lnx64.o/libhls_support.so(xpcl::TclCommand::callbackInternal(int, Tcl_Obj* const*)+0x24c) [0x7f48e293171c]
/opt/xilinx/Vivado/2019.1/lib/lnx64.o/libhls_support.so(xpcl::TclCommand::callback(int, Tcl_Obj* const*)+0x2b) [0x7f48e2936b5b]
/opt/xilinx/Vivado/2019.1/lib/lnx64.o/libtcl8.5.so(+0x334af) [0x7f48e667c4af]
/opt/xilinx/Vivado/2019.1/lib/lnx64.o/libtcl8.5.so(+0x76875) [0x7f48e66bf875]
/opt/xilinx/Vivado/2019.1/lib/lnx64.o/libtcl8.5.so(TclObjInterpProcCore+0x420) [0x7f48e6700df0]
/opt/xilinx/Vivado/2019.1/lib/lnx64.o/libtcl8.5.so(+0x334af) [0x7f48e667c4af]
/opt/xilinx/Vivado/2019.1/lib/lnx64.o/libtcl8.5.so(+0x76875) [0x7f48e66bf875]
/opt/xilinx/Vivado/2019.1/lib/lnx64.o/libtcl8.5.so(+0x7e029) [0x7f48e66c7029]
/opt/xilinx/Vivado/2019.1/lib/lnx64.o/libtcl8.5.so(TclEvalObjEx+0x76) [0x7f48e667e156]
/opt/xilinx/Vivado/2019.1/lib/lnx64.o/librdi_commontasks.so(+0x1ebc27) [0x7f48e03a5c27]
/opt/xilinx/Vivado/2019.1/lib/lnx64.o/libtcl8.5.so(+0x334af) [0x7f48e667c4af]
/opt/xilinx/Vivado/2019.1/lib/lnx64.o/libtcl8.5.so(+0x76875) [0x7f48e66bf875]
/opt/xilinx/Vivado/2019.1/lib/lnx64.o/libtcl8.5.so(Tcl_ExprObj+0xf8) [0x7f48e66c6c08]
/opt/xilinx/Vivado/2019.1/lib/lnx64.o/libtcl8.5.so(Tcl_ExprBooleanObj+0x16) [0x7f48e667ce96]
/opt/xilinx/Vivado/2019.1/lib/lnx64.o/libtcl8.5.so(+0x3e6de) [0x7f48e66876de]
/opt/xilinx/Vivado/2019.1/lib/lnx64.o/libtcl8.5.so(+0x334af) [0x7f48e667c4af]
/opt/xilinx/Vivado/2019.1/lib/lnx64.o/libtcl8.5.so(+0x34b38) [0x7f48e667db38]
/opt/xilinx/Vivado/2019.1/lib/lnx64.o/libtcl8.5.so(Tcl_EvalEx+0x13) [0x7f48e667e0a3]
/opt/xilinx/Vivado/2019.1/lib/lnx64.o/libtcl8.5.so(Tcl_Eval+0x15) [0x7f48e667e0c5]
/opt/xilinx/Vivado/2019.1/lib/lnx64.o/libhls_main.so(+0xab4d2) [0x7f48e2c144d2]
/opt/xilinx/Vivado/2019.1/lib/lnx64.o/libhls_support.so(xpcl::TclCommand::callbackInternal(int, Tcl_Obj* const*)+0x24c) [0x7f48e293171c]
/opt/xilinx/Vivado/2019.1/lib/lnx64.o/libhls_support.so(xpcl::TclCommand::callback(int, Tcl_Obj* const*)+0x2b) [0x7f48e2936b5b]
/opt/xilinx/Vivado/2019.1/lib/lnx64.o/libtcl8.5.so(+0x334af) [0x7f48e667c4af]
/opt/xilinx/Vivado/2019.1/lib/lnx64.o/libtcl8.5.so(+0x76875) [0x7f48e66bf875]
/opt/xilinx/Vivado/2019.1/lib/lnx64.o/libtcl8.5.so(TclObjInterpProcCore+0x420) [0x7f48e6700df0]
/opt/xilinx/Vivado/2019.1/lib/lnx64.o/libtcl8.5.so(+0x334af) [0x7f48e667c4af]
/opt/xilinx/Vivado/2019.1/lib/lnx64.o/libtcl8.5.so(+0x76875) [0x7f48e66bf875]
/opt/xilinx/Vivado/2019.1/lib/lnx64.o/libtcl8.5.so(+0x7e029) [0x7f48e66c7029]
/opt/xilinx/Vivado/2019.1/lib/lnx64.o/libtcl8.5.so(TclEvalObjEx+0x76) [0x7f48e667e156]
/opt/xilinx/Vivado/2019.1/lib/lnx64.o/librdi_commontasks.so(+0x1ebc27) [0x7f48e03a5c27]
/opt/xilinx/Vivado/2019.1/lib/lnx64.o/libtcl8.5.so(+0x334af) [0x7f48e667c4af]
/opt/xilinx/Vivado/2019.1/lib/lnx64.o/libtcl8.5.so(+0x76875) [0x7f48e66bf875]
/opt/xilinx/Vivado/2019.1/lib/lnx64.o/libtcl8.5.so(Tcl_ExprObj+0xf8) [0x7f48e66c6c08]
/opt/xilinx/Vivado/2019.1/lib/lnx64.o/libtcl8.5.so(Tcl_ExprBooleanObj+0x16) [0x7f48e667ce96]
/opt/xilinx/Vivado/2019.1/lib/lnx64.o/libtcl8.5.so(+0x3e6de) [0x7f48e66876de]
/opt/xilinx/Vivado/2019.1/lib/lnx64.o/libtcl8.5.so(+0x334af) [0x7f48e667c4af]
/opt/xilinx/Vivado/2019.1/lib/lnx64.o/libtcl8.5.so(+0x34b38) [0x7f48e667db38]
/opt/xilinx/Vivado/2019.1/lib/lnx64.o/libtcl8.5.so(Tcl_EvalEx+0x13) [0x7f48e667e0a3]
/opt/xilinx/Vivado/2019.1/lib/lnx64.o/libtcl8.5.so(Tcl_Eval+0x15) [0x7f48e667e0c5]
/opt/xilinx/Vivado/2019.1/lib/lnx64.o/libhls_main.so(+0xab4d2) [0x7f48e2c144d2]
/opt/xilinx/Vivado/2019.1/lib/lnx64.o/libhls_support.so(xpcl::TclCommand::callbackInternal(int, Tcl_Obj* const*)+0x24c) [0x7f48e293171c]
/opt/xilinx/Vivado/2019.1/lib/lnx64.o/libhls_support.so(xpcl::TclCommand::callback(int, Tcl_Obj* const*)+0x2b) [0x7f48e2936b5b]
/opt/xilinx/Vivado/2019.1/lib/lnx64.o/libtcl8.5.so(+0x334af) [0x7f48e667c4af]
/opt/xilinx/Vivado/2019.1/lib/lnx64.o/libtcl8.5.so(+0x34b38) [0x7f48e667db38]
/opt/xilinx/Vivado/2019.1/lib/lnx64.o/libtcl8.5.so(Tcl_EvalEx+0x13) [0x7f48e667e0a3]
/opt/xilinx/Vivado/2019.1/lib/lnx64.o/libtcl8.5.so(Tcl_FSEvalFileEx+0x1da) [0x7f48e66e2c5a]
/opt/xilinx/Vivado/2019.1/lib/lnx64.o/libhls_main.so(ApSourceTclFile(std::__cxx11::basic_string<char, std::char_traits<char>, std::allocator<char> > const&, char const*)+0x77) [0x7f48e2c080a7]
/opt/xilinx/Vivado/2019.1/lib/lnx64.o/libhls_main.so(+0xa4ed9) [0x7f48e2c0ded9]
/opt/xilinx/Vivado/2019.1/lib/lnx64.o/libhls_support.so(xpcl::TclCommand::callbackInternal(int, Tcl_Obj* const*)+0x24c) [0x7f48e293171c]
/opt/xilinx/Vivado/2019.1/lib/lnx64.o/libhls_support.so(xpcl::TclCommand::callback(int, Tcl_Obj* const*)+0x2b) [0x7f48e2936b5b]
/opt/xilinx/Vivado/2019.1/lib/lnx64.o/libtcl8.5.so(+0x334af) [0x7f48e667c4af]
/opt/xilinx/Vivado/2019.1/lib/lnx64.o/libtcl8.5.so(Tcl_EvalObjv+0x32) [0x7f48e667c5e2]
/opt/xilinx/Vivado/2019.1/lib/lnx64.o/libtcl8.5.so(TclEvalObjEx+0x322) [0x7f48e667e402]
/opt/xilinx/Vivado/2019.1/lib/lnx64.o/librdi_hlstasks.so(+0xe5ea) [0x7f48e305b5ea]
/opt/xilinx/Vivado/2019.1/lib/lnx64.o/librdi_common.so(+0x8068e2) [0x7f48ebe2e8e2]
/opt/xilinx/Vivado/2019.1/lib/lnx64.o/libtcl8.5.so(+0x334af) [0x7f48e667c4af]
/opt/xilinx/Vivado/2019.1/lib/lnx64.o/libtcl8.5.so(+0x34b38) [0x7f48e667db38]
/opt/xilinx/Vivado/2019.1/lib/lnx64.o/libtcl8.5.so(Tcl_EvalEx+0x13) [0x7f48e667e0a3]
/opt/xilinx/Vivado/2019.1/lib/lnx64.o/libtcl8.5.so(TclEvalObjEx+0x3cf) [0x7f48e667e4af]
/opt/xilinx/Vivado/2019.1/lib/lnx64.o/libtcl8.5.so(+0xb74a9) [0x7f48e67004a9]
/opt/xilinx/Vivado/2019.1/lib/lnx64.o/libtcl8.5.so(+0x334af) [0x7f48e667c4af]
/opt/xilinx/Vivado/2019.1/lib/lnx64.o/libtcl8.5.so(+0x76875) [0x7f48e66bf875]
/opt/xilinx/Vivado/2019.1/lib/lnx64.o/libtcl8.5.so(TclObjInterpProcCore+0x420) [0x7f48e6700df0]
/opt/xilinx/Vivado/2019.1/lib/lnx64.o/libtcl8.5.so(+0x334af) [0x7f48e667c4af]
/opt/xilinx/Vivado/2019.1/lib/lnx64.o/libtcl8.5.so(+0x76875) [0x7f48e66bf875]
/opt/xilinx/Vivado/2019.1/lib/lnx64.o/libtcl8.5.so(+0x7e029) [0x7f48e66c7029]
/opt/xilinx/Vivado/2019.1/lib/lnx64.o/libtcl8.5.so(TclEvalObjEx+0x76) [0x7f48e667e156]
/opt/xilinx/Vivado/2019.1/lib/lnx64.o/librdi_commontasks.so(+0x1ebcc4) [0x7f48e03a5cc4]
/opt/xilinx/Vivado/2019.1/lib/lnx64.o/libtcl8.5.so(+0x334af) [0x7f48e667c4af]
/opt/xilinx/Vivado/2019.1/lib/lnx64.o/libtcl8.5.so(+0x34b38) [0x7f48e667db38]
/opt/xilinx/Vivado/2019.1/lib/lnx64.o/libtcl8.5.so(+0xad486) [0x7f48e66f6486]
/opt/xilinx/Vivado/2019.1/lib/lnx64.o/libtcl8.5.so(+0x346c5) [0x7f48e667d6c5]
/opt/xilinx/Vivado/2019.1/lib/lnx64.o/libtcl8.5.so(Tcl_EvalEx+0x13) [0x7f48e667e0a3]
/opt/xilinx/Vivado/2019.1/lib/lnx64.o/libtcl8.5.so(Tcl_FSEvalFileEx+0x1da) [0x7f48e66e2c5a]
/opt/xilinx/Vivado/2019.1/lib/lnx64.o/librdi_commontasks.so(+0x208e5d) [0x7f48e03c2e5d]
/opt/xilinx/Vivado/2019.1/lib/lnx64.o/librdi_common.so(+0x8068e2) [0x7f48ebe2e8e2]
/opt/xilinx/Vivado/2019.1/lib/lnx64.o/libtcl8.5.so(+0x334af) [0x7f48e667c4af]
/opt/xilinx/Vivado/2019.1/lib/lnx64.o/libtcl8.5.so(Tcl_EvalObjv+0x32) [0x7f48e667c5e2]
/opt/xilinx/Vivado/2019.1/lib/lnx64.o/libtcl8.5.so(TclEvalObjEx+0x322) [0x7f48e667e402]
/opt/xilinx/Vivado/2019.1/lib/lnx64.o/librdi_commontasks.so(+0x23ab2f) [0x7f48e03f4b2f]
/opt/xilinx/Vivado/2019.1/lib/lnx64.o/librdi_commontasks.so(+0x23c1fe) [0x7f48e03f61fe]
/opt/xilinx/Vivado/2019.1/lib/lnx64.o/librdi_common.so(+0x8068e2) [0x7f48ebe2e8e2]
/opt/xilinx/Vivado/2019.1/lib/lnx64.o/libtcl8.5.so(+0x334af) [0x7f48e667c4af]
/opt/xilinx/Vivado/2019.1/lib/lnx64.o/libtcl8.5.so(Tcl_EvalObjv+0x32) [0x7f48e667c5e2]
/opt/xilinx/Vivado/2019.1/lib/lnx64.o/libtcl8.5.so(TclEvalObjEx+0x322) [0x7f48e667e402]
/opt/xilinx/Vivado/2019.1/lib/lnx64.o/librdi_commonmain.so(+0x7424) [0x7f48eb424424]
/opt/xilinx/Vivado/2019.1/lib/lnx64.o/libtcl8.5.so(Tcl_Main+0x1d0) [0x7f48e66e9210]
/opt/xilinx/Vivado/2019.1/lib/lnx64.o/librdi_common.so(+0x84ac9b) [0x7f48ebe72c9b]
/lib/x86_64-linux-gnu/libc.so.6(+0x98927) [0x7f48eacdd927]
/lib/x86_64-linux-gnu/libc.so.6(clone+0x44) [0x7f48ead6d9e4]
