

================================================================
== Vivado HLS Report for 'calculateLayer4'
================================================================
* Date:           Thu Dec 16 18:07:25 2021

* Version:        2019.1 (Build 2552052 on Fri May 24 15:28:33 MDT 2019)
* Project:        hlsed_neurons
* Solution:       solution1
* Product family: zynq
* Target device:  xc7z020-clg484-1


================================================================
== Performance Estimates
================================================================
+ Timing (ns): 
    * Summary: 
    +--------+-------+----------+------------+
    |  Clock | Target| Estimated| Uncertainty|
    +--------+-------+----------+------------+
    |ap_clk  |  10.00|     9.514|        1.25|
    +--------+-------+----------+------------+

+ Latency (clock cycles): 
    * Summary: 
    +---------+---------+---------+---------+---------+
    |      Latency      |      Interval     | Pipeline|
    |   min   |   max   |   min   |   max   |   Type  |
    +---------+---------+---------+---------+---------+
    |  1627101|  1634501|  1627101|  1634501|   none  |
    +---------+---------+---------+---------+---------+

    + Detail: 
        * Instance: 
        +----------------------------------+-----------------------+-----+-----+-----+-----+---------+
        |                                  |                       |  Latency  |  Interval | Pipeline|
        |             Instance             |         Module        | min | max | min | max |   Type  |
        +----------------------------------+-----------------------+-----+-----+-----+-----+---------+
        |grp_generic_tanh_double_s_fu_200  |generic_tanh_double_s  |    1|   75|    1|   75|   none  |
        +----------------------------------+-----------------------+-----+-----+-----+-----+---------+

        * Loop: 
        +-------------+---------+---------+---------------+-----------+-----------+------+----------+
        |             |      Latency      |   Iteration   |  Initiation Interval  | Trip |          |
        |  Loop Name  |   min   |   max   |    Latency    |  achieved |   target  | Count| Pipelined|
        +-------------+---------+---------+---------------+-----------+-----------+------+----------+
        |- Loop 1     |  1627100|  1634500| 16271 ~ 16345 |          -|          -|   100|    no    |
        | + Loop 1.1  |    16250|    16250|             13|          -|          -|  1250|    no    |
        +-------------+---------+---------+---------------+-----------+-----------+------+----------+



================================================================
== Utilization Estimates
================================================================
* Summary: 
+-----------------+---------+-------+--------+-------+-----+
|       Name      | BRAM_18K| DSP48E|   FF   |  LUT  | URAM|
+-----------------+---------+-------+--------+-------+-----+
|DSP              |        -|      -|       -|      -|    -|
|Expression       |        -|      0|       0|    320|    -|
|FIFO             |        -|      -|       -|      -|    -|
|Instance         |       15|     35|    8864|  12027|    -|
|Memory           |      256|      -|       0|      0|    -|
|Multiplexer      |        -|      -|       -|    270|    -|
|Register         |        -|      -|     496|      -|    -|
+-----------------+---------+-------+--------+-------+-----+
|Total            |      271|     35|    9360|  12617|    0|
+-----------------+---------+-------+--------+-------+-----+
|Available        |      280|    220|  106400|  53200|    0|
+-----------------+---------+-------+--------+-------+-----+
|Utilization (%)  |       96|     15|       8|     23|    0|
+-----------------+---------+-------+--------+-------+-----+

+ Detail: 
    * Instance: 
    +-------------------------------------------+---------------------------------------+---------+-------+------+-------+-----+
    |                  Instance                 |                 Module                | BRAM_18K| DSP48E|  FF  |  LUT  | URAM|
    +-------------------------------------------+---------------------------------------+---------+-------+------+-------+-----+
    |grp_generic_tanh_double_s_fu_200           |generic_tanh_double_s                  |       15|     19|  7971|  10323|    0|
    |nerons_dmul_64ns_64ns_64_6_max_dsp_1_U41   |nerons_dmul_64ns_64ns_64_6_max_dsp_1   |        0|     11|   317|    578|    0|
    |nerons_fadd_32ns_32ns_32_5_full_dsp_1_U37  |nerons_fadd_32ns_32ns_32_5_full_dsp_1  |        0|      2|   205|    390|    0|
    |nerons_fmul_32ns_32ns_32_4_max_dsp_1_U38   |nerons_fmul_32ns_32ns_32_4_max_dsp_1   |        0|      3|   143|    321|    0|
    |nerons_fpext_32ns_64_2_1_U40               |nerons_fpext_32ns_64_2_1               |        0|      0|   100|    138|    0|
    |nerons_fptrunc_64ns_32_2_1_U39             |nerons_fptrunc_64ns_32_2_1             |        0|      0|   128|    277|    0|
    +-------------------------------------------+---------------------------------------+---------+-------+------+-------+-----+
    |Total                                      |                                       |       15|     35|  8864|  12027|    0|
    +-------------------------------------------+---------------------------------------+---------+-------+------+-------+-----+

    * DSP48E: 
    N/A

    * Memory: 
    +----------------------+------------------------------------+---------+---+----+-----+--------+-----+------+-------------+
    |        Memory        |               Module               | BRAM_18K| FF| LUT| URAM|  Words | Bits| Banks| W*Bits*Banks|
    +----------------------+------------------------------------+---------+---+----+-----+--------+-----+------+-------------+
    |Layer3_Weights_CPU_U  |calculateLayer4_Layer3_Weights_CPU  |      256|  0|   0|    0|  125100|   32|     1|      4003200|
    +----------------------+------------------------------------+---------+---+----+-----+--------+-----+------+-------------+
    |Total                 |                                    |      256|  0|   0|    0|  125100|   32|     1|      4003200|
    +----------------------+------------------------------------+---------+---+----+-----+--------+-----+------+-------------+

    * FIFO: 
    N/A

    * Expression: 
    +-------------------------+----------+-------+---+----+------------+------------+
    |      Variable Name      | Operation| DSP48E| FF| LUT| Bitwidth P0| Bitwidth P1|
    +-------------------------+----------+-------+---+----+------------+------------+
    |mul_ln44_fu_418_p2       |     *    |      0|  0|  26|           5|           6|
    |add_ln42_fu_240_p2       |     +    |      0|  0|  24|          17|          11|
    |add_ln44_1_fu_287_p2     |     +    |      0|  0|  13|          11|           1|
    |add_ln44_2_fu_307_p2     |     +    |      0|  0|  15|           1|           6|
    |add_ln44_fu_432_p2       |     +    |      0|  0|  17|          17|          17|
    |add_ln45_1_fu_401_p2     |     +    |      0|  0|  15|           1|           6|
    |add_ln48_1_fu_379_p2     |     +    |      0|  0|  15|           5|           5|
    |add_ln48_3_fu_459_p2     |     +    |      0|  0|  17|          17|          17|
    |add_ln48_4_fu_450_p2     |     +    |      0|  0|  15|           5|           5|
    |add_ln48_5_fu_474_p2     |     +    |      0|  0|  13|          11|          11|
    |add_ln48_6_fu_465_p2     |     +    |      0|  0|  15|           5|           5|
    |add_ln48_fu_275_p2       |     +    |      0|  0|  15|           5|           5|
    |i_fu_252_p2              |     +    |      0|  0|  15|           7|           1|
    |k_fu_347_p2              |     +    |      0|  0|  12|           1|           3|
    |m_fu_441_p2              |     +    |      0|  0|  12|           1|           3|
    |and_ln44_fu_341_p2       |    and   |      0|  0|   2|           1|           1|
    |icmp_ln42_fu_246_p2      |   icmp   |      0|  0|  11|           7|           6|
    |icmp_ln44_fu_281_p2      |   icmp   |      0|  0|  13|          11|          11|
    |icmp_ln45_fu_293_p2      |   icmp   |      0|  0|  11|           6|           5|
    |icmp_ln46_fu_335_p2      |   icmp   |      0|  0|   9|           3|           3|
    |or_ln45_fu_353_p2        |    or    |      0|  0|   2|           1|           1|
    |select_ln44_1_fu_313_p3  |  select  |      0|  0|   6|           1|           6|
    |select_ln44_2_fu_321_p3  |  select  |      0|  0|   5|           1|           1|
    |select_ln44_fu_299_p3    |  select  |      0|  0|   3|           1|           1|
    |select_ln45_1_fu_385_p3  |  select  |      0|  0|   5|           1|           5|
    |select_ln45_2_fu_393_p3  |  select  |      0|  0|   3|           1|           3|
    |select_ln45_3_fu_407_p3  |  select  |      0|  0|   6|           1|           1|
    |select_ln45_fu_359_p3    |  select  |      0|  0|   3|           1|           1|
    |xor_ln44_fu_329_p2       |    xor   |      0|  0|   2|           1|           2|
    +-------------------------+----------+-------+---+----+------------+------------+
    |Total                    |          |      0|  0| 320|         146|         149|
    +-------------------------+----------+-------+---+----+------------+------------+

    * Multiplexer: 
    +-----------------------------+-----+-----------+-----+-----------+
    |             Name            | LUT | Input Size| Bits| Total Bits|
    +-----------------------------+-----+-----------+-----+-----------+
    |Layer3_Weights_CPU_address0  |   15|          3|   17|         51|
    |ap_NS_fsm                    |  153|         34|    1|         34|
    |grp_fu_228_p0                |   15|          3|   64|        192|
    |grp_fu_228_p1                |   15|          3|   64|        192|
    |i_0_reg_111                  |    9|          2|    7|         14|
    |indvar_flatten19_reg_135     |    9|          2|   11|         22|
    |indvar_flatten_reg_157       |    9|          2|    6|         12|
    |j_0_reg_146                  |    9|          2|    6|         12|
    |k_0_reg_168                  |    9|          2|    3|          6|
    |m_0_reg_189                  |    9|          2|    3|          6|
    |phi_mul_reg_123              |    9|          2|   17|         34|
    |somme_2_reg_179              |    9|          2|   32|         64|
    +-----------------------------+-----+-----------+-----+-----------+
    |Total                        |  270|         59|  231|        639|
    +-----------------------------+-----+-----------+-----+-----------+

    * Register: 
    +-----------------------------------------------+----+----+-----+-----------+
    |                      Name                     | FF | LUT| Bits| Const Bits|
    +-----------------------------------------------+----+----+-----+-----------+
    |Layer3_Neurons_CPU_l_reg_582                   |  32|   0|   32|          0|
    |Layer3_Weights_CPU_l_reg_577                   |  32|   0|   32|          0|
    |add_ln42_reg_493                               |  17|   0|   17|          0|
    |add_ln44_1_reg_519                             |  11|   0|   11|          0|
    |add_ln48_3_reg_557                             |  17|   0|   17|          0|
    |add_ln48_5_reg_562                             |  11|   0|   11|          0|
    |ap_CS_fsm                                      |  33|   0|   33|          0|
    |grp_generic_tanh_double_s_fu_200_ap_start_reg  |   1|   0|    1|          0|
    |i_0_reg_111                                    |   7|   0|    7|          0|
    |i_reg_501                                      |   7|   0|    7|          0|
    |indvar_flatten19_reg_135                       |  11|   0|   11|          0|
    |indvar_flatten_reg_157                         |   6|   0|    6|          0|
    |j_0_reg_146                                    |   6|   0|    6|          0|
    |k_0_reg_168                                    |   3|   0|    3|          0|
    |m_0_reg_189                                    |   3|   0|    3|          0|
    |m_reg_552                                      |   3|   0|    3|          0|
    |phi_mul_reg_123                                |  17|   0|   17|          0|
    |reg_234                                        |  64|   0|   64|          0|
    |select_ln44_1_reg_524                          |   6|   0|    6|          0|
    |select_ln45_1_reg_536                          |   5|   0|    5|          0|
    |select_ln45_2_reg_542                          |   3|   0|    3|          0|
    |select_ln45_3_reg_547                          |   6|   0|    6|          0|
    |select_ln45_reg_530                            |   3|   0|    3|          0|
    |somme_2_reg_179                                |  32|   0|   32|          0|
    |tmp_7_reg_587                                  |  32|   0|   32|          0|
    |tmp_i_reg_602                                  |  64|   0|   64|          0|
    |tmp_reg_597                                    |  64|   0|   64|          0|
    +-----------------------------------------------+----+----+-----+-----------+
    |Total                                          | 496|   0|  496|          0|
    +-----------------------------------------------+----+----+-----+-----------+



================================================================
== Interface
================================================================
* Summary: 
+-----------------------------+-----+-----+------------+--------------------+--------------+
|          RTL Ports          | Dir | Bits|  Protocol  |    Source Object   |    C Type    |
+-----------------------------+-----+-----+------------+--------------------+--------------+
|ap_clk                       |  in |    1| ap_ctrl_hs |   calculateLayer4  | return value |
|ap_rst                       |  in |    1| ap_ctrl_hs |   calculateLayer4  | return value |
|ap_start                     |  in |    1| ap_ctrl_hs |   calculateLayer4  | return value |
|ap_done                      | out |    1| ap_ctrl_hs |   calculateLayer4  | return value |
|ap_idle                      | out |    1| ap_ctrl_hs |   calculateLayer4  | return value |
|ap_ready                     | out |    1| ap_ctrl_hs |   calculateLayer4  | return value |
|Layer3_Neurons_CPU_address0  | out |   11|  ap_memory | Layer3_Neurons_CPU |     array    |
|Layer3_Neurons_CPU_ce0       | out |    1|  ap_memory | Layer3_Neurons_CPU |     array    |
|Layer3_Neurons_CPU_q0        |  in |   32|  ap_memory | Layer3_Neurons_CPU |     array    |
|Layer4_Neurons_CPU_address0  | out |    7|  ap_memory | Layer4_Neurons_CPU |     array    |
|Layer4_Neurons_CPU_ce0       | out |    1|  ap_memory | Layer4_Neurons_CPU |     array    |
|Layer4_Neurons_CPU_we0       | out |    1|  ap_memory | Layer4_Neurons_CPU |     array    |
|Layer4_Neurons_CPU_d0        | out |   32|  ap_memory | Layer4_Neurons_CPU |     array    |
+-----------------------------+-----+-----+------------+--------------------+--------------+

