#-----------------------------------------------------------
# Webtalk v2019.1 (64-bit)
# SW Build 2552052 on Fri May 24 14:47:09 MDT 2019
# 
# Start of session at: Thu Nov 18 15:38:19 2021
# Process ID: 34404
# Current directory: /home/iamgron/Documents/Fac/M2/FPGA2/projet/projet/projet.sdk/webtalk
# Command line: wbtcv -mode batch -source sdk_webtalk.tcl
# Log file: /home/iamgron/Documents/Fac/M2/FPGA2/projet/projet/projet.sdk/webtalk/webtalk.log
# Journal file: /home/iamgron/Documents/Fac/M2/FPGA2/projet/projet/projet.sdk/webtalk/webtalk.jou
#-----------------------------------------------------------
source sdk_webtalk.tcl
# webtalk_init -webtalk_dir /home/iamgron/Documents/Fac/M2/FPGA2/projet/projet/projet.sdk/webtalk
# webtalk_register_client -client project
# webtalk_add_data -client project -key date_generated -value "2021-11-18 15:38:17" -context "software_version_and_target_device"
# webtalk_add_data -client project -key product_version -value "SDK v2019.1" -context "software_version_and_target_device"
# webtalk_add_data -client project -key build_version -value "2019.1" -context "software_version_and_target_device"
# webtalk_add_data -client project -key os_platform -value "amd64" -context "software_version_and_target_device"
# webtalk_add_data -client project -key registration_id -value "212135050_1777562435_210743531_408" -context "software_version_and_target_device"
# webtalk_add_data -client project -key tool_flow -value "SDK" -context "software_version_and_target_device"
# webtalk_add_data -client project -key beta -value "false" -context "software_version_and_target_device"
# webtalk_add_data -client project -key route_design -value "NA" -context "software_version_and_target_device"
# webtalk_add_data -client project -key target_family -value "NA" -context "software_version_and_target_device"
# webtalk_add_data -client project -key target_device -value "NA" -context "software_version_and_target_device"
# webtalk_add_data -client project -key target_package -value "NA" -context "software_version_and_target_device"
# webtalk_add_data -client project -key target_speed -value "NA" -context "software_version_and_target_device"
# webtalk_add_data -client project -key random_id -value "7e64fvjlf16656q15m90n6qsg0" -context "software_version_and_target_device"
# webtalk_add_data -client project -key project_id -value "2019.1_3" -context "software_version_and_target_device"
# webtalk_add_data -client project -key project_iteration -value "3" -context "software_version_and_target_device"
# webtalk_add_data -client project -key os_name -value "Ubuntu" -context "user_environment"
# webtalk_add_data -client project -key os_release -value "Ubuntu 21.10" -context "user_environment"
# webtalk_add_data -client project -key cpu_name -value "AMD Ryzen 7 4700U with Radeon Graphics" -context "user_environment"
# webtalk_add_data -client project -key cpu_speed -value "1400.000 MHz" -context "user_environment"
# webtalk_add_data -client project -key total_processors -value "1" -context "user_environment"
# webtalk_add_data -client project -key system_ram -value "16,166 GB" -context "user_environment"
# webtalk_register_client -client sdk
# webtalk_add_data -client sdk -key uid -value "1637245025000" -context "sdk\\\\bsp/1637245025000"
# webtalk_add_data -client sdk -key hwid -value "1634821653000" -context "sdk\\\\bsp/1637245025000"
# webtalk_add_data -client sdk -key os -value "standalone" -context "sdk\\\\bsp/1637245025000"
# webtalk_add_data -client sdk -key apptemplate -value "empty_application" -context "sdk\\\\bsp/1637245025000"
# webtalk_add_data -client sdk -key RecordType -value "BSPCreation" -context "sdk\\\\bsp/1637245025000"
# webtalk_add_data -client sdk -key uid -value "1637245027000" -context "sdk\\\\application/1637245027000"
# webtalk_add_data -client sdk -key hwid -value "1634821653000" -context "sdk\\\\application/1637245027000"
# webtalk_add_data -client sdk -key bspid -value "1637245025000" -context "sdk\\\\application/1637245027000"
# webtalk_add_data -client sdk -key newbsp -value "true" -context "sdk\\\\application/1637245027000"
# webtalk_add_data -client sdk -key os -value "standalone" -context "sdk\\\\application/1637245027000"
# webtalk_add_data -client sdk -key apptemplate -value "empty_application" -context "sdk\\\\application/1637245027000"
# webtalk_add_data -client sdk -key RecordType -value "APPCreation" -context "sdk\\\\application/1637245027000"
# webtalk_add_data -client sdk -key LangUsed -value "C" -context "sdk\\\\application/1637245027000"
# webtalk_add_data -client sdk -key Procused -value "ps7_cortexa9" -context "sdk\\\\application/1637245027000"
# webtalk_add_data -client sdk -key projSize -value "826.4609375" -context "sdk\\\\application/1637245027000"
# webtalk_add_data -client sdk -key uid -value "NA" -context "sdk\\\\bsp/1637246297920"
# webtalk_add_data -client sdk -key RecordType -value "ToolUsage" -context "sdk\\\\bsp/1637246297920"
# webtalk_add_data -client sdk -key BootgenCount -value "0" -context "sdk\\\\bsp/1637246297920"
# webtalk_add_data -client sdk -key DebugCount -value "5" -context "sdk\\\\bsp/1637246297920"
# webtalk_add_data -client sdk -key PerfCount -value "0" -context "sdk\\\\bsp/1637246297920"
# webtalk_add_data -client sdk -key FlashCount -value "0" -context "sdk\\\\bsp/1637246297920"
# webtalk_add_data -client sdk -key CrossTriggCount -value "0" -context "sdk\\\\bsp/1637246297920"
# webtalk_add_data -client sdk -key QemuDebugCount -value "0" -context "sdk\\\\bsp/1637246297920"
# webtalk_transmit -clientid 4180810684 -regid "212135050_1777562435_210743531_408" -xml /home/iamgron/Documents/Fac/M2/FPGA2/projet/projet/projet.sdk/webtalk/usage_statistics_ext_sdk.xml -html /home/iamgron/Documents/Fac/M2/FPGA2/projet/projet/projet.sdk/webtalk/usage_statistics_ext_sdk.html -wdm /home/iamgron/Documents/Fac/M2/FPGA2/projet/projet/projet.sdk/webtalk/sdk_webtalk.wdm -intro "<H3>SDK Usage Report</H3><BR>"
INFO: [Common 17-186] '/home/iamgron/Documents/Fac/M2/FPGA2/projet/projet/projet.sdk/webtalk/usage_statistics_ext_sdk.xml' has been successfully sent to Xilinx on Thu Nov 18 15:38:23 2021. For additional details about this file, please refer to the WebTalk help file at /opt/xilinx/SDK/2019.1/doc/webtalk_introduction.html.
# webtalk_terminate
INFO: [Common 17-206] Exiting Webtalk at Thu Nov 18 15:38:23 2021...
