#-----------------------------------------------------------
# Webtalk v2019.1 (64-bit)
# SW Build 2552052 on Fri May 24 14:47:09 MDT 2019
# 
# Start of session at: Thu Oct 21 15:30:08 2021
# Process ID: 37782
# Current directory: /home/iamgron/Documents/Fac/M2/FPGA2/projet/FPGA2/projet/projet.sdk/webtalk
# Command line: wbtcv -mode batch -source sdk_webtalk.tcl
# Log file: /home/iamgron/Documents/Fac/M2/FPGA2/projet/FPGA2/projet/projet.sdk/webtalk/webtalk.log
# Journal file: /home/iamgron/Documents/Fac/M2/FPGA2/projet/FPGA2/projet/projet.sdk/webtalk/webtalk.jou
#-----------------------------------------------------------
source sdk_webtalk.tcl
# webtalk_init -webtalk_dir /home/iamgron/Documents/Fac/M2/FPGA2/projet/FPGA2/projet/projet.sdk/webtalk
# webtalk_register_client -client project
# webtalk_add_data -client project -key date_generated -value "2021-10-21 15:30:07" -context "software_version_and_target_device"
# webtalk_add_data -client project -key product_version -value "SDK v2019.1" -context "software_version_and_target_device"
# webtalk_add_data -client project -key build_version -value "2019.1" -context "software_version_and_target_device"
# webtalk_add_data -client project -key os_platform -value "amd64" -context "software_version_and_target_device"
# webtalk_add_data -client project -key registration_id -value "212135050_1777562435_210743531_408" -context "software_version_and_target_device"
# webtalk_add_data -client project -key tool_flow -value "SDK" -context "software_version_and_target_device"
# webtalk_add_data -client project -key beta -value "false" -context "software_version_and_target_device"
# webtalk_add_data -client project -key route_design -value "NA" -context "software_version_and_target_device"
# webtalk_add_data -client project -key target_family -value "NA" -context "software_version_and_target_device"
# webtalk_add_data -client project -key target_device -value "NA" -context "software_version_and_target_device"
# webtalk_add_data -client project -key target_package -value "NA" -context "software_version_and_target_device"
# webtalk_add_data -client project -key target_speed -value "NA" -context "software_version_and_target_device"
# webtalk_add_data -client project -key random_id -value "25g9vffgrqv5aoqgd7j9br08mg" -context "software_version_and_target_device"
# webtalk_add_data -client project -key project_id -value "2019.1_1" -context "software_version_and_target_device"
# webtalk_add_data -client project -key project_iteration -value "1" -context "software_version_and_target_device"
# webtalk_add_data -client project -key os_name -value "Ubuntu" -context "user_environment"
# webtalk_add_data -client project -key os_release -value "Ubuntu 21.10" -context "user_environment"
# webtalk_add_data -client project -key cpu_name -value "AMD Ryzen 7 4700U with Radeon Graphics" -context "user_environment"
# webtalk_add_data -client project -key cpu_speed -value "1400.000 MHz" -context "user_environment"
# webtalk_add_data -client project -key total_processors -value "1" -context "user_environment"
# webtalk_add_data -client project -key system_ram -value "16,166 GB" -context "user_environment"
# webtalk_register_client -client sdk
# webtalk_add_data -client sdk -key uid -value "1634821653000" -context "sdk\\\\hardware/1634821653000"
# webtalk_add_data -client sdk -key isZynq -value "true" -context "sdk\\\\hardware/1634821653000"
# webtalk_add_data -client sdk -key isZynqMP -value "false" -context "sdk\\\\hardware/1634821653000"
# webtalk_add_data -client sdk -key Processors -value "2" -context "sdk\\\\hardware/1634821653000"
# webtalk_add_data -client sdk -key VivadoVersion -value "2019.1" -context "sdk\\\\hardware/1634821653000"
# webtalk_add_data -client sdk -key Arch -value "zynq" -context "sdk\\\\hardware/1634821653000"
# webtalk_add_data -client sdk -key Device -value "7z020" -context "sdk\\\\hardware/1634821653000"
# webtalk_add_data -client sdk -key IsHandoff -value "true" -context "sdk\\\\hardware/1634821653000"
# webtalk_add_data -client sdk -key os -value "NA" -context "sdk\\\\hardware/1634821653000"
# webtalk_add_data -client sdk -key apptemplate -value "NA" -context "sdk\\\\hardware/1634821653000"
# webtalk_add_data -client sdk -key RecordType -value "HWCreation" -context "sdk\\\\hardware/1634821653000"
# webtalk_add_data -client sdk -key uid -value "1634821853000" -context "sdk\\\\bsp/1634821853000"
# webtalk_add_data -client sdk -key hwid -value "1634821653000" -context "sdk\\\\bsp/1634821853000"
# webtalk_add_data -client sdk -key os -value "standalone" -context "sdk\\\\bsp/1634821853000"
# webtalk_add_data -client sdk -key apptemplate -value "empty_application" -context "sdk\\\\bsp/1634821853000"
# webtalk_add_data -client sdk -key RecordType -value "BSPCreation" -context "sdk\\\\bsp/1634821853000"
# webtalk_add_data -client sdk -key uid -value "1634821854000" -context "sdk\\\\application/1634821854000"
# webtalk_add_data -client sdk -key hwid -value "1634821653000" -context "sdk\\\\application/1634821854000"
# webtalk_add_data -client sdk -key bspid -value "1634821853000" -context "sdk\\\\application/1634821854000"
# webtalk_add_data -client sdk -key newbsp -value "true" -context "sdk\\\\application/1634821854000"
# webtalk_add_data -client sdk -key os -value "standalone" -context "sdk\\\\application/1634821854000"
# webtalk_add_data -client sdk -key apptemplate -value "empty_application" -context "sdk\\\\application/1634821854000"
# webtalk_add_data -client sdk -key RecordType -value "APPCreation" -context "sdk\\\\application/1634821854000"
# webtalk_add_data -client sdk -key LangUsed -value "C" -context "sdk\\\\application/1634821854000"
# webtalk_add_data -client sdk -key Procused -value "ps7_cortexa9" -context "sdk\\\\application/1634821854000"
# webtalk_add_data -client sdk -key projSize -value "232.828125" -context "sdk\\\\application/1634821854000"
# webtalk_add_data -client sdk -key uid -value "NA" -context "sdk\\\\bsp/1634823007290"
# webtalk_add_data -client sdk -key RecordType -value "ToolUsage" -context "sdk\\\\bsp/1634823007290"
# webtalk_add_data -client sdk -key BootgenCount -value "0" -context "sdk\\\\bsp/1634823007290"
# webtalk_add_data -client sdk -key DebugCount -value "0" -context "sdk\\\\bsp/1634823007290"
# webtalk_add_data -client sdk -key PerfCount -value "0" -context "sdk\\\\bsp/1634823007290"
# webtalk_add_data -client sdk -key FlashCount -value "0" -context "sdk\\\\bsp/1634823007290"
# webtalk_add_data -client sdk -key CrossTriggCount -value "0" -context "sdk\\\\bsp/1634823007290"
# webtalk_add_data -client sdk -key QemuDebugCount -value "0" -context "sdk\\\\bsp/1634823007290"
# webtalk_transmit -clientid 2295225847 -regid "212135050_1777562435_210743531_408" -xml /home/iamgron/Documents/Fac/M2/FPGA2/projet/FPGA2/projet/projet.sdk/webtalk/usage_statistics_ext_sdk.xml -html /home/iamgron/Documents/Fac/M2/FPGA2/projet/FPGA2/projet/projet.sdk/webtalk/usage_statistics_ext_sdk.html -wdm /home/iamgron/Documents/Fac/M2/FPGA2/projet/FPGA2/projet/projet.sdk/webtalk/sdk_webtalk.wdm -intro "<H3>SDK Usage Report</H3><BR>"
webtalk_transmit: Time (s): cpu = 00:00:00.68 ; elapsed = 00:00:06 . Memory (MB): peak = 372.918 ; gain = 0.000 ; free physical = 4059 ; free virtual = 11851
# webtalk_terminate
INFO: [Common 17-206] Exiting Webtalk at Thu Oct 21 15:30:13 2021...
